#
# There is insufficient memory for the Java Runtime Environment to continue.
# Native memory allocation (malloc) failed to allocate 1328176 bytes for Chunk::new
# Possible reasons:
#   The system is out of physical RAM or swap space
#   The process is running with CompressedOops enabled, and the Java Heap may be blocking the growth of the native heap
# Possible solutions:
#   Reduce memory load on the system
#   Increase physical memory or swap space
#   Check if swap backing store is full
#   Decrease Java heap size (-Xmx/-Xms)
#   Decrease number of Java threads
#   Decrease Java thread stack sizes (-Xss)
#   Set larger code cache with -XX:ReservedCodeCacheSize=
#   JVM is running with Unscaled Compressed Oops mode in which the Java heap is
#     placed in the first 4GB address space. The Java Heap base address is the
#     maximum limit for the native heap growth. Please use -XX:HeapBaseMinAddress
#     to set the Java Heap base and to place the Java Heap above 4GB virtual address.
# This output file may be truncated or incomplete.
#
#  Out of Memory Error (./open/src/hotspot/share/memory/arena.cpp:195), pid=23344, tid=23456
#
# JRE version: Java(TM) SE Runtime Environment (15.0.2+7) (build 15.0.2+7-27)
# Java VM: Java HotSpot(TM) 64-Bit Server VM (15.0.2+7-27, mixed mode, sharing, tiered, compressed oops, g1 gc, windows-amd64)
# No core dump will be written. Minidumps are not enabled by default on client versions of Windows
#

---------------  S U M M A R Y ------------

Command Line: --add-opens=java.base/java.util=ALL-UNNAMED --add-opens=java.base/java.lang=ALL-UNNAMED --add-opens=java.base/java.lang.invoke=ALL-UNNAMED --add-opens=java.prefs/java.util.prefs=ALL-UNNAMED -XX:MaxMetaspaceSize=256m -XX:+HeapDumpOnOutOfMemoryError -Xms256m -Xmx512m -Dfile.encoding=windows-1252 -Duser.country=BR -Duser.language=pt -Duser.variant org.gradle.launcher.daemon.bootstrap.GradleDaemon 6.7

Host: AMD Ryzen 5 3350G with Radeon Vega Graphics    , 8 cores, 7G,  Windows 10 , 64 bit Build 19041 (10.0.19041.804)
Time: Mon Mar 15 12:56:09 2021 Hora oficial do Brasil elapsed time: 73.713712 seconds (0d 0h 1m 13s)

---------------  T H R E A D  ---------------

Current thread (0x0000018eff8e78b0):  JavaThread "C2 CompilerThread0" daemon [_thread_in_native, id=23456, stack(0x000000590df00000,0x000000590e000000)]


Current CompileTask:
C2:  73713 5948       4       org.gradle.internal.service.DefaultServiceRegistry$OwnServices$ProviderAnalyser::analyseType (114 bytes)

Stack: [0x000000590df00000,0x000000590e000000]
Native frames: (J=compiled Java code, j=interpreted, Vv=VM code, C=native code)
V  [jvm.dll+0x62ae9a]
V  [jvm.dll+0x7817a9]
V  [jvm.dll+0x782f03]
V  [jvm.dll+0x783563]
V  [jvm.dll+0x216325]
V  [jvm.dll+0x97f3a]
V  [jvm.dll+0x9861c]
V  [jvm.dll+0x32e2a8]
V  [jvm.dll+0x18e3b1]
V  [jvm.dll+0x1ea822]
V  [jvm.dll+0x1e996e]
V  [jvm.dll+0x178567]
V  [jvm.dll+0x1f9225]
V  [jvm.dll+0x1f72cc]
V  [jvm.dll+0x74495d]
V  [jvm.dll+0x73d75a]
V  [jvm.dll+0x629c56]
C  [ucrtbase.dll+0x21bb2]
C  [KERNEL32.DLL+0x17034]
C  [ntdll.dll+0x52651]


---------------  P R O C E S S  ---------------

Threads class SMR info:
_java_thread_list=0x0000018effd2b1b0, length=26, elements={
0x0000018ef36217b0, 0x0000018eff8c7970, 0x0000018eff8c8450, 0x0000018eff8e2820,
0x0000018eff8e41f0, 0x0000018eff8e6bc0, 0x0000018eff8e78b0, 0x0000018eff8e82b0,
0x0000018eff8e8cb0, 0x0000018effb34c20, 0x0000018effb4d180, 0x0000018e90f8fba0,
0x0000018e8fd93600, 0x0000018e9098d230, 0x0000018e9098d700, 0x0000018e909b3f40,
0x0000018e8fd7e270, 0x0000018e8fd7c590, 0x0000018e8fd7d8d0, 0x0000018e8fd7c0c0,
0x0000018e91eba3c0, 0x0000018e91eb8210, 0x0000018e91eb6060, 0x0000018e91ebb700,
0x0000018e91ebca40, 0x0000018e91c3ce40
}

Java Threads: ( => current thread )
  0x0000018ef36217b0 JavaThread "main" [_thread_blocked, id=23408, stack(0x000000590d300000,0x000000590d400000)]
  0x0000018eff8c7970 JavaThread "Reference Handler" daemon [_thread_blocked, id=23436, stack(0x000000590da00000,0x000000590db00000)]
  0x0000018eff8c8450 JavaThread "Finalizer" daemon [_thread_blocked, id=23440, stack(0x000000590db00000,0x000000590dc00000)]
  0x0000018eff8e2820 JavaThread "Signal Dispatcher" daemon [_thread_blocked, id=23444, stack(0x000000590dc00000,0x000000590dd00000)]
  0x0000018eff8e41f0 JavaThread "Attach Listener" daemon [_thread_blocked, id=23448, stack(0x000000590dd00000,0x000000590de00000)]
  0x0000018eff8e6bc0 JavaThread "Service Thread" daemon [_thread_blocked, id=23452, stack(0x000000590de00000,0x000000590df00000)]
=>0x0000018eff8e78b0 JavaThread "C2 CompilerThread0" daemon [_thread_in_native, id=23456, stack(0x000000590df00000,0x000000590e000000)]
  0x0000018eff8e82b0 JavaThread "C1 CompilerThread0" daemon [_thread_blocked, id=23460, stack(0x000000590e000000,0x000000590e100000)]
  0x0000018eff8e8cb0 JavaThread "Sweeper thread" daemon [_thread_blocked, id=23464, stack(0x000000590e100000,0x000000590e200000)]
  0x0000018effb34c20 JavaThread "Common-Cleaner" daemon [_thread_blocked, id=23468, stack(0x000000590e200000,0x000000590e300000)]
  0x0000018effb4d180 JavaThread "Notification Thread" daemon [_thread_blocked, id=23472, stack(0x000000590e300000,0x000000590e400000)]
  0x0000018e90f8fba0 JavaThread "Daemon health stats" [_thread_blocked, id=23520, stack(0x000000590ec00000,0x000000590ed00000)]
  0x0000018e8fd93600 JavaThread "Incoming local TCP Connector on port 32853" [_thread_in_native, id=23532, stack(0x000000590ef00000,0x000000590f000000)]
  0x0000018e9098d230 JavaThread "Daemon periodic checks" [_thread_blocked, id=23536, stack(0x000000590f000000,0x000000590f100000)]
  0x0000018e9098d700 JavaThread "Daemon" [_thread_blocked, id=23540, stack(0x000000590f100000,0x000000590f200000)]
  0x0000018e909b3f40 JavaThread "Daemon worker" [_thread_blocked, id=22448, stack(0x000000590f400000,0x000000590f500000)]
  0x0000018e8fd7e270 JavaThread "Cache worker for file hash cache (C:\Users\Pichau\.gradle\caches\6.7\fileHashes)" [_thread_blocked, id=13332, stack(0x000000590f800000,0x000000590f900000)]
  0x0000018e8fd7c590 JavaThread "File lock request listener" [_thread_in_native, id=1292, stack(0x000000590f900000,0x000000590fa00000)]
  0x0000018e8fd7d8d0 JavaThread "Cache worker for journal cache (C:\Users\Pichau\.gradle\caches\journal-1)" [_thread_blocked, id=18732, stack(0x000000590e600000,0x000000590e700000)]
  0x0000018e8fd7c0c0 JavaThread "Cache worker for execution history cache (C:\Users\Pichau\.gradle\caches\6.7\executionHistory)" [_thread_blocked, id=12328, stack(0x000000590fe00000,0x000000590ff00000)]
  0x0000018e91eba3c0 JavaThread "Cache worker for file content cache (C:\Users\Pichau\.gradle\caches\6.7\fileContent)" [_thread_blocked, id=20460, stack(0x0000005910300000,0x0000005910400000)]
  0x0000018e91eb8210 JavaThread "Memory manager" [_thread_blocked, id=4920, stack(0x0000005910500000,0x0000005910600000)]
  0x0000018e91eb6060 JavaThread "Exec process" [_thread_blocked, id=6472, stack(0x0000005910e00000,0x0000005910f00000)]
  0x0000018e91ebb700 JavaThread "Exec process Thread 2" [_thread_blocked, id=18712, stack(0x0000005910f00000,0x0000005911000000)]
  0x0000018e91ebca40 JavaThread "Exec process Thread 3" [_thread_blocked, id=11048, stack(0x0000005911000000,0x0000005911100000)]
  0x0000018e91c3ce40 JavaThread "Cache worker for Java compile cache (C:\Users\Pichau\.gradle\caches\6.7\javaCompile)" [_thread_blocked, id=10500, stack(0x0000005911100000,0x0000005911200000)]

Other Threads:
  0x0000018eff8c1060 VMThread "VM Thread" [stack: 0x000000590d900000,0x000000590da00000] [id=23432]
  0x0000018effb65910 WatcherThread [stack: 0x000000590e400000,0x000000590e500000] [id=23476]
  0x0000018ef3649370 GCTaskThread "GC Thread#0" [stack: 0x000000590d400000,0x000000590d500000] [id=23412]
  0x0000018e9048ce70 GCTaskThread "GC Thread#1" [stack: 0x000000590e700000,0x000000590e800000] [id=23500]
  0x0000018e9048bb50 GCTaskThread "GC Thread#2" [stack: 0x000000590e800000,0x000000590e900000] [id=23504]
  0x0000018e9048ae90 GCTaskThread "GC Thread#3" [stack: 0x000000590e900000,0x000000590ea00000] [id=23508]
  0x0000018e9048ab60 GCTaskThread "GC Thread#4" [stack: 0x000000590ea00000,0x000000590eb00000] [id=23512]
  0x0000018e9048d1a0 GCTaskThread "GC Thread#5" [stack: 0x000000590eb00000,0x000000590ec00000] [id=23516]
  0x0000018e9048c1b0 GCTaskThread "GC Thread#6" [stack: 0x000000590ff00000,0x0000005910000000] [id=16156]
  0x0000018e9048c810 GCTaskThread "GC Thread#7" [stack: 0x0000005910000000,0x0000005910100000] [id=20540]
  0x0000018ef36503f0 ConcurrentGCThread "G1 Main Marker" [stack: 0x000000590d500000,0x000000590d600000] [id=23416]
  0x0000018ef3650ef0 ConcurrentGCThread "G1 Conc#0" [stack: 0x000000590d600000,0x000000590d700000] [id=23420]
  0x0000018e90489840 ConcurrentGCThread "G1 Conc#1" [stack: 0x0000005910100000,0x0000005910200000] [id=9424]
  0x0000018ef36fd640 ConcurrentGCThread "G1 Refine#0" [stack: 0x000000590d700000,0x000000590d800000] [id=23424]
  0x0000018ef36fe150 ConcurrentGCThread "G1 Young RemSet Sampling" [stack: 0x000000590d800000,0x000000590d900000] [id=23428]

Threads with active compile tasks:
C2 CompilerThread0    73847 5948       4       org.gradle.internal.service.DefaultServiceRegistry$OwnServices$ProviderAnalyser::analyseType (114 bytes)

VM state: not at safepoint (normal execution)

VM Mutex/Monitor currently owned by a thread: None

Heap address: 0x00000000e0000000, size: 512 MB, Compressed Oops mode: 32-bit
CDS archive(s) mapped at: [0x0000000800000000-0x0000000800b50000-0x0000000800b50000), size 11862016, SharedBaseAddress: 0x0000000800000000, ArchiveRelocationMode: 0.
Compressed class space mapped at: 0x0000000800b50000-0x0000000810350000, size: 260046848
Narrow klass base: 0x0000000800000000, Narrow klass shift: 3, Narrow klass range: 0x100000000

GC Precious Log:
 CPUs: 8 total, 8 available
 Memory: 8123M
 Large Page Support: Disabled
 NUMA Support: Disabled
 Compressed Oops: Enabled (32-bit)
 Heap Region Size: 1M
 Heap Min Capacity: 256M
 Heap Initial Capacity: 256M
 Heap Max Capacity: 512M
 Pre-touch: Disabled
 Parallel Workers: 8
 Concurrent Workers: 2
 Concurrent Refinement Workers: 8
 Periodic GC: Disabled

Heap:
 garbage-first heap   total 262144K, used 45003K [0x00000000e0000000, 0x0000000100000000)
  region size 1024K, 27 young (27648K), 18 survivors (18432K)
 Metaspace       used 51155K, capacity 52255K, committed 52400K, reserved 301056K
  class space    used 6823K, capacity 7084K, committed 7168K, reserved 253952K

Heap Regions: E=young(eden), S=young(survivor), O=old, HS=humongous(starts), HC=humongous(continues), CS=collection set, F=free, OA=open archive, CA=closed archive, TAMS=top-at-mark-start (previous, next)
|   0|0x00000000e0000000, 0x00000000e0100000, 0x00000000e0100000|100%| O|  |TAMS 0x00000000e0100000, 0x00000000e0000000| Untracked 
|   1|0x00000000e0100000, 0x00000000e0200000, 0x00000000e0200000|100%| O|  |TAMS 0x00000000e0200000, 0x00000000e0100000| Untracked 
|   2|0x00000000e0200000, 0x00000000e0300000, 0x00000000e0300000|100%| O|  |TAMS 0x00000000e02c0200, 0x00000000e0200000| Untracked 
|   3|0x00000000e0300000, 0x00000000e0400000, 0x00000000e0400000|100%|HS|  |TAMS 0x00000000e0400000, 0x00000000e0300000| Complete 
|   4|0x00000000e0400000, 0x00000000e0500000, 0x00000000e0500000|100%|HC|  |TAMS 0x00000000e0500000, 0x00000000e0400000| Complete 
|   5|0x00000000e0500000, 0x00000000e0600000, 0x00000000e0600000|100%|HC|  |TAMS 0x00000000e0600000, 0x00000000e0500000| Complete 
|   6|0x00000000e0600000, 0x00000000e0700000, 0x00000000e0700000|100%| O|  |TAMS 0x00000000e0700000, 0x00000000e0600000| Untracked 
|   7|0x00000000e0700000, 0x00000000e0800000, 0x00000000e0800000|100%| O|  |TAMS 0x00000000e0800000, 0x00000000e0700000| Untracked 
|   8|0x00000000e0800000, 0x00000000e0900000, 0x00000000e0900000|100%| O|  |TAMS 0x00000000e0900000, 0x00000000e0800000| Untracked 
|   9|0x00000000e0900000, 0x00000000e0a00000, 0x00000000e0a00000|100%| O|  |TAMS 0x00000000e0900000, 0x00000000e0900000| Untracked 
|  10|0x00000000e0a00000, 0x00000000e0b00000, 0x00000000e0b00000|100%| O|  |TAMS 0x00000000e0a00000, 0x00000000e0a00000| Untracked 
|  11|0x00000000e0b00000, 0x00000000e0c00000, 0x00000000e0c00000|100%| O|  |TAMS 0x00000000e0b00000, 0x00000000e0b00000| Untracked 
|  12|0x00000000e0c00000, 0x00000000e0d00000, 0x00000000e0d00000|100%| O|  |TAMS 0x00000000e0c00000, 0x00000000e0c00000| Untracked 
|  13|0x00000000e0d00000, 0x00000000e0e00000, 0x00000000e0e00000|100%| O|  |TAMS 0x00000000e0d00000, 0x00000000e0d00000| Untracked 
|  14|0x00000000e0e00000, 0x00000000e0f00000, 0x00000000e0f00000|100%| O|  |TAMS 0x00000000e0e00000, 0x00000000e0e00000| Untracked 
|  15|0x00000000e0f00000, 0x00000000e1000000, 0x00000000e1000000|100%| O|  |TAMS 0x00000000e0f00000, 0x00000000e0f00000| Untracked 
|  16|0x00000000e1000000, 0x00000000e1100000, 0x00000000e1100000|100%| O|  |TAMS 0x00000000e1000000, 0x00000000e1000000| Untracked 
|  17|0x00000000e1100000, 0x00000000e1200000, 0x00000000e1200000|100%| O|  |TAMS 0x00000000e1100000, 0x00000000e1100000| Untracked 
|  18|0x00000000e1200000, 0x00000000e120f600, 0x00000000e1300000|  6%| O|  |TAMS 0x00000000e1200000, 0x00000000e1200000| Untracked 
|  19|0x00000000e1300000, 0x00000000e1300000, 0x00000000e1400000|  0%| F|  |TAMS 0x00000000e1300000, 0x00000000e1300000| Untracked 
|  20|0x00000000e1400000, 0x00000000e1400000, 0x00000000e1500000|  0%| F|  |TAMS 0x00000000e1400000, 0x00000000e1400000| Untracked 
|  21|0x00000000e1500000, 0x00000000e1500000, 0x00000000e1600000|  0%| F|  |TAMS 0x00000000e1500000, 0x00000000e1500000| Untracked 
|  22|0x00000000e1600000, 0x00000000e1600000, 0x00000000e1700000|  0%| F|  |TAMS 0x00000000e1600000, 0x00000000e1600000| Untracked 
|  23|0x00000000e1700000, 0x00000000e1700000, 0x00000000e1800000|  0%| F|  |TAMS 0x00000000e1700000, 0x00000000e1700000| Untracked 
|  24|0x00000000e1800000, 0x00000000e1800000, 0x00000000e1900000|  0%| F|  |TAMS 0x00000000e1800000, 0x00000000e1800000| Untracked 
|  25|0x00000000e1900000, 0x00000000e1900000, 0x00000000e1a00000|  0%| F|  |TAMS 0x00000000e1900000, 0x00000000e1900000| Untracked 
|  26|0x00000000e1a00000, 0x00000000e1a00000, 0x00000000e1b00000|  0%| F|  |TAMS 0x00000000e1a00000, 0x00000000e1a00000| Untracked 
|  27|0x00000000e1b00000, 0x00000000e1b00000, 0x00000000e1c00000|  0%| F|  |TAMS 0x00000000e1b00000, 0x00000000e1b00000| Untracked 
|  28|0x00000000e1c00000, 0x00000000e1c00000, 0x00000000e1d00000|  0%| F|  |TAMS 0x00000000e1c00000, 0x00000000e1c00000| Untracked 
|  29|0x00000000e1d00000, 0x00000000e1d00000, 0x00000000e1e00000|  0%| F|  |TAMS 0x00000000e1d00000, 0x00000000e1d00000| Untracked 
|  30|0x00000000e1e00000, 0x00000000e1e00000, 0x00000000e1f00000|  0%| F|  |TAMS 0x00000000e1e00000, 0x00000000e1e00000| Untracked 
|  31|0x00000000e1f00000, 0x00000000e1f00000, 0x00000000e2000000|  0%| F|  |TAMS 0x00000000e1f00000, 0x00000000e1f00000| Untracked 
|  32|0x00000000e2000000, 0x00000000e2000000, 0x00000000e2100000|  0%| F|  |TAMS 0x00000000e2000000, 0x00000000e2000000| Untracked 
|  33|0x00000000e2100000, 0x00000000e2100000, 0x00000000e2200000|  0%| F|  |TAMS 0x00000000e2100000, 0x00000000e2100000| Untracked 
|  34|0x00000000e2200000, 0x00000000e2200000, 0x00000000e2300000|  0%| F|  |TAMS 0x00000000e2200000, 0x00000000e2200000| Untracked 
|  35|0x00000000e2300000, 0x00000000e2300000, 0x00000000e2400000|  0%| F|  |TAMS 0x00000000e2300000, 0x00000000e2300000| Untracked 
|  36|0x00000000e2400000, 0x00000000e2400000, 0x00000000e2500000|  0%| F|  |TAMS 0x00000000e2400000, 0x00000000e2400000| Untracked 
|  37|0x00000000e2500000, 0x00000000e2500000, 0x00000000e2600000|  0%| F|  |TAMS 0x00000000e2500000, 0x00000000e2500000| Untracked 
|  38|0x00000000e2600000, 0x00000000e2600000, 0x00000000e2700000|  0%| F|  |TAMS 0x00000000e2600000, 0x00000000e2600000| Untracked 
|  39|0x00000000e2700000, 0x00000000e2700000, 0x00000000e2800000|  0%| F|  |TAMS 0x00000000e2700000, 0x00000000e2700000| Untracked 
|  40|0x00000000e2800000, 0x00000000e2800000, 0x00000000e2900000|  0%| F|  |TAMS 0x00000000e2800000, 0x00000000e2800000| Untracked 
|  41|0x00000000e2900000, 0x00000000e2900000, 0x00000000e2a00000|  0%| F|  |TAMS 0x00000000e2900000, 0x00000000e2900000| Untracked 
|  42|0x00000000e2a00000, 0x00000000e2a00000, 0x00000000e2b00000|  0%| F|  |TAMS 0x00000000e2a00000, 0x00000000e2a00000| Untracked 
|  43|0x00000000e2b00000, 0x00000000e2b00000, 0x00000000e2c00000|  0%| F|  |TAMS 0x00000000e2b00000, 0x00000000e2b00000| Untracked 
|  44|0x00000000e2c00000, 0x00000000e2c00000, 0x00000000e2d00000|  0%| F|  |TAMS 0x00000000e2c00000, 0x00000000e2c00000| Untracked 
|  45|0x00000000e2d00000, 0x00000000e2d00000, 0x00000000e2e00000|  0%| F|  |TAMS 0x00000000e2d00000, 0x00000000e2d00000| Untracked 
|  46|0x00000000e2e00000, 0x00000000e2e00000, 0x00000000e2f00000|  0%| F|  |TAMS 0x00000000e2e00000, 0x00000000e2e00000| Untracked 
|  47|0x00000000e2f00000, 0x00000000e2f00000, 0x00000000e3000000|  0%| F|  |TAMS 0x00000000e2f00000, 0x00000000e2f00000| Untracked 
|  48|0x00000000e3000000, 0x00000000e3000000, 0x00000000e3100000|  0%| F|  |TAMS 0x00000000e3000000, 0x00000000e3000000| Untracked 
|  49|0x00000000e3100000, 0x00000000e3100000, 0x00000000e3200000|  0%| F|  |TAMS 0x00000000e3100000, 0x00000000e3100000| Untracked 
|  50|0x00000000e3200000, 0x00000000e3200000, 0x00000000e3300000|  0%| F|  |TAMS 0x00000000e3200000, 0x00000000e3200000| Untracked 
|  51|0x00000000e3300000, 0x00000000e3300000, 0x00000000e3400000|  0%| F|  |TAMS 0x00000000e3300000, 0x00000000e3300000| Untracked 
|  52|0x00000000e3400000, 0x00000000e3400000, 0x00000000e3500000|  0%| F|  |TAMS 0x00000000e3400000, 0x00000000e3400000| Untracked 
|  53|0x00000000e3500000, 0x00000000e3500000, 0x00000000e3600000|  0%| F|  |TAMS 0x00000000e3500000, 0x00000000e3500000| Untracked 
|  54|0x00000000e3600000, 0x00000000e3600000, 0x00000000e3700000|  0%| F|  |TAMS 0x00000000e3600000, 0x00000000e3600000| Untracked 
|  55|0x00000000e3700000, 0x00000000e3700000, 0x00000000e3800000|  0%| F|  |TAMS 0x00000000e3700000, 0x00000000e3700000| Untracked 
|  56|0x00000000e3800000, 0x00000000e3800000, 0x00000000e3900000|  0%| F|  |TAMS 0x00000000e3800000, 0x00000000e3800000| Untracked 
|  57|0x00000000e3900000, 0x00000000e3900000, 0x00000000e3a00000|  0%| F|  |TAMS 0x00000000e3900000, 0x00000000e3900000| Untracked 
|  58|0x00000000e3a00000, 0x00000000e3a00000, 0x00000000e3b00000|  0%| F|  |TAMS 0x00000000e3a00000, 0x00000000e3a00000| Untracked 
|  59|0x00000000e3b00000, 0x00000000e3b00000, 0x00000000e3c00000|  0%| F|  |TAMS 0x00000000e3b00000, 0x00000000e3b00000| Untracked 
|  60|0x00000000e3c00000, 0x00000000e3c00000, 0x00000000e3d00000|  0%| F|  |TAMS 0x00000000e3c00000, 0x00000000e3c00000| Untracked 
|  61|0x00000000e3d00000, 0x00000000e3d00000, 0x00000000e3e00000|  0%| F|  |TAMS 0x00000000e3d00000, 0x00000000e3d00000| Untracked 
|  62|0x00000000e3e00000, 0x00000000e3e00000, 0x00000000e3f00000|  0%| F|  |TAMS 0x00000000e3e00000, 0x00000000e3e00000| Untracked 
|  63|0x00000000e3f00000, 0x00000000e3f00000, 0x00000000e4000000|  0%| F|  |TAMS 0x00000000e3f00000, 0x00000000e3f00000| Untracked 
|  64|0x00000000e4000000, 0x00000000e4000000, 0x00000000e4100000|  0%| F|  |TAMS 0x00000000e4000000, 0x00000000e4000000| Untracked 
|  65|0x00000000e4100000, 0x00000000e4100000, 0x00000000e4200000|  0%| F|  |TAMS 0x00000000e4100000, 0x00000000e4100000| Untracked 
|  66|0x00000000e4200000, 0x00000000e4200000, 0x00000000e4300000|  0%| F|  |TAMS 0x00000000e4200000, 0x00000000e4200000| Untracked 
|  67|0x00000000e4300000, 0x00000000e4300000, 0x00000000e4400000|  0%| F|  |TAMS 0x00000000e4300000, 0x00000000e4300000| Untracked 
|  68|0x00000000e4400000, 0x00000000e4400000, 0x00000000e4500000|  0%| F|  |TAMS 0x00000000e4400000, 0x00000000e4400000| Untracked 
|  69|0x00000000e4500000, 0x00000000e4500000, 0x00000000e4600000|  0%| F|  |TAMS 0x00000000e4500000, 0x00000000e4500000| Untracked 
|  70|0x00000000e4600000, 0x00000000e4600000, 0x00000000e4700000|  0%| F|  |TAMS 0x00000000e4600000, 0x00000000e4600000| Untracked 
|  71|0x00000000e4700000, 0x00000000e4700000, 0x00000000e4800000|  0%| F|  |TAMS 0x00000000e4700000, 0x00000000e4700000| Untracked 
|  72|0x00000000e4800000, 0x00000000e4800000, 0x00000000e4900000|  0%| F|  |TAMS 0x00000000e4800000, 0x00000000e4800000| Untracked 
|  73|0x00000000e4900000, 0x00000000e4900000, 0x00000000e4a00000|  0%| F|  |TAMS 0x00000000e4900000, 0x00000000e4900000| Untracked 
|  74|0x00000000e4a00000, 0x00000000e4a00000, 0x00000000e4b00000|  0%| F|  |TAMS 0x00000000e4a00000, 0x00000000e4a00000| Untracked 
|  75|0x00000000e4b00000, 0x00000000e4b00000, 0x00000000e4c00000|  0%| F|  |TAMS 0x00000000e4b00000, 0x00000000e4b00000| Untracked 
|  76|0x00000000e4c00000, 0x00000000e4c00000, 0x00000000e4d00000|  0%| F|  |TAMS 0x00000000e4c00000, 0x00000000e4c00000| Untracked 
|  77|0x00000000e4d00000, 0x00000000e4d00000, 0x00000000e4e00000|  0%| F|  |TAMS 0x00000000e4d00000, 0x00000000e4d00000| Untracked 
|  78|0x00000000e4e00000, 0x00000000e4e00000, 0x00000000e4f00000|  0%| F|  |TAMS 0x00000000e4e00000, 0x00000000e4e00000| Untracked 
|  79|0x00000000e4f00000, 0x00000000e4f00000, 0x00000000e5000000|  0%| F|  |TAMS 0x00000000e4f00000, 0x00000000e4f00000| Untracked 
|  80|0x00000000e5000000, 0x00000000e5000000, 0x00000000e5100000|  0%| F|  |TAMS 0x00000000e5000000, 0x00000000e5000000| Untracked 
|  81|0x00000000e5100000, 0x00000000e5100000, 0x00000000e5200000|  0%| F|  |TAMS 0x00000000e5100000, 0x00000000e5100000| Untracked 
|  82|0x00000000e5200000, 0x00000000e5200000, 0x00000000e5300000|  0%| F|  |TAMS 0x00000000e5200000, 0x00000000e5200000| Untracked 
|  83|0x00000000e5300000, 0x00000000e5300000, 0x00000000e5400000|  0%| F|  |TAMS 0x00000000e5300000, 0x00000000e5300000| Untracked 
|  84|0x00000000e5400000, 0x00000000e5400000, 0x00000000e5500000|  0%| F|  |TAMS 0x00000000e5400000, 0x00000000e5400000| Untracked 
|  85|0x00000000e5500000, 0x00000000e55e3700, 0x00000000e5600000| 88%| S|CS|TAMS 0x00000000e5500000, 0x00000000e5500000| Complete 
|  86|0x00000000e5600000, 0x00000000e5700000, 0x00000000e5700000|100%| S|CS|TAMS 0x00000000e5600000, 0x00000000e5600000| Complete 
|  87|0x00000000e5700000, 0x00000000e5800000, 0x00000000e5800000|100%| S|CS|TAMS 0x00000000e5700000, 0x00000000e5700000| Complete 
|  88|0x00000000e5800000, 0x00000000e5900000, 0x00000000e5900000|100%| S|CS|TAMS 0x00000000e5800000, 0x00000000e5800000| Complete 
|  89|0x00000000e5900000, 0x00000000e5a00000, 0x00000000e5a00000|100%| S|CS|TAMS 0x00000000e5900000, 0x00000000e5900000| Complete 
|  90|0x00000000e5a00000, 0x00000000e5b00000, 0x00000000e5b00000|100%| S|CS|TAMS 0x00000000e5a00000, 0x00000000e5a00000| Complete 
|  91|0x00000000e5b00000, 0x00000000e5c00000, 0x00000000e5c00000|100%| S|CS|TAMS 0x00000000e5b00000, 0x00000000e5b00000| Complete 
|  92|0x00000000e5c00000, 0x00000000e5d00000, 0x00000000e5d00000|100%| S|CS|TAMS 0x00000000e5c00000, 0x00000000e5c00000| Complete 
|  93|0x00000000e5d00000, 0x00000000e5e00000, 0x00000000e5e00000|100%| S|CS|TAMS 0x00000000e5d00000, 0x00000000e5d00000| Complete 
|  94|0x00000000e5e00000, 0x00000000e5f00000, 0x00000000e5f00000|100%| S|CS|TAMS 0x00000000e5e00000, 0x00000000e5e00000| Complete 
|  95|0x00000000e5f00000, 0x00000000e6000000, 0x00000000e6000000|100%| S|CS|TAMS 0x00000000e5f00000, 0x00000000e5f00000| Complete 
|  96|0x00000000e6000000, 0x00000000e6100000, 0x00000000e6100000|100%| S|CS|TAMS 0x00000000e6000000, 0x00000000e6000000| Complete 
|  97|0x00000000e6100000, 0x00000000e6200000, 0x00000000e6200000|100%| S|CS|TAMS 0x00000000e6100000, 0x00000000e6100000| Complete 
|  98|0x00000000e6200000, 0x00000000e6300000, 0x00000000e6300000|100%| S|CS|TAMS 0x00000000e6200000, 0x00000000e6200000| Complete 
|  99|0x00000000e6300000, 0x00000000e6400000, 0x00000000e6400000|100%| S|CS|TAMS 0x00000000e6300000, 0x00000000e6300000| Complete 
| 100|0x00000000e6400000, 0x00000000e6500000, 0x00000000e6500000|100%| S|CS|TAMS 0x00000000e6400000, 0x00000000e6400000| Complete 
| 101|0x00000000e6500000, 0x00000000e6600000, 0x00000000e6600000|100%| S|CS|TAMS 0x00000000e6500000, 0x00000000e6500000| Complete 
| 102|0x00000000e6600000, 0x00000000e6700000, 0x00000000e6700000|100%| S|CS|TAMS 0x00000000e6600000, 0x00000000e6600000| Complete 
| 103|0x00000000e6700000, 0x00000000e6700000, 0x00000000e6800000|  0%| F|  |TAMS 0x00000000e6700000, 0x00000000e6700000| Untracked 
| 104|0x00000000e6800000, 0x00000000e6800000, 0x00000000e6900000|  0%| F|  |TAMS 0x00000000e6800000, 0x00000000e6800000| Untracked 
| 105|0x00000000e6900000, 0x00000000e6900000, 0x00000000e6a00000|  0%| F|  |TAMS 0x00000000e6900000, 0x00000000e6900000| Untracked 
| 106|0x00000000e6a00000, 0x00000000e6a00000, 0x00000000e6b00000|  0%| F|  |TAMS 0x00000000e6a00000, 0x00000000e6a00000| Untracked 
| 107|0x00000000e6b00000, 0x00000000e6b00000, 0x00000000e6c00000|  0%| F|  |TAMS 0x00000000e6b00000, 0x00000000e6b00000| Untracked 
| 108|0x00000000e6c00000, 0x00000000e6c00000, 0x00000000e6d00000|  0%| F|  |TAMS 0x00000000e6c00000, 0x00000000e6c00000| Untracked 
| 109|0x00000000e6d00000, 0x00000000e6d00000, 0x00000000e6e00000|  0%| F|  |TAMS 0x00000000e6d00000, 0x00000000e6d00000| Untracked 
| 110|0x00000000e6e00000, 0x00000000e6e00000, 0x00000000e6f00000|  0%| F|  |TAMS 0x00000000e6e00000, 0x00000000e6e00000| Untracked 
| 111|0x00000000e6f00000, 0x00000000e6f00000, 0x00000000e7000000|  0%| F|  |TAMS 0x00000000e6f00000, 0x00000000e6f00000| Untracked 
| 112|0x00000000e7000000, 0x00000000e7000000, 0x00000000e7100000|  0%| F|  |TAMS 0x00000000e7000000, 0x00000000e7000000| Untracked 
| 113|0x00000000e7100000, 0x00000000e7100000, 0x00000000e7200000|  0%| F|  |TAMS 0x00000000e7100000, 0x00000000e7100000| Untracked 
| 114|0x00000000e7200000, 0x00000000e7200000, 0x00000000e7300000|  0%| F|  |TAMS 0x00000000e7200000, 0x00000000e7200000| Untracked 
| 115|0x00000000e7300000, 0x00000000e7300000, 0x00000000e7400000|  0%| F|  |TAMS 0x00000000e7300000, 0x00000000e7300000| Untracked 
| 116|0x00000000e7400000, 0x00000000e7400000, 0x00000000e7500000|  0%| F|  |TAMS 0x00000000e7400000, 0x00000000e7400000| Untracked 
| 117|0x00000000e7500000, 0x00000000e7500000, 0x00000000e7600000|  0%| F|  |TAMS 0x00000000e7500000, 0x00000000e7500000| Untracked 
| 118|0x00000000e7600000, 0x00000000e7600000, 0x00000000e7700000|  0%| F|  |TAMS 0x00000000e7600000, 0x00000000e7600000| Untracked 
| 119|0x00000000e7700000, 0x00000000e7700000, 0x00000000e7800000|  0%| F|  |TAMS 0x00000000e7700000, 0x00000000e7700000| Untracked 
| 120|0x00000000e7800000, 0x00000000e7800000, 0x00000000e7900000|  0%| F|  |TAMS 0x00000000e7800000, 0x00000000e7800000| Untracked 
| 121|0x00000000e7900000, 0x00000000e7900000, 0x00000000e7a00000|  0%| F|  |TAMS 0x00000000e7900000, 0x00000000e7900000| Untracked 
| 122|0x00000000e7a00000, 0x00000000e7a00000, 0x00000000e7b00000|  0%| F|  |TAMS 0x00000000e7a00000, 0x00000000e7a00000| Untracked 
| 123|0x00000000e7b00000, 0x00000000e7b00000, 0x00000000e7c00000|  0%| F|  |TAMS 0x00000000e7b00000, 0x00000000e7b00000| Untracked 
| 124|0x00000000e7c00000, 0x00000000e7c00000, 0x00000000e7d00000|  0%| F|  |TAMS 0x00000000e7c00000, 0x00000000e7c00000| Untracked 
| 125|0x00000000e7d00000, 0x00000000e7d00000, 0x00000000e7e00000|  0%| F|  |TAMS 0x00000000e7d00000, 0x00000000e7d00000| Untracked 
| 126|0x00000000e7e00000, 0x00000000e7e00000, 0x00000000e7f00000|  0%| F|  |TAMS 0x00000000e7e00000, 0x00000000e7e00000| Untracked 
| 127|0x00000000e7f00000, 0x00000000e7f00000, 0x00000000e8000000|  0%| F|  |TAMS 0x00000000e7f00000, 0x00000000e7f00000| Untracked 
| 128|0x00000000e8000000, 0x00000000e8000000, 0x00000000e8100000|  0%| F|  |TAMS 0x00000000e8000000, 0x00000000e8000000| Untracked 
| 129|0x00000000e8100000, 0x00000000e8100000, 0x00000000e8200000|  0%| F|  |TAMS 0x00000000e8100000, 0x00000000e8100000| Untracked 
| 130|0x00000000e8200000, 0x00000000e8200000, 0x00000000e8300000|  0%| F|  |TAMS 0x00000000e8200000, 0x00000000e8200000| Untracked 
| 131|0x00000000e8300000, 0x00000000e8300000, 0x00000000e8400000|  0%| F|  |TAMS 0x00000000e8300000, 0x00000000e8300000| Untracked 
| 132|0x00000000e8400000, 0x00000000e8400000, 0x00000000e8500000|  0%| F|  |TAMS 0x00000000e8400000, 0x00000000e8400000| Untracked 
| 133|0x00000000e8500000, 0x00000000e8500000, 0x00000000e8600000|  0%| F|  |TAMS 0x00000000e8500000, 0x00000000e8500000| Untracked 
| 134|0x00000000e8600000, 0x00000000e8600000, 0x00000000e8700000|  0%| F|  |TAMS 0x00000000e8600000, 0x00000000e8600000| Untracked 
| 135|0x00000000e8700000, 0x00000000e8700000, 0x00000000e8800000|  0%| F|  |TAMS 0x00000000e8700000, 0x00000000e8700000| Untracked 
| 136|0x00000000e8800000, 0x00000000e8800000, 0x00000000e8900000|  0%| F|  |TAMS 0x00000000e8800000, 0x00000000e8800000| Untracked 
| 137|0x00000000e8900000, 0x00000000e8900000, 0x00000000e8a00000|  0%| F|  |TAMS 0x00000000e8900000, 0x00000000e8900000| Untracked 
| 138|0x00000000e8a00000, 0x00000000e8a00000, 0x00000000e8b00000|  0%| F|  |TAMS 0x00000000e8a00000, 0x00000000e8a00000| Untracked 
| 139|0x00000000e8b00000, 0x00000000e8b00000, 0x00000000e8c00000|  0%| F|  |TAMS 0x00000000e8b00000, 0x00000000e8b00000| Untracked 
| 140|0x00000000e8c00000, 0x00000000e8c00000, 0x00000000e8d00000|  0%| F|  |TAMS 0x00000000e8c00000, 0x00000000e8c00000| Untracked 
| 141|0x00000000e8d00000, 0x00000000e8d00000, 0x00000000e8e00000|  0%| F|  |TAMS 0x00000000e8d00000, 0x00000000e8d00000| Untracked 
| 142|0x00000000e8e00000, 0x00000000e8e00000, 0x00000000e8f00000|  0%| F|  |TAMS 0x00000000e8e00000, 0x00000000e8e00000| Untracked 
| 143|0x00000000e8f00000, 0x00000000e8f00000, 0x00000000e9000000|  0%| F|  |TAMS 0x00000000e8f00000, 0x00000000e8f00000| Untracked 
| 144|0x00000000e9000000, 0x00000000e9000000, 0x00000000e9100000|  0%| F|  |TAMS 0x00000000e9000000, 0x00000000e9000000| Untracked 
| 145|0x00000000e9100000, 0x00000000e9100000, 0x00000000e9200000|  0%| F|  |TAMS 0x00000000e9100000, 0x00000000e9100000| Untracked 
| 146|0x00000000e9200000, 0x00000000e9200000, 0x00000000e9300000|  0%| F|  |TAMS 0x00000000e9200000, 0x00000000e9200000| Untracked 
| 147|0x00000000e9300000, 0x00000000e9300000, 0x00000000e9400000|  0%| F|  |TAMS 0x00000000e9300000, 0x00000000e9300000| Untracked 
| 148|0x00000000e9400000, 0x00000000e9400000, 0x00000000e9500000|  0%| F|  |TAMS 0x00000000e9400000, 0x00000000e9400000| Untracked 
| 149|0x00000000e9500000, 0x00000000e9500000, 0x00000000e9600000|  0%| F|  |TAMS 0x00000000e9500000, 0x00000000e9500000| Untracked 
| 150|0x00000000e9600000, 0x00000000e9600000, 0x00000000e9700000|  0%| F|  |TAMS 0x00000000e9600000, 0x00000000e9600000| Untracked 
| 151|0x00000000e9700000, 0x00000000e9700000, 0x00000000e9800000|  0%| F|  |TAMS 0x00000000e9700000, 0x00000000e9700000| Untracked 
| 152|0x00000000e9800000, 0x00000000e9800000, 0x00000000e9900000|  0%| F|  |TAMS 0x00000000e9800000, 0x00000000e9800000| Untracked 
| 153|0x00000000e9900000, 0x00000000e9900000, 0x00000000e9a00000|  0%| F|  |TAMS 0x00000000e9900000, 0x00000000e9900000| Untracked 
| 154|0x00000000e9a00000, 0x00000000e9a00000, 0x00000000e9b00000|  0%| F|  |TAMS 0x00000000e9a00000, 0x00000000e9a00000| Untracked 
| 155|0x00000000e9b00000, 0x00000000e9b00000, 0x00000000e9c00000|  0%| F|  |TAMS 0x00000000e9b00000, 0x00000000e9b00000| Untracked 
| 156|0x00000000e9c00000, 0x00000000e9c00000, 0x00000000e9d00000|  0%| F|  |TAMS 0x00000000e9c00000, 0x00000000e9c00000| Untracked 
| 157|0x00000000e9d00000, 0x00000000e9d00000, 0x00000000e9e00000|  0%| F|  |TAMS 0x00000000e9d00000, 0x00000000e9d00000| Untracked 
| 158|0x00000000e9e00000, 0x00000000e9e00000, 0x00000000e9f00000|  0%| F|  |TAMS 0x00000000e9e00000, 0x00000000e9e00000| Untracked 
| 159|0x00000000e9f00000, 0x00000000e9f00000, 0x00000000ea000000|  0%| F|  |TAMS 0x00000000e9f00000, 0x00000000e9f00000| Untracked 
| 160|0x00000000ea000000, 0x00000000ea000000, 0x00000000ea100000|  0%| F|  |TAMS 0x00000000ea000000, 0x00000000ea000000| Untracked 
| 161|0x00000000ea100000, 0x00000000ea100000, 0x00000000ea200000|  0%| F|  |TAMS 0x00000000ea100000, 0x00000000ea100000| Untracked 
| 162|0x00000000ea200000, 0x00000000ea200000, 0x00000000ea300000|  0%| F|  |TAMS 0x00000000ea200000, 0x00000000ea200000| Untracked 
| 163|0x00000000ea300000, 0x00000000ea300000, 0x00000000ea400000|  0%| F|  |TAMS 0x00000000ea300000, 0x00000000ea300000| Untracked 
| 164|0x00000000ea400000, 0x00000000ea400000, 0x00000000ea500000|  0%| F|  |TAMS 0x00000000ea400000, 0x00000000ea400000| Untracked 
| 165|0x00000000ea500000, 0x00000000ea500000, 0x00000000ea600000|  0%| F|  |TAMS 0x00000000ea500000, 0x00000000ea500000| Untracked 
| 166|0x00000000ea600000, 0x00000000ea600000, 0x00000000ea700000|  0%| F|  |TAMS 0x00000000ea600000, 0x00000000ea600000| Untracked 
| 167|0x00000000ea700000, 0x00000000ea700000, 0x00000000ea800000|  0%| F|  |TAMS 0x00000000ea700000, 0x00000000ea700000| Untracked 
| 168|0x00000000ea800000, 0x00000000ea800000, 0x00000000ea900000|  0%| F|  |TAMS 0x00000000ea800000, 0x00000000ea800000| Untracked 
| 169|0x00000000ea900000, 0x00000000ea900000, 0x00000000eaa00000|  0%| F|  |TAMS 0x00000000ea900000, 0x00000000ea900000| Untracked 
| 170|0x00000000eaa00000, 0x00000000eaa00000, 0x00000000eab00000|  0%| F|  |TAMS 0x00000000eaa00000, 0x00000000eaa00000| Untracked 
| 171|0x00000000eab00000, 0x00000000eab00000, 0x00000000eac00000|  0%| F|  |TAMS 0x00000000eab00000, 0x00000000eab00000| Untracked 
| 172|0x00000000eac00000, 0x00000000eac00000, 0x00000000ead00000|  0%| F|  |TAMS 0x00000000eac00000, 0x00000000eac00000| Untracked 
| 173|0x00000000ead00000, 0x00000000ead00000, 0x00000000eae00000|  0%| F|  |TAMS 0x00000000ead00000, 0x00000000ead00000| Untracked 
| 174|0x00000000eae00000, 0x00000000eae00000, 0x00000000eaf00000|  0%| F|  |TAMS 0x00000000eae00000, 0x00000000eae00000| Untracked 
| 175|0x00000000eaf00000, 0x00000000eaf00000, 0x00000000eb000000|  0%| F|  |TAMS 0x00000000eaf00000, 0x00000000eaf00000| Untracked 
| 176|0x00000000eb000000, 0x00000000eb000000, 0x00000000eb100000|  0%| F|  |TAMS 0x00000000eb000000, 0x00000000eb000000| Untracked 
| 177|0x00000000eb100000, 0x00000000eb100000, 0x00000000eb200000|  0%| F|  |TAMS 0x00000000eb100000, 0x00000000eb100000| Untracked 
| 178|0x00000000eb200000, 0x00000000eb200000, 0x00000000eb300000|  0%| F|  |TAMS 0x00000000eb200000, 0x00000000eb200000| Untracked 
| 179|0x00000000eb300000, 0x00000000eb300000, 0x00000000eb400000|  0%| F|  |TAMS 0x00000000eb300000, 0x00000000eb300000| Untracked 
| 180|0x00000000eb400000, 0x00000000eb400000, 0x00000000eb500000|  0%| F|  |TAMS 0x00000000eb400000, 0x00000000eb400000| Untracked 
| 181|0x00000000eb500000, 0x00000000eb500000, 0x00000000eb600000|  0%| F|  |TAMS 0x00000000eb500000, 0x00000000eb500000| Untracked 
| 182|0x00000000eb600000, 0x00000000eb600000, 0x00000000eb700000|  0%| F|  |TAMS 0x00000000eb600000, 0x00000000eb600000| Untracked 
| 183|0x00000000eb700000, 0x00000000eb700000, 0x00000000eb800000|  0%| F|  |TAMS 0x00000000eb700000, 0x00000000eb700000| Untracked 
| 184|0x00000000eb800000, 0x00000000eb800000, 0x00000000eb900000|  0%| F|  |TAMS 0x00000000eb800000, 0x00000000eb800000| Untracked 
| 185|0x00000000eb900000, 0x00000000eb900000, 0x00000000eba00000|  0%| F|  |TAMS 0x00000000eb900000, 0x00000000eb900000| Untracked 
| 186|0x00000000eba00000, 0x00000000eba00000, 0x00000000ebb00000|  0%| F|  |TAMS 0x00000000eba00000, 0x00000000eba00000| Untracked 
| 187|0x00000000ebb00000, 0x00000000ebb00000, 0x00000000ebc00000|  0%| F|  |TAMS 0x00000000ebb00000, 0x00000000ebb00000| Untracked 
| 188|0x00000000ebc00000, 0x00000000ebc00000, 0x00000000ebd00000|  0%| F|  |TAMS 0x00000000ebc00000, 0x00000000ebc00000| Untracked 
| 189|0x00000000ebd00000, 0x00000000ebd00000, 0x00000000ebe00000|  0%| F|  |TAMS 0x00000000ebd00000, 0x00000000ebd00000| Untracked 
| 190|0x00000000ebe00000, 0x00000000ebe00000, 0x00000000ebf00000|  0%| F|  |TAMS 0x00000000ebe00000, 0x00000000ebe00000| Untracked 
| 191|0x00000000ebf00000, 0x00000000ebf00000, 0x00000000ec000000|  0%| F|  |TAMS 0x00000000ebf00000, 0x00000000ebf00000| Untracked 
| 192|0x00000000ec000000, 0x00000000ec000000, 0x00000000ec100000|  0%| F|  |TAMS 0x00000000ec000000, 0x00000000ec000000| Untracked 
| 193|0x00000000ec100000, 0x00000000ec100000, 0x00000000ec200000|  0%| F|  |TAMS 0x00000000ec100000, 0x00000000ec100000| Untracked 
| 194|0x00000000ec200000, 0x00000000ec200000, 0x00000000ec300000|  0%| F|  |TAMS 0x00000000ec200000, 0x00000000ec200000| Untracked 
| 195|0x00000000ec300000, 0x00000000ec300000, 0x00000000ec400000|  0%| F|  |TAMS 0x00000000ec300000, 0x00000000ec300000| Untracked 
| 196|0x00000000ec400000, 0x00000000ec400000, 0x00000000ec500000|  0%| F|  |TAMS 0x00000000ec400000, 0x00000000ec400000| Untracked 
| 197|0x00000000ec500000, 0x00000000ec500000, 0x00000000ec600000|  0%| F|  |TAMS 0x00000000ec500000, 0x00000000ec500000| Untracked 
| 198|0x00000000ec600000, 0x00000000ec600000, 0x00000000ec700000|  0%| F|  |TAMS 0x00000000ec600000, 0x00000000ec600000| Untracked 
| 199|0x00000000ec700000, 0x00000000ec700000, 0x00000000ec800000|  0%| F|  |TAMS 0x00000000ec700000, 0x00000000ec700000| Untracked 
| 200|0x00000000ec800000, 0x00000000ec800000, 0x00000000ec900000|  0%| F|  |TAMS 0x00000000ec800000, 0x00000000ec800000| Untracked 
| 201|0x00000000ec900000, 0x00000000ec900000, 0x00000000eca00000|  0%| F|  |TAMS 0x00000000ec900000, 0x00000000ec900000| Untracked 
| 202|0x00000000eca00000, 0x00000000eca00000, 0x00000000ecb00000|  0%| F|  |TAMS 0x00000000eca00000, 0x00000000eca00000| Untracked 
| 203|0x00000000ecb00000, 0x00000000ecb00000, 0x00000000ecc00000|  0%| F|  |TAMS 0x00000000ecb00000, 0x00000000ecb00000| Untracked 
| 204|0x00000000ecc00000, 0x00000000ecc00000, 0x00000000ecd00000|  0%| F|  |TAMS 0x00000000ecc00000, 0x00000000ecc00000| Untracked 
| 205|0x00000000ecd00000, 0x00000000ecd00000, 0x00000000ece00000|  0%| F|  |TAMS 0x00000000ecd00000, 0x00000000ecd00000| Untracked 
| 206|0x00000000ece00000, 0x00000000ece00000, 0x00000000ecf00000|  0%| F|  |TAMS 0x00000000ece00000, 0x00000000ece00000| Untracked 
| 207|0x00000000ecf00000, 0x00000000ecf00000, 0x00000000ed000000|  0%| F|  |TAMS 0x00000000ecf00000, 0x00000000ecf00000| Untracked 
| 208|0x00000000ed000000, 0x00000000ed000000, 0x00000000ed100000|  0%| F|  |TAMS 0x00000000ed000000, 0x00000000ed000000| Untracked 
| 209|0x00000000ed100000, 0x00000000ed100000, 0x00000000ed200000|  0%| F|  |TAMS 0x00000000ed100000, 0x00000000ed100000| Untracked 
| 210|0x00000000ed200000, 0x00000000ed200000, 0x00000000ed300000|  0%| F|  |TAMS 0x00000000ed200000, 0x00000000ed200000| Untracked 
| 211|0x00000000ed300000, 0x00000000ed300000, 0x00000000ed400000|  0%| F|  |TAMS 0x00000000ed300000, 0x00000000ed300000| Untracked 
| 212|0x00000000ed400000, 0x00000000ed400000, 0x00000000ed500000|  0%| F|  |TAMS 0x00000000ed400000, 0x00000000ed400000| Untracked 
| 213|0x00000000ed500000, 0x00000000ed500000, 0x00000000ed600000|  0%| F|  |TAMS 0x00000000ed500000, 0x00000000ed500000| Untracked 
| 214|0x00000000ed600000, 0x00000000ed600000, 0x00000000ed700000|  0%| F|  |TAMS 0x00000000ed600000, 0x00000000ed600000| Untracked 
| 215|0x00000000ed700000, 0x00000000ed700000, 0x00000000ed800000|  0%| F|  |TAMS 0x00000000ed700000, 0x00000000ed700000| Untracked 
| 216|0x00000000ed800000, 0x00000000ed800000, 0x00000000ed900000|  0%| F|  |TAMS 0x00000000ed800000, 0x00000000ed800000| Untracked 
| 217|0x00000000ed900000, 0x00000000ed900000, 0x00000000eda00000|  0%| F|  |TAMS 0x00000000ed900000, 0x00000000ed900000| Untracked 
| 218|0x00000000eda00000, 0x00000000eda00000, 0x00000000edb00000|  0%| F|  |TAMS 0x00000000eda00000, 0x00000000eda00000| Untracked 
| 219|0x00000000edb00000, 0x00000000edb00000, 0x00000000edc00000|  0%| F|  |TAMS 0x00000000edb00000, 0x00000000edb00000| Untracked 
| 220|0x00000000edc00000, 0x00000000edc00000, 0x00000000edd00000|  0%| F|  |TAMS 0x00000000edc00000, 0x00000000edc00000| Untracked 
| 221|0x00000000edd00000, 0x00000000edd00000, 0x00000000ede00000|  0%| F|  |TAMS 0x00000000edd00000, 0x00000000edd00000| Untracked 
| 222|0x00000000ede00000, 0x00000000ede00000, 0x00000000edf00000|  0%| F|  |TAMS 0x00000000ede00000, 0x00000000ede00000| Untracked 
| 223|0x00000000edf00000, 0x00000000edf00000, 0x00000000ee000000|  0%| F|  |TAMS 0x00000000edf00000, 0x00000000edf00000| Untracked 
| 224|0x00000000ee000000, 0x00000000ee000000, 0x00000000ee100000|  0%| F|  |TAMS 0x00000000ee000000, 0x00000000ee000000| Untracked 
| 225|0x00000000ee100000, 0x00000000ee100000, 0x00000000ee200000|  0%| F|  |TAMS 0x00000000ee100000, 0x00000000ee100000| Untracked 
| 226|0x00000000ee200000, 0x00000000ee200000, 0x00000000ee300000|  0%| F|  |TAMS 0x00000000ee200000, 0x00000000ee200000| Untracked 
| 227|0x00000000ee300000, 0x00000000ee300000, 0x00000000ee400000|  0%| F|  |TAMS 0x00000000ee300000, 0x00000000ee300000| Untracked 
| 228|0x00000000ee400000, 0x00000000ee400000, 0x00000000ee500000|  0%| F|  |TAMS 0x00000000ee400000, 0x00000000ee400000| Untracked 
| 229|0x00000000ee500000, 0x00000000ee500000, 0x00000000ee600000|  0%| F|  |TAMS 0x00000000ee500000, 0x00000000ee500000| Untracked 
| 230|0x00000000ee600000, 0x00000000ee600000, 0x00000000ee700000|  0%| F|  |TAMS 0x00000000ee600000, 0x00000000ee600000| Untracked 
| 231|0x00000000ee700000, 0x00000000ee700000, 0x00000000ee800000|  0%| F|  |TAMS 0x00000000ee700000, 0x00000000ee700000| Untracked 
| 232|0x00000000ee800000, 0x00000000ee800000, 0x00000000ee900000|  0%| F|  |TAMS 0x00000000ee800000, 0x00000000ee800000| Untracked 
| 233|0x00000000ee900000, 0x00000000ee900000, 0x00000000eea00000|  0%| F|  |TAMS 0x00000000ee900000, 0x00000000ee900000| Untracked 
| 234|0x00000000eea00000, 0x00000000eea00000, 0x00000000eeb00000|  0%| F|  |TAMS 0x00000000eea00000, 0x00000000eea00000| Untracked 
| 235|0x00000000eeb00000, 0x00000000eeb00000, 0x00000000eec00000|  0%| F|  |TAMS 0x00000000eeb00000, 0x00000000eeb00000| Untracked 
| 236|0x00000000eec00000, 0x00000000eec00000, 0x00000000eed00000|  0%| F|  |TAMS 0x00000000eec00000, 0x00000000eec00000| Untracked 
| 237|0x00000000eed00000, 0x00000000eed00000, 0x00000000eee00000|  0%| F|  |TAMS 0x00000000eed00000, 0x00000000eed00000| Untracked 
| 238|0x00000000eee00000, 0x00000000eee00000, 0x00000000eef00000|  0%| F|  |TAMS 0x00000000eee00000, 0x00000000eee00000| Untracked 
| 239|0x00000000eef00000, 0x00000000eef00000, 0x00000000ef000000|  0%| F|  |TAMS 0x00000000eef00000, 0x00000000eef00000| Untracked 
| 240|0x00000000ef000000, 0x00000000ef000000, 0x00000000ef100000|  0%| F|  |TAMS 0x00000000ef000000, 0x00000000ef000000| Untracked 
| 241|0x00000000ef100000, 0x00000000ef100000, 0x00000000ef200000|  0%| F|  |TAMS 0x00000000ef100000, 0x00000000ef100000| Untracked 
| 242|0x00000000ef200000, 0x00000000ef200000, 0x00000000ef300000|  0%| F|  |TAMS 0x00000000ef200000, 0x00000000ef200000| Untracked 
| 243|0x00000000ef300000, 0x00000000ef300000, 0x00000000ef400000|  0%| F|  |TAMS 0x00000000ef300000, 0x00000000ef300000| Untracked 
| 244|0x00000000ef400000, 0x00000000ef400000, 0x00000000ef500000|  0%| F|  |TAMS 0x00000000ef400000, 0x00000000ef400000| Untracked 
| 245|0x00000000ef500000, 0x00000000ef500000, 0x00000000ef600000|  0%| F|  |TAMS 0x00000000ef500000, 0x00000000ef500000| Untracked 
| 246|0x00000000ef600000, 0x00000000ef600000, 0x00000000ef700000|  0%| F|  |TAMS 0x00000000ef600000, 0x00000000ef600000| Untracked 
| 247|0x00000000ef700000, 0x00000000ef79b9c0, 0x00000000ef800000| 60%| E|  |TAMS 0x00000000ef700000, 0x00000000ef700000| Complete 
| 248|0x00000000ef800000, 0x00000000ef900000, 0x00000000ef900000|100%| E|CS|TAMS 0x00000000ef800000, 0x00000000ef800000| Complete 
| 249|0x00000000ef900000, 0x00000000efa00000, 0x00000000efa00000|100%| E|CS|TAMS 0x00000000ef900000, 0x00000000ef900000| Complete 
| 250|0x00000000efa00000, 0x00000000efb00000, 0x00000000efb00000|100%| E|CS|TAMS 0x00000000efa00000, 0x00000000efa00000| Complete 
| 251|0x00000000efb00000, 0x00000000efc00000, 0x00000000efc00000|100%| E|CS|TAMS 0x00000000efb00000, 0x00000000efb00000| Complete 
| 252|0x00000000efc00000, 0x00000000efd00000, 0x00000000efd00000|100%| E|CS|TAMS 0x00000000efc00000, 0x00000000efc00000| Complete 
| 253|0x00000000efd00000, 0x00000000efe00000, 0x00000000efe00000|100%| E|CS|TAMS 0x00000000efd00000, 0x00000000efd00000| Complete 
| 254|0x00000000efe00000, 0x00000000eff00000, 0x00000000eff00000|100%| E|CS|TAMS 0x00000000efe00000, 0x00000000efe00000| Complete 
| 255|0x00000000eff00000, 0x00000000f0000000, 0x00000000f0000000|100%| E|CS|TAMS 0x00000000eff00000, 0x00000000eff00000| Complete 

Card table byte_map: [0x0000018efbc90000,0x0000018efbd90000] _byte_map_base: 0x0000018efb590000

Marking Bits (Prev, Next): (CMBitMap*) 0x0000018ef364ba90, (CMBitMap*) 0x0000018ef364bad0
 Prev Bits: [0x0000018efbe90000, 0x0000018efc690000)
 Next Bits: [0x0000018efc690000, 0x0000018efce90000)

Polling page: 0x0000018ef2e00000

Metaspace:

Usage:
  Non-class:     44.11 MB capacity,    43.29 MB ( 98%) used,   753.34 KB (  2%) free+waste,    86.06 KB ( <1%) overhead. 
      Class:      6.92 MB capacity,     6.66 MB ( 96%) used,   223.94 KB (  3%) free+waste,    36.31 KB ( <1%) overhead. 
       Both:     51.03 MB capacity,    49.96 MB ( 98%) used,   977.28 KB (  2%) free+waste,   122.38 KB ( <1%) overhead. 

Virtual space:
  Non-class space:       46.00 MB reserved,      44.17 MB ( 96%) committed 
      Class space:      248.00 MB reserved,       7.00 MB (  3%) committed 
             Both:      294.00 MB reserved,      51.17 MB ( 17%) committed 

Chunk freelists:
   Non-Class:  1.00 KB
       Class:  0 bytes
        Both:  1.00 KB

MaxMetaspaceSize: 256.00 MB
CompressedClassSpaceSize: 248.00 MB

CodeHeap 'non-profiled nmethods': size=120000Kb used=2389Kb max_used=3292Kb free=117610Kb
 bounds [0x0000018e87ad0000, 0x0000018e87e10000, 0x0000018e8f000000]
CodeHeap 'profiled nmethods': size=120000Kb used=11030Kb max_used=12310Kb free=108970Kb
 bounds [0x0000018e805a0000, 0x0000018e811b0000, 0x0000018e87ad0000]
CodeHeap 'non-nmethods': size=5760Kb used=2335Kb max_used=2396Kb free=3424Kb
 bounds [0x0000018e80000000, 0x0000018e80270000, 0x0000018e805a0000]
 total_blobs=6302 nmethods=5485 adapters=729
 compilation: enabled
              stopped_count=0, restarted_count=0
 full_count=0

Compilation events (20 events):
Event: 73.554 Thread 0x0000018eff8e82b0 6270       1       org.gradle.internal.logging.events.ProgressStartEvent::getBuildOperationCategory (5 bytes)
Event: 73.554 Thread 0x0000018eff8e82b0 nmethod 6270 0x0000018e87c36690 code [0x0000018e87c36820, 0x0000018e87c368d8]
Event: 73.557 Thread 0x0000018eff8e82b0 6271       2       org.gradle.internal.resources.AbstractTrackedResourceLock::failIfNotInResourceLockStateChange (23 bytes)
Event: 73.558 Thread 0x0000018eff8e82b0 nmethod 6271 0x0000018e808bc390 code [0x0000018e808bc540, 0x0000018e808bc778]
Event: 73.558 Thread 0x0000018eff8e82b0 6273       2       java.lang.Integer::formatUnsignedInt (40 bytes)
Event: 73.558 Thread 0x0000018eff8e82b0 nmethod 6273 0x0000018e808bbe90 code [0x0000018e808bc040, 0x0000018e808bc218]
Event: 73.558 Thread 0x0000018eff8e82b0 6272       1       org.gradle.internal.MutableReference::set (6 bytes)
Event: 73.558 Thread 0x0000018eff8e82b0 nmethod 6272 0x0000018e87c36190 code [0x0000018e87c36320, 0x0000018e87c36418]
Event: 73.559 Thread 0x0000018eff8e82b0 6274       2       org.gradle.internal.instantiation.generator.ManagedObjectFactory::displayNameFor (70 bytes)
Event: 73.560 Thread 0x0000018eff8e82b0 nmethod 6274 0x0000018e809b9c90 code [0x0000018e809b9ea0, 0x0000018e809ba458]
Event: 73.560 Thread 0x0000018eff8e82b0 6275       2       org.gradle.api.internal.DefaultDomainObjectCollection::isEmpty (10 bytes)
Event: 73.560 Thread 0x0000018eff8e82b0 nmethod 6275 0x0000018e809b9890 code [0x0000018e809b9a40, 0x0000018e809b9b98]
Event: 73.560 Thread 0x0000018eff8e82b0 6278   !   2       org.gradle.internal.deprecation.DeprecationLogger::whileDisabled (42 bytes)
Event: 73.560 Thread 0x0000018eff8e82b0 nmethod 6278 0x0000018e809ae710 code [0x0000018e809ae8e0, 0x0000018e809aeab8]
Event: 73.560 Thread 0x0000018eff8e82b0 6277   !   2       org.gradle.api.internal.tasks.properties.bean.AbstractNestedRuntimeBeanNode$BeanPropertyValue$1$1::create (104 bytes)
Event: 73.561 Thread 0x0000018eff8e82b0 nmethod 6277 0x0000018e80621610 code [0x0000018e806218a0, 0x0000018e80622368]
Event: 73.561 Thread 0x0000018eff8e82b0 6276       2       org.gradle.api.internal.DelegatingDomainObjectSet::isEmpty (10 bytes)
Event: 73.562 Thread 0x0000018eff8e82b0 nmethod 6276 0x0000018e80889210 code [0x0000018e808893a0, 0x0000018e808894c8]
Event: 73.570 Thread 0x0000018eff8e82b0 6280       2       java.nio.channels.spi.AbstractSelectableChannel::isBlocking (13 bytes)
Event: 73.570 Thread 0x0000018eff8e82b0 nmethod 6280 0x0000018e808bba10 code [0x0000018e808bbba0, 0x0000018e808bbcb8]

GC Heap History (10 events):
Event: 0.616 GC heap before
{Heap before GC invocations=0 (full 0):
 garbage-first heap   total 262144K, used 28672K [0x00000000e0000000, 0x0000000100000000)
  region size 1024K, 23 young (23552K), 0 survivors (0K)
 Metaspace       used 3915K, capacity 6543K, committed 6656K, reserved 262144K
  class space    used 487K, capacity 729K, committed 768K, reserved 253952K
}
Event: 0.620 GC heap after
{Heap after GC invocations=1 (full 0):
 garbage-first heap   total 262144K, used 8804K [0x00000000e0000000, 0x0000000100000000)
  region size 1024K, 3 young (3072K), 3 survivors (3072K)
 Metaspace       used 3915K, capacity 6543K, committed 6656K, reserved 262144K
  class space    used 487K, capacity 729K, committed 768K, reserved 253952K
}
Event: 0.817 GC heap before
{Heap before GC invocations=1 (full 0):
 garbage-first heap   total 262144K, used 35428K [0x00000000e0000000, 0x0000000100000000)
  region size 1024K, 30 young (30720K), 3 survivors (3072K)
 Metaspace       used 4093K, capacity 6607K, committed 6656K, reserved 262144K
  class space    used 491K, capacity 729K, committed 768K, reserved 253952K
}
Event: 0.821 GC heap after
{Heap after GC invocations=2 (full 0):
 garbage-first heap   total 262144K, used 13056K [0x00000000e0000000, 0x0000000100000000)
  region size 1024K, 4 young (4096K), 4 survivors (4096K)
 Metaspace       used 4093K, capacity 6607K, committed 6656K, reserved 262144K
  class space    used 491K, capacity 729K, committed 768K, reserved 253952K
}
Event: 2.437 GC heap before
{Heap before GC invocations=2 (full 0):
 garbage-first heap   total 262144K, used 102144K [0x00000000e0000000, 0x0000000100000000)
  region size 1024K, 92 young (94208K), 4 survivors (4096K)
 Metaspace       used 20676K, capacity 21155K, committed 21296K, reserved 272384K
  class space    used 2982K, capacity 3109K, committed 3200K, reserved 253952K
}
Event: 2.445 GC heap after
{Heap after GC invocations=3 (full 0):
 garbage-first heap   total 262144K, used 18940K [0x00000000e0000000, 0x0000000100000000)
  region size 1024K, 10 young (10240K), 10 survivors (10240K)
 Metaspace       used 20676K, capacity 21155K, committed 21296K, reserved 272384K
  class space    used 2982K, capacity 3109K, committed 3200K, reserved 253952K
}
Event: 3.799 GC heap before
{Heap before GC invocations=4 (full 0):
 garbage-first heap   total 262144K, used 98812K [0x00000000e0000000, 0x0000000100000000)
  region size 1024K, 86 young (88064K), 10 survivors (10240K)
 Metaspace       used 35103K, capacity 35780K, committed 35888K, reserved 286720K
  class space    used 4703K, capacity 4916K, committed 4992K, reserved 253952K
}
Event: 3.814 GC heap after
{Heap after GC invocations=5 (full 0):
 garbage-first heap   total 262144K, used 25621K [0x00000000e0000000, 0x0000000100000000)
  region size 1024K, 17 young (17408K), 17 survivors (17408K)
 Metaspace       used 35103K, capacity 35780K, committed 35888K, reserved 286720K
  class space    used 4703K, capacity 4916K, committed 4992K, reserved 253952K
}
Event: 73.468 GC heap before
{Heap before GC invocations=6 (full 0):
 garbage-first heap   total 262144K, used 163861K [0x00000000e0000000, 0x0000000100000000)
  region size 1024K, 153 young (156672K), 17 survivors (17408K)
 Metaspace       used 51007K, capacity 52091K, committed 52400K, reserved 301056K
  class space    used 6820K, capacity 7077K, committed 7168K, reserved 253952K
}
Event: 73.492 GC heap after
{Heap after GC invocations=7 (full 0):
 garbage-first heap   total 262144K, used 36811K [0x00000000e0000000, 0x0000000100000000)
  region size 1024K, 18 young (18432K), 18 survivors (18432K)
 Metaspace       used 51007K, capacity 52091K, committed 52400K, reserved 301056K
  class space    used 6820K, capacity 7077K, committed 7168K, reserved 253952K
}

Deoptimization events (20 events):
Event: 54.570 Thread 0x0000018e91c3f4c0 DEOPT PACKING pc=0x0000018e87c1cc80 sp=0x00000059104f9bd0
Event: 54.570 Thread 0x0000018e91c3f4c0 DEOPT UNPACKING pc=0x0000018e8004e42f sp=0x00000059104f9be0 mode 2
Event: 54.585 Thread 0x0000018e91c3f4c0 Uncommon trap: trap_request=0xffffff45 fr.pc=0x0000018e87da9abc relative=0x000000000000009c
Event: 54.585 Thread 0x0000018e91c3f4c0 Uncommon trap: reason=unstable_if action=reinterpret pc=0x0000018e87da9abc method=java.lang.StringLatin1.lastIndexOf([BI[BII)I @ 32 c2
Event: 54.585 Thread 0x0000018e91c3f4c0 DEOPT PACKING pc=0x0000018e87da9abc sp=0x00000059104f9a10
Event: 54.585 Thread 0x0000018e91c3f4c0 DEOPT UNPACKING pc=0x0000018e8004e42f sp=0x00000059104f9968 mode 2
Event: 54.696 Thread 0x0000018e91c3f4c0 Uncommon trap: trap_request=0xffffffc6 fr.pc=0x0000018e87d79c14 relative=0x0000000000003b14
Event: 54.696 Thread 0x0000018e91c3f4c0 Uncommon trap: reason=bimorphic_or_optimized_type_check action=maybe_recompile pc=0x0000018e87d79c14 method=jdk.internal.loader.BuiltinClassLoader.loadClassOrNull(Ljava/lang/String;)Ljava/lang/Class; @ 3 c2
Event: 54.696 Thread 0x0000018e91c3f4c0 DEOPT PACKING pc=0x0000018e87d79c14 sp=0x00000059104f9870
Event: 54.696 Thread 0x0000018e91c3f4c0 DEOPT UNPACKING pc=0x0000018e8004e42f sp=0x00000059104f9810 mode 2
Event: 73.328 Thread 0x0000018e909b3f40 DEOPT PACKING pc=0x0000018e810612d4 sp=0x000000590f4fc8a0
Event: 73.328 Thread 0x0000018e909b3f40 DEOPT UNPACKING pc=0x0000018e8004e23f sp=0x000000590f4fbe20 mode 0
Event: 73.439 Thread 0x0000018e91c40cd0 Uncommon trap: trap_request=0xffffffde fr.pc=0x0000018e87c1cc80 relative=0x0000000000002e00
Event: 73.439 Thread 0x0000018e91c40cd0 Uncommon trap: reason=class_check action=maybe_recompile pc=0x0000018e87c1cc80 method=jdk.internal.loader.URLClassPath.getLoader(I)Ljdk/internal/loader/URLClassPath$Loader; @ 88 c2
Event: 73.439 Thread 0x0000018e91c40cd0 DEOPT PACKING pc=0x0000018e87c1cc80 sp=0x000000590fcf9850
Event: 73.439 Thread 0x0000018e91c40cd0 DEOPT UNPACKING pc=0x0000018e8004e42f sp=0x000000590fcf9860 mode 2
Event: 73.493 Thread 0x0000018e91c40cd0 Uncommon trap: trap_request=0xfffffff4 fr.pc=0x0000018e87dac98c relative=0x0000000000000dac
Event: 73.493 Thread 0x0000018e91c40cd0 Uncommon trap: reason=null_check action=make_not_entrant pc=0x0000018e87dac98c method=com.sun.tools.javac.util.UnsharedNameTable.fromUtf([BII)Lcom/sun/tools/javac/util/Name; @ 50 c2
Event: 73.493 Thread 0x0000018e91c40cd0 DEOPT PACKING pc=0x0000018e87dac98c sp=0x000000590fcf90e0
Event: 73.493 Thread 0x0000018e91c40cd0 DEOPT UNPACKING pc=0x0000018e8004e42f sp=0x000000590fcf9088 mode 2

Classes unloaded (0 events):
No events

Classes redefined (0 events):
No events

Internal exceptions (20 events):
Event: 22.631 Thread 0x0000018e8fd7a8b0 Exception <a 'java/lang/NoSuchMethodError'{0x00000000e8a0abb8}: 'int java.lang.invoke.DirectMethodHandle$Holder.invokeVirtual(java.lang.Object, java.lang.Object, java.lang.Object, java.lang.Object)'> (0x00000000e8a0abb8) 
thrown [./open/src/hotspot/share/interpreter/linkResolver.cpp, line 782]
Event: 22.709 Thread 0x0000018e8fd7a8b0 Exception <a 'sun/nio/fs/WindowsException'{0x00000000e883e610}> (0x00000000e883e610) 
thrown [./open/src/hotspot/share/prims/jni.cpp, line 578]
Event: 22.720 Thread 0x0000018e8fd7a8b0 Exception <a 'java/lang/NoSuchMethodError'{0x00000000e8894a48}: 'int java.lang.invoke.DirectMethodHandle$Holder.invokeStatic(java.lang.Object)'> (0x00000000e8894a48) 
thrown [./open/src/hotspot/share/interpreter/linkResolver.cpp, line 782]
Event: 22.720 Thread 0x0000018e8fd7a8b0 Exception <a 'java/lang/NoSuchMethodError'{0x00000000e8898ae8}: 'int java.lang.invoke.DirectMethodHandle$Holder.invokeStaticInit(java.lang.Object)'> (0x00000000e8898ae8) 
thrown [./open/src/hotspot/share/interpreter/linkResolver.cpp, line 782]
Event: 22.743 Thread 0x0000018e91eb7870 Exception <a 'java/lang/NoSuchMethodError'{0x00000000ebaf28a0}: static Lorg/gradle/internal/build/event/types/DefaultJavaCompileTaskSuccessResult;.<clinit>()V> (0x00000000ebaf28a0) 
thrown [./open/src/hotspot/share/prims/jni.cpp, line 1204]
Event: 22.835 Thread 0x0000018e8fd7a8b0 Exception <a 'java/lang/reflect/InvocationTargetException'{0x00000000e879f488}> (0x00000000e879f488) 
thrown [./open/src/hotspot/share/runtime/reflection.cpp, line 1157]
Event: 54.572 Thread 0x0000018e91c3f4c0 Exception <a 'sun/nio/fs/WindowsException'{0x00000000e7e230d8}> (0x00000000e7e230d8) 
thrown [./open/src/hotspot/share/prims/jni.cpp, line 578]
Event: 54.572 Thread 0x0000018e91c3f4c0 Exception <a 'sun/nio/fs/WindowsException'{0x00000000e7e23408}> (0x00000000e7e23408) 
thrown [./open/src/hotspot/share/prims/jni.cpp, line 578]
Event: 54.584 Thread 0x0000018e91c3f4c0 Exception <a 'sun/nio/fs/WindowsException'{0x00000000e7dda220}> (0x00000000e7dda220) 
thrown [./open/src/hotspot/share/prims/jni.cpp, line 578]
Event: 54.589 Thread 0x0000018e91c3f4c0 Exception <a 'sun/nio/fs/WindowsException'{0x00000000e7cfb380}> (0x00000000e7cfb380) 
thrown [./open/src/hotspot/share/prims/jni.cpp, line 578]
Event: 54.589 Thread 0x0000018e91c3f4c0 Exception <a 'sun/nio/fs/WindowsException'{0x00000000e7cfb670}> (0x00000000e7cfb670) 
thrown [./open/src/hotspot/share/prims/jni.cpp, line 578]
Event: 54.650 Thread 0x0000018e91c3f4c0 Exception <a 'sun/nio/fs/WindowsException'{0x00000000e755dc10}> (0x00000000e755dc10) 
thrown [./open/src/hotspot/share/prims/jni.cpp, line 578]
Event: 54.775 Thread 0x0000018e91c3f4c0 Exception <a 'java/lang/reflect/InvocationTargetException'{0x00000000e7410ef0}> (0x00000000e7410ef0) 
thrown [./open/src/hotspot/share/runtime/reflection.cpp, line 1157]
Event: 73.442 Thread 0x0000018e91c40cd0 Exception <a 'sun/nio/fs/WindowsException'{0x00000000e6c8cc60}> (0x00000000e6c8cc60) 
thrown [./open/src/hotspot/share/prims/jni.cpp, line 578]
Event: 73.442 Thread 0x0000018e91c40cd0 Exception <a 'sun/nio/fs/WindowsException'{0x00000000e6c8cf90}> (0x00000000e6c8cf90) 
thrown [./open/src/hotspot/share/prims/jni.cpp, line 578]
Event: 73.453 Thread 0x0000018e91c40cd0 Exception <a 'sun/nio/fs/WindowsException'{0x00000000e6a45b90}> (0x00000000e6a45b90) 
thrown [./open/src/hotspot/share/prims/jni.cpp, line 578]
Event: 73.458 Thread 0x0000018e91c40cd0 Exception <a 'sun/nio/fs/WindowsException'{0x00000000e6966cb8}> (0x00000000e6966cb8) 
thrown [./open/src/hotspot/share/prims/jni.cpp, line 578]
Event: 73.459 Thread 0x0000018e91c40cd0 Exception <a 'sun/nio/fs/WindowsException'{0x00000000e6966fa8}> (0x00000000e6966fa8) 
thrown [./open/src/hotspot/share/prims/jni.cpp, line 578]
Event: 73.493 Thread 0x0000018e91c40cd0 Implicit null exception at 0x0000018e87dac202 to 0x0000018e87dac94c
Event: 73.541 Thread 0x0000018e91c40cd0 Exception <a 'sun/nio/fs/WindowsException'{0x00000000efcefc30}> (0x00000000efcefc30) 
thrown [./open/src/hotspot/share/prims/jni.cpp, line 578]

Events (20 events):
Event: 73.372 Executing VM operation: ICBufferFull done
Event: 73.395 Thread 0x0000018e91c42010 Thread added: 0x0000018e91c42010
Event: 73.395 Thread 0x0000018e91c40cd0 Thread added: 0x0000018e91c40cd0
Event: 73.395 Thread 0x0000018e91c42e80 Thread added: 0x0000018e91c42e80
Event: 73.396 Thread 0x0000018e91c3f990 Thread added: 0x0000018e91c3f990
Event: 73.396 Thread 0x0000018e91c441c0 Thread added: 0x0000018e91c441c0
Event: 73.396 Thread 0x0000018e91c3c970 Thread added: 0x0000018e91c3c970
Event: 73.396 Thread 0x0000018e91c3dcb0 Thread added: 0x0000018e91c3dcb0
Event: 73.402 Thread 0x0000018e91c3f4c0 Thread added: 0x0000018e91c3f4c0
Event: 73.403 Executing VM operation: ICBufferFull
Event: 73.404 Executing VM operation: ICBufferFull done
Event: 73.404 Executing VM operation: HandshakeAllThreads
Event: 73.404 Executing VM operation: HandshakeAllThreads done
Event: 73.416 Executing VM operation: ICBufferFull
Event: 73.416 Executing VM operation: ICBufferFull done
Event: 73.424 Thread 0x0000018e91c40800 Thread added: 0x0000018e91c40800
Event: 73.468 Executing VM operation: G1CollectForAllocation
Event: 73.492 Executing VM operation: G1CollectForAllocation done
Event: 73.492 Executing VM operation: HandshakeAllThreads
Event: 73.520 Executing VM operation: HandshakeAllThreads done


Dynamic libraries:
0x00007ff6bee40000 - 0x00007ff6bee4f000 	C:\Program Files\Java\jdk-15.0.2\bin\java.exe
0x00007ffb875d0000 - 0x00007ffb877c5000 	C:\Windows\SYSTEM32\ntdll.dll
0x00007ffb868e0000 - 0x00007ffb8699d000 	C:\Windows\System32\KERNEL32.DLL
0x00007ffb85250000 - 0x00007ffb85519000 	C:\Windows\System32\KERNELBASE.dll
0x00007ffb850b0000 - 0x00007ffb851b0000 	C:\Windows\System32\ucrtbase.dll
0x00007ffb62330000 - 0x00007ffb62348000 	C:\Program Files\Java\jdk-15.0.2\bin\jli.dll
0x00007ffb635f0000 - 0x00007ffb63609000 	C:\Program Files\Java\jdk-15.0.2\bin\VCRUNTIME140.dll
0x00007ffb87340000 - 0x00007ffb873ec000 	C:\Windows\System32\ADVAPI32.dll
0x00007ffb85700000 - 0x00007ffb8579e000 	C:\Windows\System32\msvcrt.dll
0x00007ffb85c90000 - 0x00007ffb85d2c000 	C:\Windows\System32\sechost.dll
0x00007ffb869a0000 - 0x00007ffb86acb000 	C:\Windows\System32\RPCRT4.dll
0x00007ffb873f0000 - 0x00007ffb87590000 	C:\Windows\System32\USER32.dll
0x00007ffb78730000 - 0x00007ffb789ca000 	C:\Windows\WinSxS\amd64_microsoft.windows.common-controls_6595b64144ccf1df_6.0.19041.844_none_ca00b6081b84eb1d\COMCTL32.dll
0x00007ffb84fa0000 - 0x00007ffb84fc2000 	C:\Windows\System32\win32u.dll
0x00007ffb86010000 - 0x00007ffb8603a000 	C:\Windows\System32\GDI32.dll
0x00007ffb85520000 - 0x00007ffb8562b000 	C:\Windows\System32\gdi32full.dll
0x00007ffb851b0000 - 0x00007ffb8524d000 	C:\Windows\System32\msvcp_win.dll
0x00007ffb7daa0000 - 0x00007ffb7daaa000 	C:\Windows\SYSTEM32\VERSION.dll
0x00007ffb86120000 - 0x00007ffb86150000 	C:\Windows\System32\IMM32.DLL
0x00007ffb76ba0000 - 0x00007ffb76bac000 	C:\Program Files\Java\jdk-15.0.2\bin\vcruntime140_1.dll
0x00007ffb62290000 - 0x00007ffb62321000 	C:\Program Files\Java\jdk-15.0.2\bin\msvcp140.dll
0x00007ffb0c4e0000 - 0x00007ffb0d03e000 	C:\Program Files\Java\jdk-15.0.2\bin\server\jvm.dll
0x00007ffb86ad0000 - 0x00007ffb86ad8000 	C:\Windows\System32\PSAPI.DLL
0x00007ffb7db60000 - 0x00007ffb7db87000 	C:\Windows\SYSTEM32\WINMM.dll
0x00007ffb74480000 - 0x00007ffb74489000 	C:\Windows\SYSTEM32\WSOCK32.dll
0x00007ffb860a0000 - 0x00007ffb8610b000 	C:\Windows\System32\WS2_32.dll
0x00007ffb82c50000 - 0x00007ffb82c62000 	C:\Windows\SYSTEM32\kernel.appcore.dll
0x00007ffb76a80000 - 0x00007ffb76a8a000 	C:\Program Files\Java\jdk-15.0.2\bin\jimage.dll
0x00007ffb7f0f0000 - 0x00007ffb7f2d4000 	C:\Windows\SYSTEM32\DBGHELP.DLL
0x00007ffb7cfc0000 - 0x00007ffb7cfec000 	C:\Windows\SYSTEM32\dbgcore.DLL
0x00007ffb84d10000 - 0x00007ffb84d90000 	C:\Windows\System32\bcryptPrimitives.dll
0x00007ffb62260000 - 0x00007ffb62285000 	C:\Program Files\Java\jdk-15.0.2\bin\java.dll
0x00007ffb86b90000 - 0x00007ffb872d2000 	C:\Windows\System32\SHELL32.dll
0x00007ffb82e50000 - 0x00007ffb835e0000 	C:\Windows\SYSTEM32\windows.storage.dll
0x00007ffb86320000 - 0x00007ffb86675000 	C:\Windows\System32\combase.dll
0x00007ffb846b0000 - 0x00007ffb846dc000 	C:\Windows\SYSTEM32\Wldp.dll
0x00007ffb86830000 - 0x00007ffb868de000 	C:\Windows\System32\SHCORE.dll
0x00007ffb857c0000 - 0x00007ffb85815000 	C:\Windows\System32\shlwapi.dll
0x00007ffb84c50000 - 0x00007ffb84c6f000 	C:\Windows\SYSTEM32\profapi.dll
0x00007ffb60fc0000 - 0x00007ffb60fd9000 	C:\Program Files\Java\jdk-15.0.2\bin\net.dll
0x00007ffb792b0000 - 0x00007ffb793bc000 	C:\Windows\SYSTEM32\WINHTTP.dll
0x00007ffb843d0000 - 0x00007ffb8443a000 	C:\Windows\system32\mswsock.dll
0x00007ffb60fa0000 - 0x00007ffb60fb2000 	C:\Program Files\Java\jdk-15.0.2\bin\nio.dll
0x00007ffb60f80000 - 0x00007ffb60f98000 	C:\Program Files\Java\jdk-15.0.2\bin\zip.dll
0x00007ffb673c0000 - 0x00007ffb673d0000 	C:\Program Files\Java\jdk-15.0.2\bin\verify.dll
0x00007ffb76940000 - 0x00007ffb76966000 	C:\Users\Pichau\.gradle\native\fdc75f09e3144964f2cf3f50f0aa648679c211496f362492102eb8c894070792\windows-amd64\native-platform.dll
0x00007ffb5c510000 - 0x00007ffb5c6a1000 	C:\Users\Pichau\.gradle\native\12488b8bf47d2d4c9fbf2f6322a914ad602e24e48041cd04a747c6da556b65c4\windows-amd64\native-platform-file-events.dll
0x00007ffb66fa0000 - 0x00007ffb66fa9000 	C:\Program Files\Java\jdk-15.0.2\bin\management.dll
0x00007ffb66df0000 - 0x00007ffb66dfb000 	C:\Program Files\Java\jdk-15.0.2\bin\management_ext.dll
0x00007ffb846f0000 - 0x00007ffb84708000 	C:\Windows\SYSTEM32\CRYPTSP.dll
0x00007ffb83d90000 - 0x00007ffb83dc4000 	C:\Windows\system32\rsaenh.dll
0x00007ffb84fd0000 - 0x00007ffb84ff7000 	C:\Windows\System32\bcrypt.dll
0x00007ffb84bd0000 - 0x00007ffb84bfe000 	C:\Windows\SYSTEM32\USERENV.dll
0x00007ffb84550000 - 0x00007ffb8455c000 	C:\Windows\SYSTEM32\CRYPTBASE.dll
0x00007ffb840e0000 - 0x00007ffb8411b000 	C:\Windows\SYSTEM32\IPHLPAPI.DLL
0x00007ffb861e0000 - 0x00007ffb861e8000 	C:\Windows\System32\NSI.dll
0x00007ffb7f070000 - 0x00007ffb7f087000 	C:\Windows\SYSTEM32\dhcpcsvc6.DLL
0x00007ffb7f050000 - 0x00007ffb7f06d000 	C:\Windows\SYSTEM32\dhcpcsvc.DLL
0x00007ffb84120000 - 0x00007ffb841eb000 	C:\Windows\SYSTEM32\DNSAPI.dll
0x00007ffb7fd20000 - 0x00007ffb7fd2b000 	C:\Windows\SYSTEM32\WINNSI.DLL

dbghelp: loaded successfully - version: 4.0.5 - missing functions: none
symbol engine: initialized successfully - sym options: 0x614 - pdb path: .;C:\Program Files\Java\jdk-15.0.2\bin;C:\Windows\SYSTEM32;C:\Windows\WinSxS\amd64_microsoft.windows.common-controls_6595b64144ccf1df_6.0.19041.844_none_ca00b6081b84eb1d;C:\Program Files\Java\jdk-15.0.2\bin\server;C:\Users\Pichau\.gradle\native\fdc75f09e3144964f2cf3f50f0aa648679c211496f362492102eb8c894070792\windows-amd64;C:\Users\Pichau\.gradle\native\12488b8bf47d2d4c9fbf2f6322a914ad602e24e48041cd04a747c6da556b65c4\windows-amd64

VM Arguments:
jvm_args: --add-opens=java.base/java.util=ALL-UNNAMED --add-opens=java.base/java.lang=ALL-UNNAMED --add-opens=java.base/java.lang.invoke=ALL-UNNAMED --add-opens=java.prefs/java.util.prefs=ALL-UNNAMED -XX:MaxMetaspaceSize=256m -XX:+HeapDumpOnOutOfMemoryError -Xms256m -Xmx512m -Dfile.encoding=windows-1252 -Duser.country=BR -Duser.language=pt -Duser.variant 
java_command: org.gradle.launcher.daemon.bootstrap.GradleDaemon 6.7
java_class_path (initial): C:\Users\Pichau\.gradle\wrapper\dists\gradle-6.7-bin\efvqh8uyq79v2n7rcncuhu9sv\gradle-6.7\lib\gradle-launcher-6.7.jar
Launcher Type: SUN_STANDARD

[Global flags]
     intx CICompilerCount                          = 4                                         {product} {ergonomic}
   size_t CompressedClassSpaceSize                 = 260046848                                 {product} {ergonomic}
     uint ConcGCThreads                            = 2                                         {product} {ergonomic}
     uint G1ConcRefinementThreads                  = 8                                         {product} {ergonomic}
   size_t G1HeapRegionSize                         = 1048576                                   {product} {ergonomic}
    uintx GCDrainStackTargetSize                   = 64                                        {product} {ergonomic}
     bool HeapDumpOnOutOfMemoryError               = true                                   {manageable} {command line}
   size_t InitialHeapSize                          = 268435456                                 {product} {command line}
   size_t MarkStackSize                            = 4194304                                   {product} {ergonomic}
   size_t MaxHeapSize                              = 536870912                                 {product} {command line}
   size_t MaxMetaspaceSize                         = 268435456                                 {product} {command line}
   size_t MaxNewSize                               = 321912832                                 {product} {ergonomic}
   size_t MinHeapDeltaBytes                        = 1048576                                   {product} {ergonomic}
   size_t MinHeapSize                              = 268435456                                 {product} {command line}
    uintx NonNMethodCodeHeapSize                   = 5839372                                {pd product} {ergonomic}
    uintx NonProfiledCodeHeapSize                  = 122909434                              {pd product} {ergonomic}
    uintx ProfiledCodeHeapSize                     = 122909434                              {pd product} {ergonomic}
    uintx ReservedCodeCacheSize                    = 251658240                              {pd product} {ergonomic}
     bool SegmentedCodeCache                       = true                                      {product} {ergonomic}
   size_t SoftMaxHeapSize                          = 536870912                              {manageable} {ergonomic}
     bool UseCompressedClassPointers               = true                                 {lp64_product} {ergonomic}
     bool UseCompressedOops                        = true                                 {lp64_product} {ergonomic}
     bool UseG1GC                                  = true                                      {product} {ergonomic}
     bool UseLargePagesIndividualAllocation        = false                                  {pd product} {ergonomic}

Logging:
Log output configuration:
 #0: stdout all=warning uptime,level,tags
 #1: stderr all=off uptime,level,tags

Environment Variables:
JAVA_HOME=C:\Program Files\Java\jdk-15.0.2\
PATH=C:\Program Files\Common Files\Oracle\Java\javapath;C:\Program Files (x86)\Common Files\Oracle\Java\javapath;C:\Program Files (x86)\VMware\VMware Player\bin\;C:\Windows\system32;C:\Windows;C:\Windows\System32\Wbem;C:\Windows\System32\WindowsPowerShell\v1.0\;C:\Windows\System32\OpenSSH\;C:\Users\Pichau\Desktop\Matlab\runtime\win64;C:\Users\Pichau\Desktop\Matlab\bin;C:\Users\Pichau\Desktop\Matlab\polyspace\bin;C:\Program Files\dotnet\;C:\Program Files\Microsoft SQL Server\130\Tools\Binn\;C:\Program Files\Microsoft SQL Server\Client SDK\ODBC\170\Tools\Binn\;C:\Program Files\Git\cmd;JAVA_HOME;C:\gradle-4.7\bin;C:\apache-maven-3.6.3\bin;;C:\Program Files\Docker\Docker\resources\bin;C:\ProgramData\DockerDesktop\version-bin;C:\Users\Pichau\AppData\Local\Microsoft\WindowsApps;;C:\Users\Pichau\AppData\Local\Programs\Microsoft VS Code\bin;C:\Users\Pichau\.dotnet\tools
USERNAME=Pichau
OS=Windows_NT
PROCESSOR_IDENTIFIER=AMD64 Family 23 Model 24 Stepping 1, AuthenticAMD



---------------  S Y S T E M  ---------------

OS:
 Windows 10 , 64 bit Build 19041 (10.0.19041.804)
OS uptime: 1 days 14:11 hours
HyperV virtualization detected

CPU: total 8 (initial active 8) (8 cores per cpu, 2 threads per core) family 23 model 24 stepping 1 microcode 0x0, cmov, cx8, fxsr, mmx, sse, sse2, sse3, ssse3, sse4.1, sse4.2, popcnt, vzeroupper, avx, avx2, aes, clmul, 3dnowpref, lzcnt, sse4a, ht, tsc, tscinvbit, tscinv, bmi1, bmi2, adx, sha, fma, clflush, clflushopt

Memory: 4k page, system-wide physical 8123M (257M free)
TotalPageFile size 32699M (AvailPageFile size 10M)
current process WorkingSet (physical memory assigned to process): 356M, peak: 359M
current process commit charge ("private bytes"): 469M, peak: 478M

vm_info: Java HotSpot(TM) 64-Bit Server VM (15.0.2+7-27) for windows-amd64 JRE (15.0.2+7-27), built on Dec  7 2020 20:07:01 by "mach5one" with unknown MS VC++:1925

END.
