#
# There is insufficient memory for the Java Runtime Environment to continue.
# Native memory allocation (malloc) failed to allocate 1219696 bytes for Chunk::new
# Possible reasons:
#   The system is out of physical RAM or swap space
#   The process is running with CompressedOops enabled, and the Java Heap may be blocking the growth of the native heap
# Possible solutions:
#   Reduce memory load on the system
#   Increase physical memory or swap space
#   Check if swap backing store is full
#   Decrease Java heap size (-Xmx/-Xms)
#   Decrease number of Java threads
#   Decrease Java thread stack sizes (-Xss)
#   Set larger code cache with -XX:ReservedCodeCacheSize=
#   JVM is running with Unscaled Compressed Oops mode in which the Java heap is
#     placed in the first 4GB address space. The Java Heap base address is the
#     maximum limit for the native heap growth. Please use -XX:HeapBaseMinAddress
#     to set the Java Heap base and to place the Java Heap above 4GB virtual address.
# This output file may be truncated or incomplete.
#
#  Out of Memory Error (./open/src/hotspot/share/memory/arena.cpp:195), pid=22684, tid=22804
#
# JRE version: Java(TM) SE Runtime Environment (15.0.2+7) (build 15.0.2+7-27)
# Java VM: Java HotSpot(TM) 64-Bit Server VM (15.0.2+7-27, mixed mode, sharing, tiered, compressed oops, g1 gc, windows-amd64)
# No core dump will be written. Minidumps are not enabled by default on client versions of Windows
#

---------------  S U M M A R Y ------------

Command Line: --add-opens=java.base/java.util=ALL-UNNAMED --add-opens=java.base/java.lang=ALL-UNNAMED --add-opens=java.base/java.lang.invoke=ALL-UNNAMED --add-opens=java.prefs/java.util.prefs=ALL-UNNAMED -XX:MaxMetaspaceSize=256m -XX:+HeapDumpOnOutOfMemoryError -Xms256m -Xmx512m -Dfile.encoding=windows-1252 -Duser.country=BR -Duser.language=pt -Duser.variant org.gradle.launcher.daemon.bootstrap.GradleDaemon 6.7

Host: AMD Ryzen 5 3350G with Radeon Vega Graphics    , 8 cores, 7G,  Windows 10 , 64 bit Build 19041 (10.0.19041.804)
Time: Mon Mar 15 12:54:53 2021 Hora oficial do Brasil elapsed time: 24.307104 seconds (0d 0h 0m 24s)

---------------  T H R E A D  ---------------

Current thread (0x0000013466ef3960):  JavaThread "C2 CompilerThread0" daemon [_thread_in_native, id=22804, stack(0x00000019e2b00000,0x00000019e2c00000)]


Current CompileTask:
C2:  24307 5570       4       com.sun.tools.javac.jvm.ClassReader::sigToType (893 bytes)

Stack: [0x00000019e2b00000,0x00000019e2c00000]
Native frames: (J=compiled Java code, j=interpreted, Vv=VM code, C=native code)
V  [jvm.dll+0x62ae9a]
V  [jvm.dll+0x7817a9]
V  [jvm.dll+0x782f03]
V  [jvm.dll+0x783563]
V  [jvm.dll+0x216325]
V  [jvm.dll+0x97f3a]
V  [jvm.dll+0x9861c]
V  [jvm.dll+0x32e305]
V  [jvm.dll+0x2f768a]
V  [jvm.dll+0x2f6a4a]
V  [jvm.dll+0x1ea705]
V  [jvm.dll+0x1e996e]
V  [jvm.dll+0x178567]
V  [jvm.dll+0x1f9225]
V  [jvm.dll+0x1f72cc]
V  [jvm.dll+0x74495d]
V  [jvm.dll+0x73d75a]
V  [jvm.dll+0x629c56]
C  [ucrtbase.dll+0x21bb2]
C  [KERNEL32.DLL+0x17034]
C  [ntdll.dll+0x52651]


---------------  P R O C E S S  ---------------

Threads class SMR info:
_java_thread_list=0x0000013468fe9370, length=47, elements={
0x000001344bc34200, 0x0000013466ed20a0, 0x0000013466ed2a80, 0x0000013466eeeb20,
0x0000013466ef03f0, 0x0000013466ef2cc0, 0x0000013466ef3960, 0x0000013466ef4310,
0x0000013466efd020, 0x0000013467942090, 0x0000013467963960, 0x00000134693c8e20,
0x0000013469f77900, 0x00000134693acec0, 0x0000013469a250e0, 0x0000013469086a20,
0x00000134695f0ea0, 0x00000134695f1d10, 0x00000134695f21e0, 0x000001346d0300d0,
0x000001346d032c20, 0x000001346d02e8c0, 0x000001346d02ed90, 0x000001346d032280,
0x000001346d02c240, 0x000001346d0318e0, 0x000001346d030a70, 0x000001346d031db0,
0x000001346d02c710, 0x000001346d02f730, 0x000001346d02d580, 0x000001346d02e3f0,
0x000001346d031410, 0x000001346d02da50, 0x000001346d02cbe0, 0x000001346d02fc00,
0x000001346d02df20, 0x000001346d032750, 0x000001346d02b3d0, 0x00000134695f1370,
0x000001346cee0ce0, 0x000001346cede660, 0x000001346cee1680, 0x000001346d165150,
0x000001346cedd7f0, 0x000001346cee2020, 0x000001346cedfe70
}

Java Threads: ( => current thread )
  0x000001344bc34200 JavaThread "main" [_thread_blocked, id=22756, stack(0x00000019e1f00000,0x00000019e2000000)]
  0x0000013466ed20a0 JavaThread "Reference Handler" daemon [_thread_blocked, id=22784, stack(0x00000019e2600000,0x00000019e2700000)]
  0x0000013466ed2a80 JavaThread "Finalizer" daemon [_thread_blocked, id=22788, stack(0x00000019e2700000,0x00000019e2800000)]
  0x0000013466eeeb20 JavaThread "Signal Dispatcher" daemon [_thread_blocked, id=22792, stack(0x00000019e2800000,0x00000019e2900000)]
  0x0000013466ef03f0 JavaThread "Attach Listener" daemon [_thread_blocked, id=22796, stack(0x00000019e2900000,0x00000019e2a00000)]
  0x0000013466ef2cc0 JavaThread "Service Thread" daemon [_thread_blocked, id=22800, stack(0x00000019e2a00000,0x00000019e2b00000)]
=>0x0000013466ef3960 JavaThread "C2 CompilerThread0" daemon [_thread_in_native, id=22804, stack(0x00000019e2b00000,0x00000019e2c00000)]
  0x0000013466ef4310 JavaThread "C1 CompilerThread0" daemon [_thread_blocked, id=22808, stack(0x00000019e2c00000,0x00000019e2d00000)]
  0x0000013466efd020 JavaThread "Sweeper thread" daemon [_thread_blocked, id=22812, stack(0x00000019e2d00000,0x00000019e2e00000)]
  0x0000013467942090 JavaThread "Common-Cleaner" daemon [_thread_blocked, id=22816, stack(0x00000019e2e00000,0x00000019e2f00000)]
  0x0000013467963960 JavaThread "Notification Thread" daemon [_thread_blocked, id=22820, stack(0x00000019e2f00000,0x00000019e3000000)]
  0x00000134693c8e20 JavaThread "Daemon health stats" [_thread_blocked, id=22860, stack(0x00000019e3800000,0x00000019e3900000)]
  0x0000013469f77900 JavaThread "Incoming local TCP Connector on port 32835" [_thread_in_native, id=22880, stack(0x00000019e3b00000,0x00000019e3c00000)]
  0x00000134693acec0 JavaThread "Daemon periodic checks" [_thread_blocked, id=22884, stack(0x00000019e3c00000,0x00000019e3d00000)]
  0x0000013469a250e0 JavaThread "Daemon" [_thread_blocked, id=22888, stack(0x00000019e3d00000,0x00000019e3e00000)]
  0x0000013469086a20 JavaThread "Daemon worker" [_thread_blocked, id=22900, stack(0x00000019e4000000,0x00000019e4100000)]
  0x00000134695f0ea0 JavaThread "Cache worker for file hash cache (C:\Users\Pichau\.gradle\caches\6.7\fileHashes)" [_thread_blocked, id=22924, stack(0x00000019e4400000,0x00000019e4500000)]
  0x00000134695f1d10 JavaThread "File lock request listener" [_thread_in_native, id=22928, stack(0x00000019e4500000,0x00000019e4600000)]
  0x00000134695f21e0 JavaThread "Cache worker for journal cache (C:\Users\Pichau\.gradle\caches\journal-1)" [_thread_blocked, id=22932, stack(0x00000019e4600000,0x00000019e4700000)]
  0x000001346d0300d0 JavaThread "Cache worker for execution history cache (C:\Users\Pichau\.gradle\caches\6.7\executionHistory)" [_thread_blocked, id=22960, stack(0x00000019e4b00000,0x00000019e4c00000)]
  0x000001346d032c20 JavaThread "jar transforms" [_thread_blocked, id=22980, stack(0x00000019e4f00000,0x00000019e5000000)]
  0x000001346d02e8c0 JavaThread "Cache worker for file content cache (C:\Users\Pichau\.gradle\caches\6.7\fileContent)" [_thread_blocked, id=22988, stack(0x00000019e5000000,0x00000019e5100000)]
  0x000001346d02ed90 JavaThread "Memory manager" [_thread_blocked, id=23008, stack(0x00000019e5100000,0x00000019e5200000)]
  0x000001346d032280 JavaThread "Cache worker for Java compile cache (C:\Users\Pichau\.gradle\caches\6.7\javaCompile)" [_thread_blocked, id=23052, stack(0x00000019e5b00000,0x00000019e5c00000)]
  0x000001346d02c240 JavaThread "Handler for socket connection from /127.0.0.1:32835 to /127.0.0.1:32846" [_thread_in_native, id=23140, stack(0x00000019e3100000,0x00000019e3200000)]
  0x000001346d0318e0 JavaThread "Cancel handler" [_thread_blocked, id=23144, stack(0x00000019e3e00000,0x00000019e3f00000)]
  0x000001346d030a70 JavaThread "Asynchronous log dispatcher for DefaultDaemonConnection: socket connection from /127.0.0.1:32835 to /127.0.0.1:32846" [_thread_blocked, id=23156, stack(0x00000019e3f00000,0x00000019e4000000)]
  0x000001346d031db0 JavaThread "Stdin handler" [_thread_blocked, id=23160, stack(0x00000019e4100000,0x00000019e4200000)]
  0x000001346d02c710 JavaThread "Thread-35" [_thread_blocked, id=23164, stack(0x00000019e4200000,0x00000019e4300000)]
  0x000001346d02f730 JavaThread "Cache worker for file hash cache (C:\Users\Pichau\IdeaProjects\Blog_Abreviacao\.gradle\6.7\fileHashes)" [_thread_blocked, id=23168, stack(0x00000019e4300000,0x00000019e4400000)]
  0x000001346d02d580 JavaThread "Cache worker for checksums cache (C:\Users\Pichau\IdeaProjects\Blog_Abreviacao\.gradle\checksums)" [_thread_blocked, id=23172, stack(0x00000019e4700000,0x00000019e4800000)]
  0x000001346d02e3f0 JavaThread "Cache worker for cache directory md-supplier (C:\Users\Pichau\.gradle\caches\6.7\md-supplier)" [_thread_blocked, id=23176, stack(0x00000019e4800000,0x00000019e4900000)]
  0x000001346d031410 JavaThread "Cache worker for cache directory md-rule (C:\Users\Pichau\.gradle\caches\6.7\md-rule)" [_thread_blocked, id=23180, stack(0x00000019e4900000,0x00000019e4a00000)]
  0x000001346d02da50 JavaThread "Cache worker for Build Output Cleanup Cache (C:\Users\Pichau\IdeaProjects\Blog_Abreviacao\.gradle\buildOutputCleanup)" [_thread_blocked, id=23188, stack(0x00000019e5200000,0x00000019e5300000)]
  0x000001346d02cbe0 JavaThread "Execution worker for ':'" [_thread_blocked, id=23192, stack(0x00000019e5300000,0x00000019e5400000)]
  0x000001346d02fc00 JavaThread "Execution worker for ':' Thread 2" [_thread_blocked, id=23196, stack(0x00000019e5400000,0x00000019e5500000)]
  0x000001346d02df20 JavaThread "Execution worker for ':' Thread 3" [_thread_blocked, id=23200, stack(0x00000019e5500000,0x00000019e5600000)]
  0x000001346d032750 JavaThread "Execution worker for ':' Thread 4" [_thread_blocked, id=23204, stack(0x00000019e5600000,0x00000019e5700000)]
  0x000001346d02b3d0 JavaThread "Execution worker for ':' Thread 5" [_thread_blocked, id=23208, stack(0x00000019e5700000,0x00000019e5800000)]
  0x00000134695f1370 JavaThread "Execution worker for ':' Thread 6" [_thread_blocked, id=23212, stack(0x00000019e5800000,0x00000019e5900000)]
  0x000001346cee0ce0 JavaThread "Execution worker for ':' Thread 7" [_thread_blocked, id=23216, stack(0x00000019e5900000,0x00000019e5a00000)]
  0x000001346cede660 JavaThread "Cache worker for execution history cache (C:\Users\Pichau\IdeaProjects\Blog_Abreviacao\.gradle\6.7\executionHistory)" [_thread_blocked, id=23220, stack(0x00000019e5a00000,0x00000019e5b00000)]
  0x000001346cee1680 JavaThread "Cache worker for Java compile cache (C:\Users\Pichau\IdeaProjects\Blog_Abreviacao\.gradle\6.7\javaCompile)" [_thread_blocked, id=23224, stack(0x00000019e5c00000,0x00000019e5d00000)]
  0x000001346d165150 JavaThread "C2 CompilerThread1" daemon [_thread_blocked, id=23228, stack(0x00000019e4a00000,0x00000019e4b00000)]
  0x000001346cedd7f0 JavaThread "Exec process" [_thread_in_native, id=23236, stack(0x00000019e5d00000,0x00000019e5e00000)]
  0x000001346cee2020 JavaThread "Exec process Thread 2" [_thread_in_native, id=23260, stack(0x00000019e5e00000,0x00000019e5f00000)]
  0x000001346cedfe70 JavaThread "Exec process Thread 3" [_thread_in_native, id=23264, stack(0x00000019e5f00000,0x00000019e6000000)]

Other Threads:
  0x0000013466ecb890 VMThread "VM Thread" [stack: 0x00000019e2500000,0x00000019e2600000] [id=22780]
  0x0000013467966b20 WatcherThread [stack: 0x00000019e3000000,0x00000019e3100000] [id=22824]
  0x000001344bc5ba00 GCTaskThread "GC Thread#0" [stack: 0x00000019e2000000,0x00000019e2100000] [id=22760]
  0x000001346848edf0 GCTaskThread "GC Thread#1" [stack: 0x00000019e3200000,0x00000019e3300000] [id=22832]
  0x000001346848f450 GCTaskThread "GC Thread#2" [stack: 0x00000019e3300000,0x00000019e3400000] [id=22836]
  0x000001346848fab0 GCTaskThread "GC Thread#3" [stack: 0x00000019e3400000,0x00000019e3500000] [id=22840]
  0x000001346848f780 GCTaskThread "GC Thread#4" [stack: 0x00000019e3500000,0x00000019e3600000] [id=22844]
  0x000001346848c150 GCTaskThread "GC Thread#5" [stack: 0x00000019e3600000,0x00000019e3700000] [id=22848]
  0x000001346848d7a0 GCTaskThread "GC Thread#6" [stack: 0x00000019e4c00000,0x00000019e4d00000] [id=22964]
  0x000001346848dad0 GCTaskThread "GC Thread#7" [stack: 0x00000019e4d00000,0x00000019e4e00000] [id=22968]
  0x000001344bc61970 ConcurrentGCThread "G1 Main Marker" [stack: 0x00000019e2100000,0x00000019e2200000] [id=22764]
  0x000001344bc62370 ConcurrentGCThread "G1 Conc#0" [stack: 0x00000019e2200000,0x00000019e2300000] [id=22768]
  0x000001346848e130 ConcurrentGCThread "G1 Conc#1" [stack: 0x00000019e4e00000,0x00000019e4f00000] [id=22976]
  0x000001344bd0e220 ConcurrentGCThread "G1 Refine#0" [stack: 0x00000019e2300000,0x00000019e2400000] [id=22772]
  0x0000013468047b60 ConcurrentGCThread "G1 Refine#1" [stack: 0x00000019e3700000,0x00000019e3800000] [id=22852]
  0x0000013466d7a500 ConcurrentGCThread "G1 Young RemSet Sampling" [stack: 0x00000019e2400000,0x00000019e2500000] [id=22776]

Threads with active compile tasks:
C2 CompilerThread0    24338 5570       4       com.sun.tools.javac.jvm.ClassReader::sigToType (893 bytes)

VM state: not at safepoint (normal execution)

VM Mutex/Monitor currently owned by a thread: None

Heap address: 0x00000000e0000000, size: 512 MB, Compressed Oops mode: 32-bit
CDS archive(s) mapped at: [0x0000000800000000-0x0000000800b50000-0x0000000800b50000), size 11862016, SharedBaseAddress: 0x0000000800000000, ArchiveRelocationMode: 0.
Compressed class space mapped at: 0x0000000800b50000-0x0000000810350000, size: 260046848
Narrow klass base: 0x0000000800000000, Narrow klass shift: 3, Narrow klass range: 0x100000000

GC Precious Log:
 CPUs: 8 total, 8 available
 Memory: 8123M
 Large Page Support: Disabled
 NUMA Support: Disabled
 Compressed Oops: Enabled (32-bit)
 Heap Region Size: 1M
 Heap Min Capacity: 256M
 Heap Initial Capacity: 256M
 Heap Max Capacity: 512M
 Pre-touch: Disabled
 Parallel Workers: 8
 Concurrent Workers: 2
 Concurrent Refinement Workers: 8
 Periodic GC: Disabled

Heap:
 garbage-first heap   total 262144K, used 137958K [0x00000000e0000000, 0x0000000100000000)
  region size 1024K, 125 young (128000K), 13 survivors (13312K)
 Metaspace       used 51388K, capacity 52357K, committed 52400K, reserved 301056K
  class space    used 6896K, capacity 7166K, committed 7168K, reserved 253952K

Heap Regions: E=young(eden), S=young(survivor), O=old, HS=humongous(starts), HC=humongous(continues), CS=collection set, F=free, OA=open archive, CA=closed archive, TAMS=top-at-mark-start (previous, next)
|   0|0x00000000e0000000, 0x00000000e0100000, 0x00000000e0100000|100%| O|  |TAMS 0x00000000e0100000, 0x00000000e0000000| Untracked 
|   1|0x00000000e0100000, 0x00000000e0200000, 0x00000000e0200000|100%| O|  |TAMS 0x00000000e0200000, 0x00000000e0100000| Untracked 
|   2|0x00000000e0200000, 0x00000000e0300000, 0x00000000e0300000|100%| O|  |TAMS 0x00000000e026f000, 0x00000000e0200000| Untracked 
|   3|0x00000000e0300000, 0x00000000e0400000, 0x00000000e0400000|100%|HS|  |TAMS 0x00000000e0400000, 0x00000000e0300000| Complete 
|   4|0x00000000e0400000, 0x00000000e0500000, 0x00000000e0500000|100%|HC|  |TAMS 0x00000000e0500000, 0x00000000e0400000| Complete 
|   5|0x00000000e0500000, 0x00000000e0600000, 0x00000000e0600000|100%|HC|  |TAMS 0x00000000e0600000, 0x00000000e0500000| Complete 
|   6|0x00000000e0600000, 0x00000000e0700000, 0x00000000e0700000|100%| O|  |TAMS 0x00000000e0700000, 0x00000000e0600000| Untracked 
|   7|0x00000000e0700000, 0x00000000e0800000, 0x00000000e0800000|100%| O|  |TAMS 0x00000000e0800000, 0x00000000e0700000| Untracked 
|   8|0x00000000e0800000, 0x00000000e0900000, 0x00000000e0900000|100%| O|  |TAMS 0x00000000e0900000, 0x00000000e0800000| Untracked 
|   9|0x00000000e0900000, 0x00000000e0900000, 0x00000000e0a00000|  0%| F|  |TAMS 0x00000000e0900000, 0x00000000e0900000| Untracked 
|  10|0x00000000e0a00000, 0x00000000e0a00000, 0x00000000e0b00000|  0%| F|  |TAMS 0x00000000e0a00000, 0x00000000e0a00000| Untracked 
|  11|0x00000000e0b00000, 0x00000000e0b00000, 0x00000000e0c00000|  0%| F|  |TAMS 0x00000000e0b00000, 0x00000000e0b00000| Untracked 
|  12|0x00000000e0c00000, 0x00000000e0c00000, 0x00000000e0d00000|  0%| F|  |TAMS 0x00000000e0c00000, 0x00000000e0c00000| Untracked 
|  13|0x00000000e0d00000, 0x00000000e0e00000, 0x00000000e0e00000|100%| O|  |TAMS 0x00000000e0d00000, 0x00000000e0d00000| Untracked 
|  14|0x00000000e0e00000, 0x00000000e0f00000, 0x00000000e0f00000|100%| O|  |TAMS 0x00000000e0e00000, 0x00000000e0e00000| Untracked 
|  15|0x00000000e0f00000, 0x00000000e1000000, 0x00000000e1000000|100%| O|  |TAMS 0x00000000e0f00000, 0x00000000e0f00000| Untracked 
|  16|0x00000000e1000000, 0x00000000e102fa00, 0x00000000e1100000| 18%| O|  |TAMS 0x00000000e1000000, 0x00000000e1000000| Untracked 
|  17|0x00000000e1100000, 0x00000000e1100000, 0x00000000e1200000|  0%| F|  |TAMS 0x00000000e1100000, 0x00000000e1100000| Untracked 
|  18|0x00000000e1200000, 0x00000000e1200000, 0x00000000e1300000|  0%| F|  |TAMS 0x00000000e1200000, 0x00000000e1200000| Untracked 
|  19|0x00000000e1300000, 0x00000000e1300000, 0x00000000e1400000|  0%| F|  |TAMS 0x00000000e1300000, 0x00000000e1300000| Untracked 
|  20|0x00000000e1400000, 0x00000000e1400000, 0x00000000e1500000|  0%| F|  |TAMS 0x00000000e1400000, 0x00000000e1400000| Untracked 
|  21|0x00000000e1500000, 0x00000000e1500000, 0x00000000e1600000|  0%| F|  |TAMS 0x00000000e1500000, 0x00000000e1500000| Untracked 
|  22|0x00000000e1600000, 0x00000000e1600000, 0x00000000e1700000|  0%| F|  |TAMS 0x00000000e1600000, 0x00000000e1600000| Untracked 
|  23|0x00000000e1700000, 0x00000000e1700000, 0x00000000e1800000|  0%| F|  |TAMS 0x00000000e1700000, 0x00000000e1700000| Untracked 
|  24|0x00000000e1800000, 0x00000000e1800000, 0x00000000e1900000|  0%| F|  |TAMS 0x00000000e1800000, 0x00000000e1800000| Untracked 
|  25|0x00000000e1900000, 0x00000000e1900000, 0x00000000e1a00000|  0%| F|  |TAMS 0x00000000e1900000, 0x00000000e1900000| Untracked 
|  26|0x00000000e1a00000, 0x00000000e1a00000, 0x00000000e1b00000|  0%| F|  |TAMS 0x00000000e1a00000, 0x00000000e1a00000| Untracked 
|  27|0x00000000e1b00000, 0x00000000e1b00000, 0x00000000e1c00000|  0%| F|  |TAMS 0x00000000e1b00000, 0x00000000e1b00000| Untracked 
|  28|0x00000000e1c00000, 0x00000000e1c00000, 0x00000000e1d00000|  0%| F|  |TAMS 0x00000000e1c00000, 0x00000000e1c00000| Untracked 
|  29|0x00000000e1d00000, 0x00000000e1d00000, 0x00000000e1e00000|  0%| F|  |TAMS 0x00000000e1d00000, 0x00000000e1d00000| Untracked 
|  30|0x00000000e1e00000, 0x00000000e1e00000, 0x00000000e1f00000|  0%| F|  |TAMS 0x00000000e1e00000, 0x00000000e1e00000| Untracked 
|  31|0x00000000e1f00000, 0x00000000e1f00000, 0x00000000e2000000|  0%| F|  |TAMS 0x00000000e1f00000, 0x00000000e1f00000| Untracked 
|  32|0x00000000e2000000, 0x00000000e2000000, 0x00000000e2100000|  0%| F|  |TAMS 0x00000000e2000000, 0x00000000e2000000| Untracked 
|  33|0x00000000e2100000, 0x00000000e2100000, 0x00000000e2200000|  0%| F|  |TAMS 0x00000000e2100000, 0x00000000e2100000| Untracked 
|  34|0x00000000e2200000, 0x00000000e2200000, 0x00000000e2300000|  0%| F|  |TAMS 0x00000000e2200000, 0x00000000e2200000| Untracked 
|  35|0x00000000e2300000, 0x00000000e2300000, 0x00000000e2400000|  0%| F|  |TAMS 0x00000000e2300000, 0x00000000e2300000| Untracked 
|  36|0x00000000e2400000, 0x00000000e2400000, 0x00000000e2500000|  0%| F|  |TAMS 0x00000000e2400000, 0x00000000e2400000| Untracked 
|  37|0x00000000e2500000, 0x00000000e2500000, 0x00000000e2600000|  0%| F|  |TAMS 0x00000000e2500000, 0x00000000e2500000| Untracked 
|  38|0x00000000e2600000, 0x00000000e2600000, 0x00000000e2700000|  0%| F|  |TAMS 0x00000000e2600000, 0x00000000e2600000| Untracked 
|  39|0x00000000e2700000, 0x00000000e2700000, 0x00000000e2800000|  0%| F|  |TAMS 0x00000000e2700000, 0x00000000e2700000| Untracked 
|  40|0x00000000e2800000, 0x00000000e2800000, 0x00000000e2900000|  0%| F|  |TAMS 0x00000000e2800000, 0x00000000e2800000| Untracked 
|  41|0x00000000e2900000, 0x00000000e2900000, 0x00000000e2a00000|  0%| F|  |TAMS 0x00000000e2900000, 0x00000000e2900000| Untracked 
|  42|0x00000000e2a00000, 0x00000000e2a00000, 0x00000000e2b00000|  0%| F|  |TAMS 0x00000000e2a00000, 0x00000000e2a00000| Untracked 
|  43|0x00000000e2b00000, 0x00000000e2b00000, 0x00000000e2c00000|  0%| F|  |TAMS 0x00000000e2b00000, 0x00000000e2b00000| Untracked 
|  44|0x00000000e2c00000, 0x00000000e2c00000, 0x00000000e2d00000|  0%| F|  |TAMS 0x00000000e2c00000, 0x00000000e2c00000| Untracked 
|  45|0x00000000e2d00000, 0x00000000e2d00000, 0x00000000e2e00000|  0%| F|  |TAMS 0x00000000e2d00000, 0x00000000e2d00000| Untracked 
|  46|0x00000000e2e00000, 0x00000000e2e00000, 0x00000000e2f00000|  0%| F|  |TAMS 0x00000000e2e00000, 0x00000000e2e00000| Untracked 
|  47|0x00000000e2f00000, 0x00000000e2f00000, 0x00000000e3000000|  0%| F|  |TAMS 0x00000000e2f00000, 0x00000000e2f00000| Untracked 
|  48|0x00000000e3000000, 0x00000000e3000000, 0x00000000e3100000|  0%| F|  |TAMS 0x00000000e3000000, 0x00000000e3000000| Untracked 
|  49|0x00000000e3100000, 0x00000000e3100000, 0x00000000e3200000|  0%| F|  |TAMS 0x00000000e3100000, 0x00000000e3100000| Untracked 
|  50|0x00000000e3200000, 0x00000000e3200000, 0x00000000e3300000|  0%| F|  |TAMS 0x00000000e3200000, 0x00000000e3200000| Untracked 
|  51|0x00000000e3300000, 0x00000000e3300000, 0x00000000e3400000|  0%| F|  |TAMS 0x00000000e3300000, 0x00000000e3300000| Untracked 
|  52|0x00000000e3400000, 0x00000000e3400000, 0x00000000e3500000|  0%| F|  |TAMS 0x00000000e3400000, 0x00000000e3400000| Untracked 
|  53|0x00000000e3500000, 0x00000000e3500000, 0x00000000e3600000|  0%| F|  |TAMS 0x00000000e3500000, 0x00000000e3500000| Untracked 
|  54|0x00000000e3600000, 0x00000000e3600000, 0x00000000e3700000|  0%| F|  |TAMS 0x00000000e3600000, 0x00000000e3600000| Untracked 
|  55|0x00000000e3700000, 0x00000000e3700000, 0x00000000e3800000|  0%| F|  |TAMS 0x00000000e3700000, 0x00000000e3700000| Untracked 
|  56|0x00000000e3800000, 0x00000000e3800000, 0x00000000e3900000|  0%| F|  |TAMS 0x00000000e3800000, 0x00000000e3800000| Untracked 
|  57|0x00000000e3900000, 0x00000000e3900000, 0x00000000e3a00000|  0%| F|  |TAMS 0x00000000e3900000, 0x00000000e3900000| Untracked 
|  58|0x00000000e3a00000, 0x00000000e3a00000, 0x00000000e3b00000|  0%| F|  |TAMS 0x00000000e3a00000, 0x00000000e3a00000| Untracked 
|  59|0x00000000e3b00000, 0x00000000e3b00000, 0x00000000e3c00000|  0%| F|  |TAMS 0x00000000e3b00000, 0x00000000e3b00000| Untracked 
|  60|0x00000000e3c00000, 0x00000000e3c00000, 0x00000000e3d00000|  0%| F|  |TAMS 0x00000000e3c00000, 0x00000000e3c00000| Untracked 
|  61|0x00000000e3d00000, 0x00000000e3d00000, 0x00000000e3e00000|  0%| F|  |TAMS 0x00000000e3d00000, 0x00000000e3d00000| Untracked 
|  62|0x00000000e3e00000, 0x00000000e3e00000, 0x00000000e3f00000|  0%| F|  |TAMS 0x00000000e3e00000, 0x00000000e3e00000| Untracked 
|  63|0x00000000e3f00000, 0x00000000e3f00000, 0x00000000e4000000|  0%| F|  |TAMS 0x00000000e3f00000, 0x00000000e3f00000| Untracked 
|  64|0x00000000e4000000, 0x00000000e4000000, 0x00000000e4100000|  0%| F|  |TAMS 0x00000000e4000000, 0x00000000e4000000| Untracked 
|  65|0x00000000e4100000, 0x00000000e4100000, 0x00000000e4200000|  0%| F|  |TAMS 0x00000000e4100000, 0x00000000e4100000| Untracked 
|  66|0x00000000e4200000, 0x00000000e4200000, 0x00000000e4300000|  0%| F|  |TAMS 0x00000000e4200000, 0x00000000e4200000| Untracked 
|  67|0x00000000e4300000, 0x00000000e4300000, 0x00000000e4400000|  0%| F|  |TAMS 0x00000000e4300000, 0x00000000e4300000| Untracked 
|  68|0x00000000e4400000, 0x00000000e4400000, 0x00000000e4500000|  0%| F|  |TAMS 0x00000000e4400000, 0x00000000e4400000| Untracked 
|  69|0x00000000e4500000, 0x00000000e4500000, 0x00000000e4600000|  0%| F|  |TAMS 0x00000000e4500000, 0x00000000e4500000| Untracked 
|  70|0x00000000e4600000, 0x00000000e4600000, 0x00000000e4700000|  0%| F|  |TAMS 0x00000000e4600000, 0x00000000e4600000| Untracked 
|  71|0x00000000e4700000, 0x00000000e4700000, 0x00000000e4800000|  0%| F|  |TAMS 0x00000000e4700000, 0x00000000e4700000| Untracked 
|  72|0x00000000e4800000, 0x00000000e4800000, 0x00000000e4900000|  0%| F|  |TAMS 0x00000000e4800000, 0x00000000e4800000| Untracked 
|  73|0x00000000e4900000, 0x00000000e4900000, 0x00000000e4a00000|  0%| F|  |TAMS 0x00000000e4900000, 0x00000000e4900000| Untracked 
|  74|0x00000000e4a00000, 0x00000000e4a00000, 0x00000000e4b00000|  0%| F|  |TAMS 0x00000000e4a00000, 0x00000000e4a00000| Untracked 
|  75|0x00000000e4b00000, 0x00000000e4b00000, 0x00000000e4c00000|  0%| F|  |TAMS 0x00000000e4b00000, 0x00000000e4b00000| Untracked 
|  76|0x00000000e4c00000, 0x00000000e4c00000, 0x00000000e4d00000|  0%| F|  |TAMS 0x00000000e4c00000, 0x00000000e4c00000| Untracked 
|  77|0x00000000e4d00000, 0x00000000e4d00000, 0x00000000e4e00000|  0%| F|  |TAMS 0x00000000e4d00000, 0x00000000e4d00000| Untracked 
|  78|0x00000000e4e00000, 0x00000000e4e00000, 0x00000000e4f00000|  0%| F|  |TAMS 0x00000000e4e00000, 0x00000000e4e00000| Untracked 
|  79|0x00000000e4f00000, 0x00000000e4f00000, 0x00000000e5000000|  0%| F|  |TAMS 0x00000000e4f00000, 0x00000000e4f00000| Untracked 
|  80|0x00000000e5000000, 0x00000000e5000000, 0x00000000e5100000|  0%| F|  |TAMS 0x00000000e5000000, 0x00000000e5000000| Untracked 
|  81|0x00000000e5100000, 0x00000000e5100000, 0x00000000e5200000|  0%| F|  |TAMS 0x00000000e5100000, 0x00000000e5100000| Untracked 
|  82|0x00000000e5200000, 0x00000000e5200000, 0x00000000e5300000|  0%| F|  |TAMS 0x00000000e5200000, 0x00000000e5200000| Untracked 
|  83|0x00000000e5300000, 0x00000000e5300000, 0x00000000e5400000|  0%| F|  |TAMS 0x00000000e5300000, 0x00000000e5300000| Untracked 
|  84|0x00000000e5400000, 0x00000000e5400000, 0x00000000e5500000|  0%| F|  |TAMS 0x00000000e5400000, 0x00000000e5400000| Untracked 
|  85|0x00000000e5500000, 0x00000000e5500000, 0x00000000e5600000|  0%| F|  |TAMS 0x00000000e5500000, 0x00000000e5500000| Untracked 
|  86|0x00000000e5600000, 0x00000000e5600000, 0x00000000e5700000|  0%| F|  |TAMS 0x00000000e5600000, 0x00000000e5600000| Untracked 
|  87|0x00000000e5700000, 0x00000000e5700000, 0x00000000e5800000|  0%| F|  |TAMS 0x00000000e5700000, 0x00000000e5700000| Untracked 
|  88|0x00000000e5800000, 0x00000000e5800000, 0x00000000e5900000|  0%| F|  |TAMS 0x00000000e5800000, 0x00000000e5800000| Untracked 
|  89|0x00000000e5900000, 0x00000000e5900000, 0x00000000e5a00000|  0%| F|  |TAMS 0x00000000e5900000, 0x00000000e5900000| Untracked 
|  90|0x00000000e5a00000, 0x00000000e5a00000, 0x00000000e5b00000|  0%| F|  |TAMS 0x00000000e5a00000, 0x00000000e5a00000| Untracked 
|  91|0x00000000e5b00000, 0x00000000e5b00000, 0x00000000e5c00000|  0%| F|  |TAMS 0x00000000e5b00000, 0x00000000e5b00000| Untracked 
|  92|0x00000000e5c00000, 0x00000000e5c00000, 0x00000000e5d00000|  0%| F|  |TAMS 0x00000000e5c00000, 0x00000000e5c00000| Untracked 
|  93|0x00000000e5d00000, 0x00000000e5d00000, 0x00000000e5e00000|  0%| F|  |TAMS 0x00000000e5d00000, 0x00000000e5d00000| Untracked 
|  94|0x00000000e5e00000, 0x00000000e5e00000, 0x00000000e5f00000|  0%| F|  |TAMS 0x00000000e5e00000, 0x00000000e5e00000| Untracked 
|  95|0x00000000e5f00000, 0x00000000e5f00000, 0x00000000e6000000|  0%| F|  |TAMS 0x00000000e5f00000, 0x00000000e5f00000| Untracked 
|  96|0x00000000e6000000, 0x00000000e6000000, 0x00000000e6100000|  0%| F|  |TAMS 0x00000000e6000000, 0x00000000e6000000| Untracked 
|  97|0x00000000e6100000, 0x00000000e6100000, 0x00000000e6200000|  0%| F|  |TAMS 0x00000000e6100000, 0x00000000e6100000| Untracked 
|  98|0x00000000e6200000, 0x00000000e6200000, 0x00000000e6300000|  0%| F|  |TAMS 0x00000000e6200000, 0x00000000e6200000| Untracked 
|  99|0x00000000e6300000, 0x00000000e6300000, 0x00000000e6400000|  0%| F|  |TAMS 0x00000000e6300000, 0x00000000e6300000| Untracked 
| 100|0x00000000e6400000, 0x00000000e6400000, 0x00000000e6500000|  0%| F|  |TAMS 0x00000000e6400000, 0x00000000e6400000| Untracked 
| 101|0x00000000e6500000, 0x00000000e6500000, 0x00000000e6600000|  0%| F|  |TAMS 0x00000000e6500000, 0x00000000e6500000| Untracked 
| 102|0x00000000e6600000, 0x00000000e6600000, 0x00000000e6700000|  0%| F|  |TAMS 0x00000000e6600000, 0x00000000e6600000| Untracked 
| 103|0x00000000e6700000, 0x00000000e6700000, 0x00000000e6800000|  0%| F|  |TAMS 0x00000000e6700000, 0x00000000e6700000| Untracked 
| 104|0x00000000e6800000, 0x00000000e6800000, 0x00000000e6900000|  0%| F|  |TAMS 0x00000000e6800000, 0x00000000e6800000| Untracked 
| 105|0x00000000e6900000, 0x00000000e6900000, 0x00000000e6a00000|  0%| F|  |TAMS 0x00000000e6900000, 0x00000000e6900000| Untracked 
| 106|0x00000000e6a00000, 0x00000000e6a00000, 0x00000000e6b00000|  0%| F|  |TAMS 0x00000000e6a00000, 0x00000000e6a00000| Untracked 
| 107|0x00000000e6b00000, 0x00000000e6b00000, 0x00000000e6c00000|  0%| F|  |TAMS 0x00000000e6b00000, 0x00000000e6b00000| Untracked 
| 108|0x00000000e6c00000, 0x00000000e6c00000, 0x00000000e6d00000|  0%| F|  |TAMS 0x00000000e6c00000, 0x00000000e6c00000| Untracked 
| 109|0x00000000e6d00000, 0x00000000e6d00000, 0x00000000e6e00000|  0%| F|  |TAMS 0x00000000e6d00000, 0x00000000e6d00000| Untracked 
| 110|0x00000000e6e00000, 0x00000000e6e00000, 0x00000000e6f00000|  0%| F|  |TAMS 0x00000000e6e00000, 0x00000000e6e00000| Untracked 
| 111|0x00000000e6f00000, 0x00000000e6f00000, 0x00000000e7000000|  0%| F|  |TAMS 0x00000000e6f00000, 0x00000000e6f00000| Untracked 
| 112|0x00000000e7000000, 0x00000000e7000000, 0x00000000e7100000|  0%| F|  |TAMS 0x00000000e7000000, 0x00000000e7000000| Untracked 
| 113|0x00000000e7100000, 0x00000000e7100000, 0x00000000e7200000|  0%| F|  |TAMS 0x00000000e7100000, 0x00000000e7100000| Untracked 
| 114|0x00000000e7200000, 0x00000000e7200000, 0x00000000e7300000|  0%| F|  |TAMS 0x00000000e7200000, 0x00000000e7200000| Untracked 
| 115|0x00000000e7300000, 0x00000000e7300000, 0x00000000e7400000|  0%| F|  |TAMS 0x00000000e7300000, 0x00000000e7300000| Untracked 
| 116|0x00000000e7400000, 0x00000000e7400000, 0x00000000e7500000|  0%| F|  |TAMS 0x00000000e7400000, 0x00000000e7400000| Untracked 
| 117|0x00000000e7500000, 0x00000000e7500000, 0x00000000e7600000|  0%| F|  |TAMS 0x00000000e7500000, 0x00000000e7500000| Untracked 
| 118|0x00000000e7600000, 0x00000000e7600000, 0x00000000e7700000|  0%| F|  |TAMS 0x00000000e7600000, 0x00000000e7600000| Untracked 
| 119|0x00000000e7700000, 0x00000000e7700000, 0x00000000e7800000|  0%| F|  |TAMS 0x00000000e7700000, 0x00000000e7700000| Untracked 
| 120|0x00000000e7800000, 0x00000000e7800000, 0x00000000e7900000|  0%| F|  |TAMS 0x00000000e7800000, 0x00000000e7800000| Untracked 
| 121|0x00000000e7900000, 0x00000000e7900000, 0x00000000e7a00000|  0%| F|  |TAMS 0x00000000e7900000, 0x00000000e7900000| Untracked 
| 122|0x00000000e7a00000, 0x00000000e7a00000, 0x00000000e7b00000|  0%| F|  |TAMS 0x00000000e7a00000, 0x00000000e7a00000| Untracked 
| 123|0x00000000e7b00000, 0x00000000e7b00000, 0x00000000e7c00000|  0%| F|  |TAMS 0x00000000e7b00000, 0x00000000e7b00000| Untracked 
| 124|0x00000000e7c00000, 0x00000000e7c00000, 0x00000000e7d00000|  0%| F|  |TAMS 0x00000000e7c00000, 0x00000000e7c00000| Untracked 
| 125|0x00000000e7d00000, 0x00000000e7d00000, 0x00000000e7e00000|  0%| F|  |TAMS 0x00000000e7d00000, 0x00000000e7d00000| Untracked 
| 126|0x00000000e7e00000, 0x00000000e7e00000, 0x00000000e7f00000|  0%| F|  |TAMS 0x00000000e7e00000, 0x00000000e7e00000| Untracked 
| 127|0x00000000e7f00000, 0x00000000e7f00000, 0x00000000e8000000|  0%| F|  |TAMS 0x00000000e7f00000, 0x00000000e7f00000| Untracked 
| 128|0x00000000e8000000, 0x00000000e8000000, 0x00000000e8100000|  0%| F|  |TAMS 0x00000000e8000000, 0x00000000e8000000| Untracked 
| 129|0x00000000e8100000, 0x00000000e8100000, 0x00000000e8200000|  0%| F|  |TAMS 0x00000000e8100000, 0x00000000e8100000| Untracked 
| 130|0x00000000e8200000, 0x00000000e8200000, 0x00000000e8300000|  0%| F|  |TAMS 0x00000000e8200000, 0x00000000e8200000| Untracked 
| 131|0x00000000e8300000, 0x00000000e8400000, 0x00000000e8400000|100%| E|  |TAMS 0x00000000e8300000, 0x00000000e8300000| Complete 
| 132|0x00000000e8400000, 0x00000000e8500000, 0x00000000e8500000|100%| E|CS|TAMS 0x00000000e8400000, 0x00000000e8400000| Complete 
| 133|0x00000000e8500000, 0x00000000e8600000, 0x00000000e8600000|100%| E|CS|TAMS 0x00000000e8500000, 0x00000000e8500000| Complete 
| 134|0x00000000e8600000, 0x00000000e8700000, 0x00000000e8700000|100%| E|CS|TAMS 0x00000000e8600000, 0x00000000e8600000| Complete 
| 135|0x00000000e8700000, 0x00000000e8800000, 0x00000000e8800000|100%| E|CS|TAMS 0x00000000e8700000, 0x00000000e8700000| Complete 
| 136|0x00000000e8800000, 0x00000000e8900000, 0x00000000e8900000|100%| E|CS|TAMS 0x00000000e8800000, 0x00000000e8800000| Complete 
| 137|0x00000000e8900000, 0x00000000e8a00000, 0x00000000e8a00000|100%| E|CS|TAMS 0x00000000e8900000, 0x00000000e8900000| Complete 
| 138|0x00000000e8a00000, 0x00000000e8b00000, 0x00000000e8b00000|100%| E|CS|TAMS 0x00000000e8a00000, 0x00000000e8a00000| Complete 
| 139|0x00000000e8b00000, 0x00000000e8c00000, 0x00000000e8c00000|100%| E|CS|TAMS 0x00000000e8b00000, 0x00000000e8b00000| Complete 
| 140|0x00000000e8c00000, 0x00000000e8d00000, 0x00000000e8d00000|100%| E|CS|TAMS 0x00000000e8c00000, 0x00000000e8c00000| Complete 
| 141|0x00000000e8d00000, 0x00000000e8e00000, 0x00000000e8e00000|100%| E|CS|TAMS 0x00000000e8d00000, 0x00000000e8d00000| Complete 
| 142|0x00000000e8e00000, 0x00000000e8f00000, 0x00000000e8f00000|100%| E|CS|TAMS 0x00000000e8e00000, 0x00000000e8e00000| Complete 
| 143|0x00000000e8f00000, 0x00000000e9000000, 0x00000000e9000000|100%| E|CS|TAMS 0x00000000e8f00000, 0x00000000e8f00000| Complete 
| 144|0x00000000e9000000, 0x00000000e9100000, 0x00000000e9100000|100%| E|CS|TAMS 0x00000000e9000000, 0x00000000e9000000| Complete 
| 145|0x00000000e9100000, 0x00000000e9200000, 0x00000000e9200000|100%| E|CS|TAMS 0x00000000e9100000, 0x00000000e9100000| Complete 
| 146|0x00000000e9200000, 0x00000000e9300000, 0x00000000e9300000|100%| E|CS|TAMS 0x00000000e9200000, 0x00000000e9200000| Complete 
| 147|0x00000000e9300000, 0x00000000e9400000, 0x00000000e9400000|100%| E|CS|TAMS 0x00000000e9300000, 0x00000000e9300000| Complete 
| 148|0x00000000e9400000, 0x00000000e9500000, 0x00000000e9500000|100%| E|CS|TAMS 0x00000000e9400000, 0x00000000e9400000| Complete 
| 149|0x00000000e9500000, 0x00000000e9600000, 0x00000000e9600000|100%| E|CS|TAMS 0x00000000e9500000, 0x00000000e9500000| Complete 
| 150|0x00000000e9600000, 0x00000000e9700000, 0x00000000e9700000|100%| E|CS|TAMS 0x00000000e9600000, 0x00000000e9600000| Complete 
| 151|0x00000000e9700000, 0x00000000e9800000, 0x00000000e9800000|100%| E|CS|TAMS 0x00000000e9700000, 0x00000000e9700000| Complete 
| 152|0x00000000e9800000, 0x00000000e9900000, 0x00000000e9900000|100%| E|CS|TAMS 0x00000000e9800000, 0x00000000e9800000| Complete 
| 153|0x00000000e9900000, 0x00000000e9a00000, 0x00000000e9a00000|100%| E|CS|TAMS 0x00000000e9900000, 0x00000000e9900000| Complete 
| 154|0x00000000e9a00000, 0x00000000e9b00000, 0x00000000e9b00000|100%| E|CS|TAMS 0x00000000e9a00000, 0x00000000e9a00000| Complete 
| 155|0x00000000e9b00000, 0x00000000e9c00000, 0x00000000e9c00000|100%| E|CS|TAMS 0x00000000e9b00000, 0x00000000e9b00000| Complete 
| 156|0x00000000e9c00000, 0x00000000e9d00000, 0x00000000e9d00000|100%| E|CS|TAMS 0x00000000e9c00000, 0x00000000e9c00000| Complete 
| 157|0x00000000e9d00000, 0x00000000e9e00000, 0x00000000e9e00000|100%| E|CS|TAMS 0x00000000e9d00000, 0x00000000e9d00000| Complete 
| 158|0x00000000e9e00000, 0x00000000e9f00000, 0x00000000e9f00000|100%| E|CS|TAMS 0x00000000e9e00000, 0x00000000e9e00000| Complete 
| 159|0x00000000e9f00000, 0x00000000ea000000, 0x00000000ea000000|100%| E|CS|TAMS 0x00000000e9f00000, 0x00000000e9f00000| Complete 
| 160|0x00000000ea000000, 0x00000000ea100000, 0x00000000ea100000|100%| E|CS|TAMS 0x00000000ea000000, 0x00000000ea000000| Complete 
| 161|0x00000000ea100000, 0x00000000ea200000, 0x00000000ea200000|100%| E|CS|TAMS 0x00000000ea100000, 0x00000000ea100000| Complete 
| 162|0x00000000ea200000, 0x00000000ea300000, 0x00000000ea300000|100%| E|CS|TAMS 0x00000000ea200000, 0x00000000ea200000| Complete 
| 163|0x00000000ea300000, 0x00000000ea400000, 0x00000000ea400000|100%| E|CS|TAMS 0x00000000ea300000, 0x00000000ea300000| Complete 
| 164|0x00000000ea400000, 0x00000000ea500000, 0x00000000ea500000|100%| E|CS|TAMS 0x00000000ea400000, 0x00000000ea400000| Complete 
| 165|0x00000000ea500000, 0x00000000ea600000, 0x00000000ea600000|100%| E|CS|TAMS 0x00000000ea500000, 0x00000000ea500000| Complete 
| 166|0x00000000ea600000, 0x00000000ea700000, 0x00000000ea700000|100%| E|CS|TAMS 0x00000000ea600000, 0x00000000ea600000| Complete 
| 167|0x00000000ea700000, 0x00000000ea78a1a0, 0x00000000ea800000| 53%| S|CS|TAMS 0x00000000ea700000, 0x00000000ea700000| Complete 
| 168|0x00000000ea800000, 0x00000000ea900000, 0x00000000ea900000|100%| S|CS|TAMS 0x00000000ea800000, 0x00000000ea800000| Complete 
| 169|0x00000000ea900000, 0x00000000eaa00000, 0x00000000eaa00000|100%| S|CS|TAMS 0x00000000ea900000, 0x00000000ea900000| Complete 
| 170|0x00000000eaa00000, 0x00000000eab00000, 0x00000000eab00000|100%| S|CS|TAMS 0x00000000eaa00000, 0x00000000eaa00000| Complete 
| 171|0x00000000eab00000, 0x00000000eac00000, 0x00000000eac00000|100%| S|CS|TAMS 0x00000000eab00000, 0x00000000eab00000| Complete 
| 172|0x00000000eac00000, 0x00000000ead00000, 0x00000000ead00000|100%| S|CS|TAMS 0x00000000eac00000, 0x00000000eac00000| Complete 
| 173|0x00000000ead00000, 0x00000000eae00000, 0x00000000eae00000|100%| S|CS|TAMS 0x00000000ead00000, 0x00000000ead00000| Complete 
| 174|0x00000000eae00000, 0x00000000eaf00000, 0x00000000eaf00000|100%| S|CS|TAMS 0x00000000eae00000, 0x00000000eae00000| Complete 
| 175|0x00000000eaf00000, 0x00000000eb000000, 0x00000000eb000000|100%| S|CS|TAMS 0x00000000eaf00000, 0x00000000eaf00000| Complete 
| 176|0x00000000eb000000, 0x00000000eb100000, 0x00000000eb100000|100%| S|CS|TAMS 0x00000000eb000000, 0x00000000eb000000| Complete 
| 177|0x00000000eb100000, 0x00000000eb200000, 0x00000000eb200000|100%| S|CS|TAMS 0x00000000eb100000, 0x00000000eb100000| Complete 
| 178|0x00000000eb200000, 0x00000000eb300000, 0x00000000eb300000|100%| S|CS|TAMS 0x00000000eb200000, 0x00000000eb200000| Complete 
| 179|0x00000000eb300000, 0x00000000eb400000, 0x00000000eb400000|100%| S|CS|TAMS 0x00000000eb300000, 0x00000000eb300000| Complete 
| 180|0x00000000eb400000, 0x00000000eb500000, 0x00000000eb500000|100%| E|CS|TAMS 0x00000000eb400000, 0x00000000eb400000| Complete 
| 181|0x00000000eb500000, 0x00000000eb600000, 0x00000000eb600000|100%| E|CS|TAMS 0x00000000eb500000, 0x00000000eb500000| Complete 
| 182|0x00000000eb600000, 0x00000000eb700000, 0x00000000eb700000|100%| E|CS|TAMS 0x00000000eb600000, 0x00000000eb600000| Complete 
| 183|0x00000000eb700000, 0x00000000eb800000, 0x00000000eb800000|100%| E|CS|TAMS 0x00000000eb700000, 0x00000000eb700000| Complete 
| 184|0x00000000eb800000, 0x00000000eb900000, 0x00000000eb900000|100%| E|CS|TAMS 0x00000000eb800000, 0x00000000eb800000| Complete 
| 185|0x00000000eb900000, 0x00000000eba00000, 0x00000000eba00000|100%| E|CS|TAMS 0x00000000eb900000, 0x00000000eb900000| Complete 
| 186|0x00000000eba00000, 0x00000000ebb00000, 0x00000000ebb00000|100%| E|CS|TAMS 0x00000000eba00000, 0x00000000eba00000| Complete 
| 187|0x00000000ebb00000, 0x00000000ebc00000, 0x00000000ebc00000|100%| E|CS|TAMS 0x00000000ebb00000, 0x00000000ebb00000| Complete 
| 188|0x00000000ebc00000, 0x00000000ebd00000, 0x00000000ebd00000|100%| E|CS|TAMS 0x00000000ebc00000, 0x00000000ebc00000| Complete 
| 189|0x00000000ebd00000, 0x00000000ebe00000, 0x00000000ebe00000|100%| E|CS|TAMS 0x00000000ebd00000, 0x00000000ebd00000| Complete 
| 190|0x00000000ebe00000, 0x00000000ebf00000, 0x00000000ebf00000|100%| E|  |TAMS 0x00000000ebe00000, 0x00000000ebe00000| Complete 
| 191|0x00000000ebf00000, 0x00000000ec000000, 0x00000000ec000000|100%| E|CS|TAMS 0x00000000ebf00000, 0x00000000ebf00000| Complete 
| 192|0x00000000ec000000, 0x00000000ec100000, 0x00000000ec100000|100%| E|CS|TAMS 0x00000000ec000000, 0x00000000ec000000| Complete 
| 193|0x00000000ec100000, 0x00000000ec200000, 0x00000000ec200000|100%| E|CS|TAMS 0x00000000ec100000, 0x00000000ec100000| Complete 
| 194|0x00000000ec200000, 0x00000000ec300000, 0x00000000ec300000|100%| E|CS|TAMS 0x00000000ec200000, 0x00000000ec200000| Complete 
| 195|0x00000000ec300000, 0x00000000ec400000, 0x00000000ec400000|100%| E|CS|TAMS 0x00000000ec300000, 0x00000000ec300000| Complete 
| 196|0x00000000ec400000, 0x00000000ec500000, 0x00000000ec500000|100%| E|CS|TAMS 0x00000000ec400000, 0x00000000ec400000| Complete 
| 197|0x00000000ec500000, 0x00000000ec600000, 0x00000000ec600000|100%| E|CS|TAMS 0x00000000ec500000, 0x00000000ec500000| Complete 
| 198|0x00000000ec600000, 0x00000000ec700000, 0x00000000ec700000|100%| E|CS|TAMS 0x00000000ec600000, 0x00000000ec600000| Complete 
| 199|0x00000000ec700000, 0x00000000ec800000, 0x00000000ec800000|100%| E|CS|TAMS 0x00000000ec700000, 0x00000000ec700000| Complete 
| 200|0x00000000ec800000, 0x00000000ec900000, 0x00000000ec900000|100%| E|CS|TAMS 0x00000000ec800000, 0x00000000ec800000| Complete 
| 201|0x00000000ec900000, 0x00000000eca00000, 0x00000000eca00000|100%| E|CS|TAMS 0x00000000ec900000, 0x00000000ec900000| Complete 
| 202|0x00000000eca00000, 0x00000000ecb00000, 0x00000000ecb00000|100%| E|CS|TAMS 0x00000000eca00000, 0x00000000eca00000| Complete 
| 203|0x00000000ecb00000, 0x00000000ecc00000, 0x00000000ecc00000|100%| E|CS|TAMS 0x00000000ecb00000, 0x00000000ecb00000| Complete 
| 204|0x00000000ecc00000, 0x00000000ecd00000, 0x00000000ecd00000|100%| E|CS|TAMS 0x00000000ecc00000, 0x00000000ecc00000| Complete 
| 205|0x00000000ecd00000, 0x00000000ece00000, 0x00000000ece00000|100%| E|CS|TAMS 0x00000000ecd00000, 0x00000000ecd00000| Complete 
| 206|0x00000000ece00000, 0x00000000ecf00000, 0x00000000ecf00000|100%| E|CS|TAMS 0x00000000ece00000, 0x00000000ece00000| Complete 
| 207|0x00000000ecf00000, 0x00000000ed000000, 0x00000000ed000000|100%| E|CS|TAMS 0x00000000ecf00000, 0x00000000ecf00000| Complete 
| 208|0x00000000ed000000, 0x00000000ed100000, 0x00000000ed100000|100%| E|CS|TAMS 0x00000000ed000000, 0x00000000ed000000| Complete 
| 209|0x00000000ed100000, 0x00000000ed200000, 0x00000000ed200000|100%| E|CS|TAMS 0x00000000ed100000, 0x00000000ed100000| Complete 
| 210|0x00000000ed200000, 0x00000000ed300000, 0x00000000ed300000|100%| E|CS|TAMS 0x00000000ed200000, 0x00000000ed200000| Complete 
| 211|0x00000000ed300000, 0x00000000ed400000, 0x00000000ed400000|100%| E|CS|TAMS 0x00000000ed300000, 0x00000000ed300000| Complete 
| 212|0x00000000ed400000, 0x00000000ed500000, 0x00000000ed500000|100%| E|CS|TAMS 0x00000000ed400000, 0x00000000ed400000| Complete 
| 213|0x00000000ed500000, 0x00000000ed600000, 0x00000000ed600000|100%| E|CS|TAMS 0x00000000ed500000, 0x00000000ed500000| Complete 
| 214|0x00000000ed600000, 0x00000000ed700000, 0x00000000ed700000|100%| E|CS|TAMS 0x00000000ed600000, 0x00000000ed600000| Complete 
| 215|0x00000000ed700000, 0x00000000ed800000, 0x00000000ed800000|100%| E|CS|TAMS 0x00000000ed700000, 0x00000000ed700000| Complete 
| 216|0x00000000ed800000, 0x00000000ed900000, 0x00000000ed900000|100%| E|CS|TAMS 0x00000000ed800000, 0x00000000ed800000| Complete 
| 217|0x00000000ed900000, 0x00000000eda00000, 0x00000000eda00000|100%| E|CS|TAMS 0x00000000ed900000, 0x00000000ed900000| Complete 
| 218|0x00000000eda00000, 0x00000000edb00000, 0x00000000edb00000|100%| E|CS|TAMS 0x00000000eda00000, 0x00000000eda00000| Complete 
| 219|0x00000000edb00000, 0x00000000edc00000, 0x00000000edc00000|100%| E|CS|TAMS 0x00000000edb00000, 0x00000000edb00000| Complete 
| 220|0x00000000edc00000, 0x00000000edd00000, 0x00000000edd00000|100%| E|CS|TAMS 0x00000000edc00000, 0x00000000edc00000| Complete 
| 221|0x00000000edd00000, 0x00000000ede00000, 0x00000000ede00000|100%| E|CS|TAMS 0x00000000edd00000, 0x00000000edd00000| Complete 
| 222|0x00000000ede00000, 0x00000000edf00000, 0x00000000edf00000|100%| E|CS|TAMS 0x00000000ede00000, 0x00000000ede00000| Complete 
| 223|0x00000000edf00000, 0x00000000ee000000, 0x00000000ee000000|100%| E|CS|TAMS 0x00000000edf00000, 0x00000000edf00000| Complete 
| 224|0x00000000ee000000, 0x00000000ee100000, 0x00000000ee100000|100%| E|CS|TAMS 0x00000000ee000000, 0x00000000ee000000| Complete 
| 225|0x00000000ee100000, 0x00000000ee200000, 0x00000000ee200000|100%| E|CS|TAMS 0x00000000ee100000, 0x00000000ee100000| Complete 
| 226|0x00000000ee200000, 0x00000000ee300000, 0x00000000ee300000|100%| E|CS|TAMS 0x00000000ee200000, 0x00000000ee200000| Complete 
| 227|0x00000000ee300000, 0x00000000ee400000, 0x00000000ee400000|100%| E|CS|TAMS 0x00000000ee300000, 0x00000000ee300000| Complete 
| 228|0x00000000ee400000, 0x00000000ee500000, 0x00000000ee500000|100%| E|CS|TAMS 0x00000000ee400000, 0x00000000ee400000| Complete 
| 229|0x00000000ee500000, 0x00000000ee600000, 0x00000000ee600000|100%| E|CS|TAMS 0x00000000ee500000, 0x00000000ee500000| Complete 
| 230|0x00000000ee600000, 0x00000000ee700000, 0x00000000ee700000|100%| E|CS|TAMS 0x00000000ee600000, 0x00000000ee600000| Complete 
| 231|0x00000000ee700000, 0x00000000ee800000, 0x00000000ee800000|100%| E|CS|TAMS 0x00000000ee700000, 0x00000000ee700000| Complete 
| 232|0x00000000ee800000, 0x00000000ee900000, 0x00000000ee900000|100%| E|CS|TAMS 0x00000000ee800000, 0x00000000ee800000| Complete 
| 233|0x00000000ee900000, 0x00000000eea00000, 0x00000000eea00000|100%| E|CS|TAMS 0x00000000ee900000, 0x00000000ee900000| Complete 
| 234|0x00000000eea00000, 0x00000000eeb00000, 0x00000000eeb00000|100%| E|CS|TAMS 0x00000000eea00000, 0x00000000eea00000| Complete 
| 235|0x00000000eeb00000, 0x00000000eec00000, 0x00000000eec00000|100%| E|CS|TAMS 0x00000000eeb00000, 0x00000000eeb00000| Complete 
| 236|0x00000000eec00000, 0x00000000eed00000, 0x00000000eed00000|100%| E|CS|TAMS 0x00000000eec00000, 0x00000000eec00000| Complete 
| 237|0x00000000eed00000, 0x00000000eee00000, 0x00000000eee00000|100%| E|CS|TAMS 0x00000000eed00000, 0x00000000eed00000| Complete 
| 238|0x00000000eee00000, 0x00000000eef00000, 0x00000000eef00000|100%| E|CS|TAMS 0x00000000eee00000, 0x00000000eee00000| Complete 
| 239|0x00000000eef00000, 0x00000000ef000000, 0x00000000ef000000|100%| E|CS|TAMS 0x00000000eef00000, 0x00000000eef00000| Complete 
| 240|0x00000000ef000000, 0x00000000ef100000, 0x00000000ef100000|100%| E|CS|TAMS 0x00000000ef000000, 0x00000000ef000000| Complete 
| 241|0x00000000ef100000, 0x00000000ef200000, 0x00000000ef200000|100%| E|CS|TAMS 0x00000000ef100000, 0x00000000ef100000| Complete 
| 242|0x00000000ef200000, 0x00000000ef300000, 0x00000000ef300000|100%| E|CS|TAMS 0x00000000ef200000, 0x00000000ef200000| Complete 
| 243|0x00000000ef300000, 0x00000000ef400000, 0x00000000ef400000|100%| E|CS|TAMS 0x00000000ef300000, 0x00000000ef300000| Complete 
| 244|0x00000000ef400000, 0x00000000ef500000, 0x00000000ef500000|100%| E|CS|TAMS 0x00000000ef400000, 0x00000000ef400000| Complete 
| 245|0x00000000ef500000, 0x00000000ef600000, 0x00000000ef600000|100%| E|CS|TAMS 0x00000000ef500000, 0x00000000ef500000| Complete 
| 246|0x00000000ef600000, 0x00000000ef700000, 0x00000000ef700000|100%| E|CS|TAMS 0x00000000ef600000, 0x00000000ef600000| Complete 
| 247|0x00000000ef700000, 0x00000000ef800000, 0x00000000ef800000|100%| E|CS|TAMS 0x00000000ef700000, 0x00000000ef700000| Complete 
| 248|0x00000000ef800000, 0x00000000ef900000, 0x00000000ef900000|100%| E|CS|TAMS 0x00000000ef800000, 0x00000000ef800000| Complete 
| 249|0x00000000ef900000, 0x00000000efa00000, 0x00000000efa00000|100%| E|CS|TAMS 0x00000000ef900000, 0x00000000ef900000| Complete 
| 250|0x00000000efa00000, 0x00000000efb00000, 0x00000000efb00000|100%| E|CS|TAMS 0x00000000efa00000, 0x00000000efa00000| Complete 
| 251|0x00000000efb00000, 0x00000000efc00000, 0x00000000efc00000|100%| E|CS|TAMS 0x00000000efb00000, 0x00000000efb00000| Complete 
| 252|0x00000000efc00000, 0x00000000efd00000, 0x00000000efd00000|100%| E|CS|TAMS 0x00000000efc00000, 0x00000000efc00000| Complete 
| 253|0x00000000efd00000, 0x00000000efe00000, 0x00000000efe00000|100%| E|CS|TAMS 0x00000000efd00000, 0x00000000efd00000| Complete 
| 254|0x00000000efe00000, 0x00000000eff00000, 0x00000000eff00000|100%| E|CS|TAMS 0x00000000efe00000, 0x00000000efe00000| Complete 
| 255|0x00000000eff00000, 0x00000000f0000000, 0x00000000f0000000|100%| E|CS|TAMS 0x00000000eff00000, 0x00000000eff00000| Complete 

Card table byte_map: [0x00000134632a0000,0x00000134633a0000] _byte_map_base: 0x0000013462ba0000

Marking Bits (Prev, Next): (CMBitMap*) 0x000001344bc5d010, (CMBitMap*) 0x000001344bc5d050
 Prev Bits: [0x00000134634a0000, 0x0000013463ca0000)
 Next Bits: [0x0000013463ca0000, 0x00000134644a0000)

Polling page: 0x0000013449ba0000

Metaspace:

Usage:
  Non-class:     44.13 MB capacity,    43.45 MB ( 98%) used,   618.79 KB (  1%) free+waste,    80.19 KB ( <1%) overhead. 
      Class:      7.00 MB capacity,     6.73 MB ( 96%) used,   235.83 KB (  3%) free+waste,    33.69 KB ( <1%) overhead. 
       Both:     51.13 MB capacity,    50.18 MB ( 98%) used,   854.62 KB (  2%) free+waste,   113.88 KB ( <1%) overhead. 

Virtual space:
  Non-class space:       46.00 MB reserved,      44.17 MB ( 96%) committed 
      Class space:      248.00 MB reserved,       7.00 MB (  3%) committed 
             Both:      294.00 MB reserved,      51.17 MB ( 17%) committed 

Chunk freelists:
   Non-Class:  41.00 KB
       Class:  2.00 KB
        Both:  43.00 KB

MaxMetaspaceSize: 256.00 MB
CompressedClassSpaceSize: 248.00 MB

CodeHeap 'non-profiled nmethods': size=120000Kb used=2813Kb max_used=3249Kb free=117186Kb
 bounds [0x000001345b940000, 0x000001345bc70000, 0x0000013462e70000]
CodeHeap 'profiled nmethods': size=120000Kb used=10993Kb max_used=12078Kb free=109006Kb
 bounds [0x0000013454410000, 0x0000013454fe0000, 0x000001345b940000]
CodeHeap 'non-nmethods': size=5760Kb used=2342Kb max_used=2385Kb free=3417Kb
 bounds [0x0000013453e70000, 0x00000134540e0000, 0x0000013454410000]
 total_blobs=6137 nmethods=5315 adapters=734
 compilation: enabled
              stopped_count=0, restarted_count=0
 full_count=0

Compilation events (20 events):
Event: 24.087 Thread 0x0000013466ef4310 5786       3       java.lang.ProcessEnvironment$CheckedEntrySet$1::hasNext (10 bytes)
Event: 24.087 Thread 0x0000013466ef4310 nmethod 5786 0x0000013454fd7710 code [0x0000013454fd78c0, 0x0000013454fd7a88]
Event: 24.087 Thread 0x0000013466ef4310 5787       3       java.lang.ProcessEnvironment$CheckedEntrySet$1::next (5 bytes)
Event: 24.088 Thread 0x0000013466ef4310 nmethod 5787 0x0000013454fd7b90 code [0x0000013454fd7d60, 0x0000013454fd8248]
Event: 24.088 Thread 0x0000013466ef4310 5788       3       java.lang.ProcessEnvironment$CheckedEntrySet$1::next (20 bytes)
Event: 24.088 Thread 0x0000013466ef4310 nmethod 5788 0x0000013454fd8410 code [0x0000013454fd85e0, 0x0000013454fd8a48]
Event: 24.091 Thread 0x0000013466ef4310 5789   !   3       java.lang.ClassLoader::loadClass (122 bytes)
Event: 24.092 Thread 0x0000013466ef4310 nmethod 5789 0x0000013454fd8b90 code [0x0000013454fd8e40, 0x0000013454fd9b68]
Event: 24.128 Thread 0x0000013466ef4310 5790       3       java.lang.ProcessEnvironment$CheckedEntry::getKey (5 bytes)
Event: 24.128 Thread 0x0000013466ef4310 nmethod 5790 0x0000013454fda210 code [0x0000013454fda3c0, 0x0000013454fda6e8]
Event: 24.128 Thread 0x0000013466ef4310 5791       3       java.lang.ProcessEnvironment$CheckedEntry::getKey (13 bytes)
Event: 24.128 Thread 0x0000013466ef4310 nmethod 5791 0x0000013454fda810 code [0x0000013454fda9c0, 0x0000013454fdac88]
Event: 24.128 Thread 0x0000013466ef4310 5792       3       java.lang.ProcessEnvironment$CheckedEntry::getValue (5 bytes)
Event: 24.128 Thread 0x0000013466ef4310 nmethod 5792 0x0000013454fdad90 code [0x0000013454fdaf40, 0x0000013454fdb268]
Event: 24.133 Thread 0x0000013466ef4310 5795       3       java.lang.Class::getSimpleName (26 bytes)
Event: 24.133 Thread 0x0000013466ef4310 nmethod 5795 0x0000013454fdb390 code [0x0000013454fdb540, 0x0000013454fdb758]
Event: 24.254 Thread 0x0000013466ef3960 nmethod 5548 0x000001345bc55810 code [0x000001345bc55f20, 0x000001345bc5ccd0]
Event: 24.255 Thread 0x0000013466ef3960 5679       4       java.util.HashMap::clear (50 bytes)
Event: 24.260 Thread 0x0000013466ef3960 nmethod 5679 0x000001345bc60990 code [0x000001345bc60b00, 0x000001345bc60d78]
Event: 24.260 Thread 0x0000013466ef3960 5570       4       com.sun.tools.javac.jvm.ClassReader::sigToType (893 bytes)

GC Heap History (8 events):
Event: 0.561 GC heap before
{Heap before GC invocations=0 (full 0):
 garbage-first heap   total 262144K, used 28672K [0x00000000e0000000, 0x0000000100000000)
  region size 1024K, 23 young (23552K), 0 survivors (0K)
 Metaspace       used 3914K, capacity 6543K, committed 6656K, reserved 262144K
  class space    used 487K, capacity 729K, committed 768K, reserved 253952K
}
Event: 0.565 GC heap after
{Heap after GC invocations=1 (full 0):
 garbage-first heap   total 262144K, used 8571K [0x00000000e0000000, 0x0000000100000000)
  region size 1024K, 3 young (3072K), 3 survivors (3072K)
 Metaspace       used 3914K, capacity 6543K, committed 6656K, reserved 262144K
  class space    used 487K, capacity 729K, committed 768K, reserved 253952K
}
Event: 0.745 GC heap before
{Heap before GC invocations=1 (full 0):
 garbage-first heap   total 262144K, used 34171K [0x00000000e0000000, 0x0000000100000000)
  region size 1024K, 29 young (29696K), 3 survivors (3072K)
 Metaspace       used 4092K, capacity 6607K, committed 6656K, reserved 262144K
  class space    used 491K, capacity 729K, committed 768K, reserved 253952K
}
Event: 0.749 GC heap after
{Heap after GC invocations=2 (full 0):
 garbage-first heap   total 262144K, used 12643K [0x00000000e0000000, 0x0000000100000000)
  region size 1024K, 4 young (4096K), 4 survivors (4096K)
 Metaspace       used 4092K, capacity 6607K, committed 6656K, reserved 262144K
  class space    used 491K, capacity 729K, committed 768K, reserved 253952K
}
Event: 2.384 GC heap before
{Heap before GC invocations=2 (full 0):
 garbage-first heap   total 262144K, used 102755K [0x00000000e0000000, 0x0000000100000000)
  region size 1024K, 93 young (95232K), 4 survivors (4096K)
 Metaspace       used 20693K, capacity 21155K, committed 21296K, reserved 272384K
  class space    used 2982K, capacity 3109K, committed 3200K, reserved 253952K
}
Event: 2.392 GC heap after
{Heap after GC invocations=3 (full 0):
 garbage-first heap   total 262144K, used 19012K [0x00000000e0000000, 0x0000000100000000)
  region size 1024K, 11 young (11264K), 11 survivors (11264K)
 Metaspace       used 20693K, capacity 21155K, committed 21296K, reserved 272384K
  class space    used 2982K, capacity 3109K, committed 3200K, reserved 253952K
}
Event: 5.060 GC heap before
{Heap before GC invocations=4 (full 0):
 garbage-first heap   total 262144K, used 98884K [0x00000000e0000000, 0x0000000100000000)
  region size 1024K, 87 young (89088K), 11 survivors (11264K)
 Metaspace       used 35112K, capacity 35780K, committed 35888K, reserved 286720K
  class space    used 4700K, capacity 4916K, committed 4992K, reserved 253952K
}
Event: 5.070 GC heap after
{Heap after GC invocations=5 (full 0):
 garbage-first heap   total 262144K, used 25318K [0x00000000e0000000, 0x0000000100000000)
  region size 1024K, 13 young (13312K), 13 survivors (13312K)
 Metaspace       used 35112K, capacity 35780K, committed 35888K, reserved 286720K
  class space    used 4700K, capacity 4916K, committed 4992K, reserved 253952K
}

Deoptimization events (20 events):
Event: 24.078 Thread 0x000001346cee0ce0 Uncommon trap: trap_request=0xffffff45 fr.pc=0x000001345bb22368 relative=0x00000000000014a8
Event: 24.078 Thread 0x000001346cee0ce0 Uncommon trap: reason=unstable_if action=reinterpret pc=0x000001345bb22368 method=java.lang.ClassLoader.postDefineClass(Ljava/lang/Class;Ljava/security/ProtectionDomain;)V @ 17 c2
Event: 24.078 Thread 0x000001346cee0ce0 DEOPT PACKING pc=0x000001345bb22368 sp=0x00000019e59fb7d0
Event: 24.078 Thread 0x000001346cee0ce0 DEOPT UNPACKING pc=0x0000013453ebe42f sp=0x00000019e59fb7d8 mode 2
Event: 24.078 Thread 0x000001346cee0ce0 Uncommon trap: trap_request=0xffffff45 fr.pc=0x000001345bba64f8 relative=0x0000000000000a78
Event: 24.078 Thread 0x000001346cee0ce0 Uncommon trap: reason=unstable_if action=reinterpret pc=0x000001345bba64f8 method=java.lang.ClassLoader.loadClass(Ljava/lang/String;Z)Ljava/lang/Class; @ 29 c2
Event: 24.078 Thread 0x000001346cee0ce0 DEOPT PACKING pc=0x000001345bba64f8 sp=0x00000019e59f7960
Event: 24.078 Thread 0x000001346cee0ce0 DEOPT UNPACKING pc=0x0000013453ebe42f sp=0x00000019e59f7928 mode 2
Event: 24.143 Thread 0x000001346cedfe70 Uncommon trap: trap_request=0xffffffde fr.pc=0x000001345bbfbbfc relative=0x000000000000095c
Event: 24.143 Thread 0x000001346cedfe70 Uncommon trap: reason=class_check action=maybe_recompile pc=0x000001345bbfbbfc method=java.io.BufferedInputStream.read1([BII)I @ 39 c2
Event: 24.143 Thread 0x000001346cedfe70 DEOPT PACKING pc=0x000001345bbfbbfc sp=0x00000019e5ffefa0
Event: 24.143 Thread 0x000001346cedfe70 DEOPT UNPACKING pc=0x0000013453ebe42f sp=0x00000019e5ffeeb8 mode 2
Event: 24.254 Thread 0x000001346cedfe70 Uncommon trap: trap_request=0xffffffde fr.pc=0x000001345bbfbbfc relative=0x000000000000095c
Event: 24.254 Thread 0x000001346cedfe70 Uncommon trap: reason=class_check action=maybe_recompile pc=0x000001345bbfbbfc method=java.io.BufferedInputStream.read1([BII)I @ 39 c2
Event: 24.254 Thread 0x000001346cedfe70 DEOPT PACKING pc=0x000001345bbfbbfc sp=0x00000019e5ffefa0
Event: 24.254 Thread 0x000001346cedfe70 DEOPT UNPACKING pc=0x0000013453ebe42f sp=0x00000019e5ffeeb8 mode 2
Event: 24.282 Thread 0x000001346cedfe70 Uncommon trap: trap_request=0xffffffde fr.pc=0x000001345bbfbbfc relative=0x000000000000095c
Event: 24.282 Thread 0x000001346cedfe70 Uncommon trap: reason=class_check action=maybe_recompile pc=0x000001345bbfbbfc method=java.io.BufferedInputStream.read1([BII)I @ 39 c2
Event: 24.282 Thread 0x000001346cedfe70 DEOPT PACKING pc=0x000001345bbfbbfc sp=0x00000019e5ffefa0
Event: 24.282 Thread 0x000001346cedfe70 DEOPT UNPACKING pc=0x0000013453ebe42f sp=0x00000019e5ffeeb8 mode 2

Classes unloaded (0 events):
No events

Classes redefined (0 events):
No events

Internal exceptions (20 events):
Event: 24.032 Thread 0x000001346d02cbe0 Exception <a 'java/lang/NoSuchMethodError'{0x00000000e86da408}: 'int java.lang.invoke.DirectMethodHandle$Holder.invokeStaticInit(java.lang.Object)'> (0x00000000e86da408) 
thrown [./open/src/hotspot/share/interpreter/linkResolver.cpp, line 782]
Event: 24.045 Thread 0x000001346d02c710 Exception <a 'java/lang/NoSuchMethodError'{0x00000000ea310ca8}: static Lorg/gradle/internal/build/event/types/DefaultJavaCompileTaskSuccessResult;.<clinit>()V> (0x00000000ea310ca8) 
thrown [./open/src/hotspot/share/prims/jni.cpp, line 1204]
Event: 24.046 Thread 0x000001346d02c710 Exception <a 'java/lang/NoSuchMethodError'{0x00000000ea3124e8}: static Lorg/gradle/internal/build/event/types/DefaultTaskSuccessResult;.<clinit>()V> (0x00000000ea3124e8) 
thrown [./open/src/hotspot/share/prims/jni.cpp, line 1204]
Event: 24.055 Thread 0x000001346d02c710 Exception <a 'java/lang/NoSuchMethodError'{0x00000000ea31bcd8}: static Lorg/gradle/internal/build/event/types/DefaultTaskSkippedResult;.<clinit>()V> (0x00000000ea31bcd8) 
thrown [./open/src/hotspot/share/prims/jni.cpp, line 1204]
Event: 24.064 Thread 0x000001346cee0ce0 Exception <a 'java/lang/ClassNotFoundException'{0x00000000e844dd70}: org/gradle/api/internal/file/collections/DefaultConfigurableFileCollectionBeanInfo> (0x00000000e844dd70) 
thrown [./open/src/hotspot/share/classfile/systemDictionary.cpp, line 295]
Event: 24.065 Thread 0x000001346cee0ce0 Exception <a 'java/lang/ClassNotFoundException'{0x00000000e84523e8}: org/gradle/api/internal/file/CompositeFileCollectionBeanInfo> (0x00000000e84523e8) 
thrown [./open/src/hotspot/share/classfile/systemDictionary.cpp, line 295]
Event: 24.065 Thread 0x000001346cee0ce0 Exception <a 'java/lang/ClassNotFoundException'{0x00000000e8456a50}: org/gradle/api/internal/file/AbstractFileCollectionBeanInfo> (0x00000000e8456a50) 
thrown [./open/src/hotspot/share/classfile/systemDictionary.cpp, line 295]
Event: 24.065 Thread 0x000001346cee0ce0 Exception <a 'java/lang/ClassNotFoundException'{0x00000000e845b088}: org/gradle/api/internal/file/AbstractFileCollectionCustomizer> (0x00000000e845b088) 
thrown [./open/src/hotspot/share/classfile/systemDictionary.cpp, line 295]
Event: 24.066 Thread 0x000001346cee0ce0 Exception <a 'java/lang/ClassNotFoundException'{0x00000000e8471930}: org/gradle/api/internal/file/CompositeFileCollectionCustomizer> (0x00000000e8471930) 
thrown [./open/src/hotspot/share/classfile/systemDictionary.cpp, line 295]
Event: 24.067 Thread 0x000001346cee0ce0 Exception <a 'java/lang/ClassNotFoundException'{0x00000000e847e538}: org/gradle/api/internal/file/collections/DefaultConfigurableFileCollectionCustomizer> (0x00000000e847e538) 
thrown [./open/src/hotspot/share/classfile/systemDictionary.cpp, line 295]
Event: 24.074 Thread 0x000001346cee0ce0 Exception <a 'java/lang/ClassNotFoundException'{0x00000000e84c49e0}: java/io/FileBeanInfo> (0x00000000e84c49e0) 
thrown [./open/src/hotspot/share/classfile/systemDictionary.cpp, line 295]
Event: 24.074 Thread 0x000001346cee0ce0 Exception <a 'java/lang/ClassNotFoundException'{0x00000000e84c7558}: java/io/FileCustomizer> (0x00000000e84c7558) 
thrown [./open/src/hotspot/share/classfile/systemDictionary.cpp, line 295]
Event: 24.077 Thread 0x000001346cee0ce0 Implicit null exception at 0x000001345bb35f77 to 0x000001345bb36730
Event: 24.078 Thread 0x000001346cee0ce0 Implicit null exception at 0x000001345bb21759 to 0x000001345bb2234c
Event: 24.131 Thread 0x000001346cedd7f0 Exception <a 'java/lang/NoSuchMethodError'{0x00000000e8353f78}: 'void java.lang.invoke.DirectMethodHandle$Holder.invokeStatic(java.lang.Object, long)'> (0x00000000e8353f78) 
thrown [./open/src/hotspot/share/interpreter/linkResolver.cpp, line 782]
Event: 24.133 Thread 0x000001346cedd7f0 Exception <a 'java/lang/NoSuchMethodError'{0x00000000e8359850}: 'java.lang.Object java.lang.invoke.DirectMethodHandle$Holder.newInvokeSpecial(java.lang.Object, long)'> (0x00000000e8359850) 
thrown [./open/src/hotspot/share/interpreter/linkResolver.cpp, line 782]
Event: 24.138 Thread 0x000001346cedd7f0 Exception <a 'java/lang/NoSuchMethodError'{0x00000000e8360690}: 'java.lang.Object java.lang.invoke.DirectMethodHandle$Holder.invokeStatic(java.lang.Object, java.lang.Object, long, java.lang.Object)'> (0x00000000e8360690) 
thrown [./open/src/hotspot/share/interpreter/linkResolver.cpp, line 782]
Event: 24.139 Thread 0x000001346cedd7f0 Exception <a 'java/lang/NoSuchMethodError'{0x00000000e8364330}: 'java.lang.Object java.lang.invoke.DirectMethodHandle$Holder.invokeStaticInit(java.lang.Object, java.lang.Object, long, java.lang.Object)'> (0x00000000e8364330) 
thrown [./open/src/hotspot/share/interpreter/linkResolver.cpp, line 782]
Event: 24.139 Thread 0x000001346cedd7f0 Exception <a 'java/lang/NoSuchMethodError'{0x00000000e836ad98}: 'java.lang.Object java.lang.invoke.DirectMethodHandle$Holder.newInvokeSpecial(java.lang.Object, java.lang.Object, long)'> (0x00000000e836ad98) 
thrown [./open/src/hotspot/share/interpreter/linkResolver.cpp, line 782]
Event: 24.139 Thread 0x000001346cedd7f0 Exception <a 'java/lang/NoSuchMethodError'{0x00000000e836eb08}: 'java.lang.Object java.lang.invoke.Invokers$Holder.linkToTargetMethod(java.lang.Object, long, java.lang.Object)'> (0x00000000e836eb08) 
thrown [./open/src/hotspot/share/interpreter/linkResolver.cpp, line 782]

Events (20 events):
Event: 24.127 loading class java/lang/ProcessImpl
Event: 24.127 loading class java/lang/ProcessImpl done
Event: 24.133 loading class java/lang/ProcessHandleImpl
Event: 24.137 loading class java/lang/ProcessHandleImpl done
Event: 24.140 loading class java/lang/ProcessImpl$2
Event: 24.140 loading class java/lang/ProcessImpl$2 done
Event: 24.140 loading class java/lang/Process$PipeInputStream
Event: 24.140 loading class java/lang/Process$PipeInputStream done
Event: 24.140 loading class jdk/internal/event/ProcessStartEvent
Event: 24.140 loading class jdk/internal/event/Event
Event: 24.140 loading class jdk/internal/event/Event done
Event: 24.140 loading class jdk/internal/event/ProcessStartEvent done
Event: 24.142 Thread 0x000001346cee2020 Thread added: 0x000001346cee2020
Event: 24.143 Thread 0x000001346cedfe70 Thread added: 0x000001346cedfe70
Event: 24.254 Executing VM operation: HandshakeAllThreads
Event: 24.254 Executing VM operation: HandshakeAllThreads done
Event: 24.261 Executing VM operation: ICBufferFull
Event: 24.261 Executing VM operation: ICBufferFull done
Event: 24.261 Executing VM operation: HandshakeAllThreads
Event: 24.262 Executing VM operation: HandshakeAllThreads done


Dynamic libraries:
0x00007ff6bee40000 - 0x00007ff6bee4f000 	C:\Program Files\Java\jdk-15.0.2\bin\java.exe
0x00007ffb875d0000 - 0x00007ffb877c5000 	C:\Windows\SYSTEM32\ntdll.dll
0x00007ffb868e0000 - 0x00007ffb8699d000 	C:\Windows\System32\KERNEL32.DLL
0x00007ffb85250000 - 0x00007ffb85519000 	C:\Windows\System32\KERNELBASE.dll
0x00007ffb850b0000 - 0x00007ffb851b0000 	C:\Windows\System32\ucrtbase.dll
0x00007ffb635f0000 - 0x00007ffb63609000 	C:\Program Files\Java\jdk-15.0.2\bin\VCRUNTIME140.dll
0x00007ffb62330000 - 0x00007ffb62348000 	C:\Program Files\Java\jdk-15.0.2\bin\jli.dll
0x00007ffb87340000 - 0x00007ffb873ec000 	C:\Windows\System32\ADVAPI32.dll
0x00007ffb85700000 - 0x00007ffb8579e000 	C:\Windows\System32\msvcrt.dll
0x00007ffb85c90000 - 0x00007ffb85d2c000 	C:\Windows\System32\sechost.dll
0x00007ffb869a0000 - 0x00007ffb86acb000 	C:\Windows\System32\RPCRT4.dll
0x00007ffb873f0000 - 0x00007ffb87590000 	C:\Windows\System32\USER32.dll
0x00007ffb84fa0000 - 0x00007ffb84fc2000 	C:\Windows\System32\win32u.dll
0x00007ffb78730000 - 0x00007ffb789ca000 	C:\Windows\WinSxS\amd64_microsoft.windows.common-controls_6595b64144ccf1df_6.0.19041.844_none_ca00b6081b84eb1d\COMCTL32.dll
0x00007ffb86010000 - 0x00007ffb8603a000 	C:\Windows\System32\GDI32.dll
0x00007ffb85520000 - 0x00007ffb8562b000 	C:\Windows\System32\gdi32full.dll
0x00007ffb851b0000 - 0x00007ffb8524d000 	C:\Windows\System32\msvcp_win.dll
0x00007ffb7daa0000 - 0x00007ffb7daaa000 	C:\Windows\SYSTEM32\VERSION.dll
0x00007ffb86120000 - 0x00007ffb86150000 	C:\Windows\System32\IMM32.DLL
0x00007ffb76ba0000 - 0x00007ffb76bac000 	C:\Program Files\Java\jdk-15.0.2\bin\vcruntime140_1.dll
0x00007ffb62290000 - 0x00007ffb62321000 	C:\Program Files\Java\jdk-15.0.2\bin\msvcp140.dll
0x00007ffb0c4e0000 - 0x00007ffb0d03e000 	C:\Program Files\Java\jdk-15.0.2\bin\server\jvm.dll
0x00007ffb86ad0000 - 0x00007ffb86ad8000 	C:\Windows\System32\PSAPI.DLL
0x00007ffb74480000 - 0x00007ffb74489000 	C:\Windows\SYSTEM32\WSOCK32.dll
0x00007ffb7db60000 - 0x00007ffb7db87000 	C:\Windows\SYSTEM32\WINMM.dll
0x00007ffb860a0000 - 0x00007ffb8610b000 	C:\Windows\System32\WS2_32.dll
0x00007ffb82c50000 - 0x00007ffb82c62000 	C:\Windows\SYSTEM32\kernel.appcore.dll
0x00007ffb76a80000 - 0x00007ffb76a8a000 	C:\Program Files\Java\jdk-15.0.2\bin\jimage.dll
0x00007ffb7f0f0000 - 0x00007ffb7f2d4000 	C:\Windows\SYSTEM32\DBGHELP.DLL
0x00007ffb7cfc0000 - 0x00007ffb7cfec000 	C:\Windows\SYSTEM32\dbgcore.DLL
0x00007ffb84d10000 - 0x00007ffb84d90000 	C:\Windows\System32\bcryptPrimitives.dll
0x00007ffb62260000 - 0x00007ffb62285000 	C:\Program Files\Java\jdk-15.0.2\bin\java.dll
0x00007ffb86b90000 - 0x00007ffb872d2000 	C:\Windows\System32\SHELL32.dll
0x00007ffb82e50000 - 0x00007ffb835e0000 	C:\Windows\SYSTEM32\windows.storage.dll
0x00007ffb86320000 - 0x00007ffb86675000 	C:\Windows\System32\combase.dll
0x00007ffb846b0000 - 0x00007ffb846dc000 	C:\Windows\SYSTEM32\Wldp.dll
0x00007ffb86830000 - 0x00007ffb868de000 	C:\Windows\System32\SHCORE.dll
0x00007ffb857c0000 - 0x00007ffb85815000 	C:\Windows\System32\shlwapi.dll
0x00007ffb84c50000 - 0x00007ffb84c6f000 	C:\Windows\SYSTEM32\profapi.dll
0x00007ffb60fc0000 - 0x00007ffb60fd9000 	C:\Program Files\Java\jdk-15.0.2\bin\net.dll
0x00007ffb792b0000 - 0x00007ffb793bc000 	C:\Windows\SYSTEM32\WINHTTP.dll
0x00007ffb843d0000 - 0x00007ffb8443a000 	C:\Windows\system32\mswsock.dll
0x00007ffb60fa0000 - 0x00007ffb60fb2000 	C:\Program Files\Java\jdk-15.0.2\bin\nio.dll
0x00007ffb60f80000 - 0x00007ffb60f98000 	C:\Program Files\Java\jdk-15.0.2\bin\zip.dll
0x00007ffb673c0000 - 0x00007ffb673d0000 	C:\Program Files\Java\jdk-15.0.2\bin\verify.dll
0x00007ffb76940000 - 0x00007ffb76966000 	C:\Users\Pichau\.gradle\native\fdc75f09e3144964f2cf3f50f0aa648679c211496f362492102eb8c894070792\windows-amd64\native-platform.dll
0x00007ffb5c510000 - 0x00007ffb5c6a1000 	C:\Users\Pichau\.gradle\native\12488b8bf47d2d4c9fbf2f6322a914ad602e24e48041cd04a747c6da556b65c4\windows-amd64\native-platform-file-events.dll
0x00007ffb66fa0000 - 0x00007ffb66fa9000 	C:\Program Files\Java\jdk-15.0.2\bin\management.dll
0x00007ffb66df0000 - 0x00007ffb66dfb000 	C:\Program Files\Java\jdk-15.0.2\bin\management_ext.dll
0x00007ffb846f0000 - 0x00007ffb84708000 	C:\Windows\SYSTEM32\CRYPTSP.dll
0x00007ffb83d90000 - 0x00007ffb83dc4000 	C:\Windows\system32\rsaenh.dll
0x00007ffb84fd0000 - 0x00007ffb84ff7000 	C:\Windows\System32\bcrypt.dll
0x00007ffb84bd0000 - 0x00007ffb84bfe000 	C:\Windows\SYSTEM32\USERENV.dll
0x00007ffb84550000 - 0x00007ffb8455c000 	C:\Windows\SYSTEM32\CRYPTBASE.dll
0x00007ffb840e0000 - 0x00007ffb8411b000 	C:\Windows\SYSTEM32\IPHLPAPI.DLL
0x00007ffb861e0000 - 0x00007ffb861e8000 	C:\Windows\System32\NSI.dll
0x00007ffb7f070000 - 0x00007ffb7f087000 	C:\Windows\SYSTEM32\dhcpcsvc6.DLL
0x00007ffb7f050000 - 0x00007ffb7f06d000 	C:\Windows\SYSTEM32\dhcpcsvc.DLL
0x00007ffb84120000 - 0x00007ffb841eb000 	C:\Windows\SYSTEM32\DNSAPI.dll
0x00007ffb7fd20000 - 0x00007ffb7fd2b000 	C:\Windows\SYSTEM32\WINNSI.DLL

dbghelp: loaded successfully - version: 4.0.5 - missing functions: none
symbol engine: initialized successfully - sym options: 0x614 - pdb path: .;C:\Program Files\Java\jdk-15.0.2\bin;C:\Windows\SYSTEM32;C:\Windows\WinSxS\amd64_microsoft.windows.common-controls_6595b64144ccf1df_6.0.19041.844_none_ca00b6081b84eb1d;C:\Program Files\Java\jdk-15.0.2\bin\server;C:\Users\Pichau\.gradle\native\fdc75f09e3144964f2cf3f50f0aa648679c211496f362492102eb8c894070792\windows-amd64;C:\Users\Pichau\.gradle\native\12488b8bf47d2d4c9fbf2f6322a914ad602e24e48041cd04a747c6da556b65c4\windows-amd64

VM Arguments:
jvm_args: --add-opens=java.base/java.util=ALL-UNNAMED --add-opens=java.base/java.lang=ALL-UNNAMED --add-opens=java.base/java.lang.invoke=ALL-UNNAMED --add-opens=java.prefs/java.util.prefs=ALL-UNNAMED -XX:MaxMetaspaceSize=256m -XX:+HeapDumpOnOutOfMemoryError -Xms256m -Xmx512m -Dfile.encoding=windows-1252 -Duser.country=BR -Duser.language=pt -Duser.variant 
java_command: org.gradle.launcher.daemon.bootstrap.GradleDaemon 6.7
java_class_path (initial): C:\Users\Pichau\.gradle\wrapper\dists\gradle-6.7-bin\efvqh8uyq79v2n7rcncuhu9sv\gradle-6.7\lib\gradle-launcher-6.7.jar
Launcher Type: SUN_STANDARD

[Global flags]
     intx CICompilerCount                          = 4                                         {product} {ergonomic}
   size_t CompressedClassSpaceSize                 = 260046848                                 {product} {ergonomic}
     uint ConcGCThreads                            = 2                                         {product} {ergonomic}
     uint G1ConcRefinementThreads                  = 8                                         {product} {ergonomic}
   size_t G1HeapRegionSize                         = 1048576                                   {product} {ergonomic}
    uintx GCDrainStackTargetSize                   = 64                                        {product} {ergonomic}
     bool HeapDumpOnOutOfMemoryError               = true                                   {manageable} {command line}
   size_t InitialHeapSize                          = 268435456                                 {product} {command line}
   size_t MarkStackSize                            = 4194304                                   {product} {ergonomic}
   size_t MaxHeapSize                              = 536870912                                 {product} {command line}
   size_t MaxMetaspaceSize                         = 268435456                                 {product} {command line}
   size_t MaxNewSize                               = 321912832                                 {product} {ergonomic}
   size_t MinHeapDeltaBytes                        = 1048576                                   {product} {ergonomic}
   size_t MinHeapSize                              = 268435456                                 {product} {command line}
    uintx NonNMethodCodeHeapSize                   = 5839372                                {pd product} {ergonomic}
    uintx NonProfiledCodeHeapSize                  = 122909434                              {pd product} {ergonomic}
    uintx ProfiledCodeHeapSize                     = 122909434                              {pd product} {ergonomic}
    uintx ReservedCodeCacheSize                    = 251658240                              {pd product} {ergonomic}
     bool SegmentedCodeCache                       = true                                      {product} {ergonomic}
   size_t SoftMaxHeapSize                          = 536870912                              {manageable} {ergonomic}
     bool UseCompressedClassPointers               = true                                 {lp64_product} {ergonomic}
     bool UseCompressedOops                        = true                                 {lp64_product} {ergonomic}
     bool UseG1GC                                  = true                                      {product} {ergonomic}
     bool UseLargePagesIndividualAllocation        = false                                  {pd product} {ergonomic}

Logging:
Log output configuration:
 #0: stdout all=warning uptime,level,tags
 #1: stderr all=off uptime,level,tags

Environment Variables:
JAVA_HOME=C:\Program Files\Java\jdk-15.0.2\
PATH=C:\Program Files\Common Files\Oracle\Java\javapath;C:\Program Files (x86)\Common Files\Oracle\Java\javapath;C:\Program Files (x86)\VMware\VMware Player\bin\;C:\Windows\system32;C:\Windows;C:\Windows\System32\Wbem;C:\Windows\System32\WindowsPowerShell\v1.0\;C:\Windows\System32\OpenSSH\;C:\Users\Pichau\Desktop\Matlab\runtime\win64;C:\Users\Pichau\Desktop\Matlab\bin;C:\Users\Pichau\Desktop\Matlab\polyspace\bin;C:\Program Files\dotnet\;C:\Program Files\Microsoft SQL Server\130\Tools\Binn\;C:\Program Files\Microsoft SQL Server\Client SDK\ODBC\170\Tools\Binn\;C:\Program Files\Git\cmd;JAVA_HOME;C:\gradle-4.7\bin;C:\apache-maven-3.6.3\bin;;C:\Program Files\Docker\Docker\resources\bin;C:\ProgramData\DockerDesktop\version-bin;C:\Users\Pichau\AppData\Local\Microsoft\WindowsApps;;C:\Users\Pichau\AppData\Local\Programs\Microsoft VS Code\bin;C:\Users\Pichau\.dotnet\tools
USERNAME=Pichau
OS=Windows_NT
PROCESSOR_IDENTIFIER=AMD64 Family 23 Model 24 Stepping 1, AuthenticAMD



---------------  S Y S T E M  ---------------

OS:
 Windows 10 , 64 bit Build 19041 (10.0.19041.804)
OS uptime: 1 days 14:09 hours
HyperV virtualization detected

CPU: total 8 (initial active 8) (8 cores per cpu, 2 threads per core) family 23 model 24 stepping 1 microcode 0x0, cmov, cx8, fxsr, mmx, sse, sse2, sse3, ssse3, sse4.1, sse4.2, popcnt, vzeroupper, avx, avx2, aes, clmul, 3dnowpref, lzcnt, sse4a, ht, tsc, tscinvbit, tscinv, bmi1, bmi2, adx, sha, fma, clflush, clflushopt

Memory: 4k page, system-wide physical 8123M (379M free)
TotalPageFile size 32699M (AvailPageFile size 26M)
current process WorkingSet (physical memory assigned to process): 327M, peak: 337M
current process commit charge ("private bytes"): 482M, peak: 492M

vm_info: Java HotSpot(TM) 64-Bit Server VM (15.0.2+7-27) for windows-amd64 JRE (15.0.2+7-27), built on Dec  7 2020 20:07:01 by "mach5one" with unknown MS VC++:1925

END.
