#
# There is insufficient memory for the Java Runtime Environment to continue.
# Native memory allocation (malloc) failed to allocate 1057216 bytes for Chunk::new
# Possible reasons:
#   The system is out of physical RAM or swap space
#   The process is running with CompressedOops enabled, and the Java Heap may be blocking the growth of the native heap
# Possible solutions:
#   Reduce memory load on the system
#   Increase physical memory or swap space
#   Check if swap backing store is full
#   Decrease Java heap size (-Xmx/-Xms)
#   Decrease number of Java threads
#   Decrease Java thread stack sizes (-Xss)
#   Set larger code cache with -XX:ReservedCodeCacheSize=
#   JVM is running with Unscaled Compressed Oops mode in which the Java heap is
#     placed in the first 4GB address space. The Java Heap base address is the
#     maximum limit for the native heap growth. Please use -XX:HeapBaseMinAddress
#     to set the Java Heap base and to place the Java Heap above 4GB virtual address.
# This output file may be truncated or incomplete.
#
#  Out of Memory Error (./open/src/hotspot/share/memory/arena.cpp:195), pid=22516, tid=21864
#
# JRE version: Java(TM) SE Runtime Environment (15.0.2+7) (build 15.0.2+7-27)
# Java VM: Java HotSpot(TM) 64-Bit Server VM (15.0.2+7-27, mixed mode, sharing, tiered, compressed oops, g1 gc, windows-amd64)
# No core dump will be written. Minidumps are not enabled by default on client versions of Windows
#

---------------  S U M M A R Y ------------

Command Line: --add-opens=java.base/java.util=ALL-UNNAMED --add-opens=java.base/java.lang=ALL-UNNAMED --add-opens=java.base/java.lang.invoke=ALL-UNNAMED --add-opens=java.prefs/java.util.prefs=ALL-UNNAMED -XX:MaxMetaspaceSize=256m -XX:+HeapDumpOnOutOfMemoryError -Xms256m -Xmx512m -Dfile.encoding=windows-1252 -Duser.country=BR -Duser.language=pt -Duser.variant org.gradle.launcher.daemon.bootstrap.GradleDaemon 6.7

Host: AMD Ryzen 5 3350G with Radeon Vega Graphics    , 8 cores, 7G,  Windows 10 , 64 bit Build 19041 (10.0.19041.804)
Time: Mon Mar 15 12:54:20 2021 Hora oficial do Brasil elapsed time: 7.541576 seconds (0d 0h 0m 7s)

---------------  T H R E A D  ---------------

Current thread (0x000001b52034f650):  JavaThread "C2 CompilerThread0" daemon [_thread_in_native, id=21864, stack(0x0000004980b00000,0x0000004980c00000)]


Current CompileTask:
C2:   7541 3005       4       org.codehaus.groovy.runtime.metaclass.MetaMethodIndex::addMethodToList (298 bytes)

Stack: [0x0000004980b00000,0x0000004980c00000]
Native frames: (J=compiled Java code, j=interpreted, Vv=VM code, C=native code)
V  [jvm.dll+0x62ae9a]
V  [jvm.dll+0x7817a9]
V  [jvm.dll+0x782f03]
V  [jvm.dll+0x783563]
V  [jvm.dll+0x216325]
V  [jvm.dll+0x97f3a]
V  [jvm.dll+0x9861c]
V  [jvm.dll+0x279f9f]
V  [jvm.dll+0x540794]
V  [jvm.dll+0x1f3124]
V  [jvm.dll+0x1ecaf1]
V  [jvm.dll+0x1e9867]
V  [jvm.dll+0x178567]
V  [jvm.dll+0x1f9225]
V  [jvm.dll+0x1f72cc]
V  [jvm.dll+0x74495d]
V  [jvm.dll+0x73d75a]
V  [jvm.dll+0x629c56]
C  [ucrtbase.dll+0x21bb2]
C  [KERNEL32.DLL+0x17034]
C  [ntdll.dll+0x52651]


---------------  P R O C E S S  ---------------

Threads class SMR info:
_java_thread_list=0x000001b522efe5b0, length=31, elements={
0x000001b505070690, 0x000001b52032e7e0, 0x000001b52032f2c0, 0x000001b52034a710,
0x000001b52034bfe0, 0x000001b52034e8b0, 0x000001b52034f650, 0x000001b520353600,
0x000001b520ca0090, 0x000001b520db8d20, 0x000001b520de3100, 0x000001b521988b40,
0x000001b5220cf550, 0x000001b521b17090, 0x000001b52288b3d0, 0x000001b522879c70,
0x000001b5229102b0, 0x000001b5229057c0, 0x000001b522516600, 0x000001b521736800,
0x000001b521733cb0, 0x000001b521734b20, 0x000001b521732e40, 0x000001b521734ff0,
0x000001b521735990, 0x000001b521735e60, 0x000001b521734180, 0x000001b521736330,
0x000001b521733310, 0x000001b5217337e0, 0x000001b522bc5d90
}

Java Threads: ( => current thread )
  0x000001b505070690 JavaThread "main" [_thread_blocked, id=22360, stack(0x00000049fff00000,0x0000004a00000000)]
  0x000001b52032e7e0 JavaThread "Reference Handler" daemon [_thread_blocked, id=10576, stack(0x0000004980600000,0x0000004980700000)]
  0x000001b52032f2c0 JavaThread "Finalizer" daemon [_thread_blocked, id=8708, stack(0x0000004980700000,0x0000004980800000)]
  0x000001b52034a710 JavaThread "Signal Dispatcher" daemon [_thread_blocked, id=18372, stack(0x0000004980800000,0x0000004980900000)]
  0x000001b52034bfe0 JavaThread "Attach Listener" daemon [_thread_blocked, id=22104, stack(0x0000004980900000,0x0000004980a00000)]
  0x000001b52034e8b0 JavaThread "Service Thread" daemon [_thread_blocked, id=19516, stack(0x0000004980a00000,0x0000004980b00000)]
=>0x000001b52034f650 JavaThread "C2 CompilerThread0" daemon [_thread_in_native, id=21864, stack(0x0000004980b00000,0x0000004980c00000)]
  0x000001b520353600 JavaThread "C1 CompilerThread0" daemon [_thread_in_native, id=19836, stack(0x0000004980c00000,0x0000004980d00000)]
  0x000001b520ca0090 JavaThread "Sweeper thread" daemon [_thread_blocked, id=22128, stack(0x0000004980d00000,0x0000004980e00000)]
  0x000001b520db8d20 JavaThread "Common-Cleaner" daemon [_thread_blocked, id=2520, stack(0x0000004980e00000,0x0000004980f00000)]
  0x000001b520de3100 JavaThread "Notification Thread" daemon [_thread_blocked, id=18448, stack(0x0000004980f00000,0x0000004981000000)]
  0x000001b521988b40 JavaThread "Daemon health stats" [_thread_blocked, id=18712, stack(0x0000004981700000,0x0000004981800000)]
  0x000001b5220cf550 JavaThread "Incoming local TCP Connector on port 32827" [_thread_in_native, id=19628, stack(0x0000004981a00000,0x0000004981b00000)]
  0x000001b521b17090 JavaThread "Daemon periodic checks" [_thread_blocked, id=444, stack(0x0000004981b00000,0x0000004981c00000)]
  0x000001b52288b3d0 JavaThread "Daemon" [_thread_blocked, id=17112, stack(0x0000004981c00000,0x0000004981d00000)]
  0x000001b522879c70 JavaThread "Handler for socket connection from /127.0.0.1:32827 to /127.0.0.1:32828" [_thread_in_native, id=14524, stack(0x0000004981d00000,0x0000004981e00000)]
  0x000001b5229102b0 JavaThread "Cancel handler" [_thread_blocked, id=21352, stack(0x0000004981e00000,0x0000004981f00000)]
  0x000001b5229057c0 JavaThread "Daemon worker" [_thread_in_Java, id=21872, stack(0x0000004981f00000,0x0000004982000000)]
  0x000001b522516600 JavaThread "Asynchronous log dispatcher for DefaultDaemonConnection: socket connection from /127.0.0.1:32827 to /127.0.0.1:32828" [_thread_blocked, id=8776, stack(0x0000004982000000,0x0000004982100000)]
  0x000001b521736800 JavaThread "Stdin handler" [_thread_blocked, id=19512, stack(0x0000004982100000,0x0000004982200000)]
  0x000001b521733cb0 JavaThread "Thread-8" [_thread_blocked, id=19424, stack(0x0000004982200000,0x0000004982300000)]
  0x000001b521734b20 JavaThread "Cache worker for file hash cache (C:\Users\Pichau\.gradle\caches\6.7\fileHashes)" [_thread_blocked, id=15756, stack(0x0000004982300000,0x0000004982400000)]
  0x000001b521732e40 JavaThread "File lock request listener" [_thread_in_native, id=22532, stack(0x0000004982400000,0x0000004982500000)]
  0x000001b521734ff0 JavaThread "Cache worker for journal cache (C:\Users\Pichau\.gradle\caches\journal-1)" [_thread_blocked, id=22544, stack(0x0000004982500000,0x0000004982600000)]
  0x000001b521735990 JavaThread "Cache worker for file hash cache (C:\Users\Pichau\IdeaProjects\Blog_Abreviacao\.gradle\6.7\fileHashes)" [_thread_blocked, id=22548, stack(0x0000004982600000,0x0000004982700000)]
  0x000001b521735e60 JavaThread "Cache worker for checksums cache (C:\Users\Pichau\IdeaProjects\Blog_Abreviacao\.gradle\checksums)" [_thread_blocked, id=22552, stack(0x0000004982700000,0x0000004982800000)]
  0x000001b521734180 JavaThread "Cache worker for cache directory md-supplier (C:\Users\Pichau\.gradle\caches\6.7\md-supplier)" [_thread_blocked, id=22556, stack(0x0000004982800000,0x0000004982900000)]
  0x000001b521736330 JavaThread "Cache worker for cache directory md-rule (C:\Users\Pichau\.gradle\caches\6.7\md-rule)" [_thread_blocked, id=22560, stack(0x0000004982900000,0x0000004982a00000)]
  0x000001b521733310 JavaThread "Cache worker for execution history cache (C:\Users\Pichau\.gradle\caches\6.7\executionHistory)" [_thread_blocked, id=22564, stack(0x0000004982a00000,0x0000004982b00000)]
  0x000001b5217337e0 JavaThread "jar transforms" [_thread_blocked, id=22584, stack(0x0000004982e00000,0x0000004982f00000)]
  0x000001b522bc5d90 JavaThread "Cache worker for file content cache (C:\Users\Pichau\.gradle\caches\6.7\fileContent)" [_thread_blocked, id=22592, stack(0x0000004982f00000,0x0000004983000000)]

Other Threads:
  0x000001b520328030 VMThread "VM Thread" [stack: 0x0000004980500000,0x0000004980600000] [id=4920]
  0x000001b520e07a90 WatcherThread [stack: 0x0000004981000000,0x0000004981100000] [id=4876]
  0x000001b505099270 GCTaskThread "GC Thread#0" [stack: 0x0000004980000000,0x0000004980100000] [id=20460]
  0x000001b521655d80 GCTaskThread "GC Thread#1" [stack: 0x0000004981100000,0x0000004981200000] [id=22376]
  0x000001b521656a40 GCTaskThread "GC Thread#2" [stack: 0x0000004981200000,0x0000004981300000] [id=21756]
  0x000001b521658090 GCTaskThread "GC Thread#3" [stack: 0x0000004981300000,0x0000004981400000] [id=19484]
  0x000001b5216560b0 GCTaskThread "GC Thread#4" [stack: 0x0000004981400000,0x0000004981500000] [id=18476]
  0x000001b521656d70 GCTaskThread "GC Thread#5" [stack: 0x0000004981500000,0x0000004981600000] [id=9160]
  0x000001b521655a50 GCTaskThread "GC Thread#6" [stack: 0x0000004982b00000,0x0000004982c00000] [id=22568]
  0x000001b5216573d0 GCTaskThread "GC Thread#7" [stack: 0x0000004982c00000,0x0000004982d00000] [id=22572]
  0x000001b50509f460 ConcurrentGCThread "G1 Main Marker" [stack: 0x0000004980100000,0x0000004980200000] [id=19360]
  0x000001b50509ffe0 ConcurrentGCThread "G1 Conc#0" [stack: 0x0000004980200000,0x0000004980300000] [id=7276]
  0x000001b521655720 ConcurrentGCThread "G1 Conc#1" [stack: 0x0000004982d00000,0x0000004982e00000] [id=22576]
  0x000001b50514d300 ConcurrentGCThread "G1 Refine#0" [stack: 0x0000004980300000,0x0000004980400000] [id=3092]
  0x000001b521738a70 ConcurrentGCThread "G1 Refine#1" [stack: 0x0000004981600000,0x0000004981700000] [id=2240]
  0x000001b50514de10 ConcurrentGCThread "G1 Young RemSet Sampling" [stack: 0x0000004980400000,0x0000004980500000] [id=19280]

Threads with active compile tasks:
C2 CompilerThread0     7646 3005       4       org.codehaus.groovy.runtime.metaclass.MetaMethodIndex::addMethodToList (298 bytes)
C1 CompilerThread0     7646 3188       3       org.gradle.internal.instantiation.generator.AbstractClassGenerator$ExtensibleTypePropertyHandler::unclaimed (64 bytes)

VM state: not at safepoint (normal execution)

VM Mutex/Monitor currently owned by a thread:  ([mutex/lock_event])
[0x000001b50506a3b0] CodeCache_lock - owner thread: 0x0000000000000000

Heap address: 0x00000000e0000000, size: 512 MB, Compressed Oops mode: 32-bit
CDS archive(s) mapped at: [0x0000000800000000-0x0000000800b50000-0x0000000800b50000), size 11862016, SharedBaseAddress: 0x0000000800000000, ArchiveRelocationMode: 0.
Compressed class space mapped at: 0x0000000800b50000-0x0000000810350000, size: 260046848
Narrow klass base: 0x0000000800000000, Narrow klass shift: 3, Narrow klass range: 0x100000000

GC Precious Log:
 CPUs: 8 total, 8 available
 Memory: 8123M
 Large Page Support: Disabled
 NUMA Support: Disabled
 Compressed Oops: Enabled (32-bit)
 Heap Region Size: 1M
 Heap Min Capacity: 256M
 Heap Initial Capacity: 256M
 Heap Max Capacity: 512M
 Pre-touch: Disabled
 Parallel Workers: 8
 Concurrent Workers: 2
 Concurrent Refinement Workers: 8
 Periodic GC: Disabled

Heap:
 garbage-first heap   total 262144K, used 79227K [0x00000000e0000000, 0x0000000100000000)
  region size 1024K, 67 young (68608K), 10 survivors (10240K)
 Metaspace       used 31901K, capacity 32526K, committed 32816K, reserved 284672K
  class space    used 4218K, capacity 4392K, committed 4480K, reserved 253952K

Heap Regions: E=young(eden), S=young(survivor), O=old, HS=humongous(starts), HC=humongous(continues), CS=collection set, F=free, OA=open archive, CA=closed archive, TAMS=top-at-mark-start (previous, next)
|   0|0x00000000e0000000, 0x00000000e0100000, 0x00000000e0100000|100%| O|  |TAMS 0x00000000e0100000, 0x00000000e0000000| Untracked 
|   1|0x00000000e0100000, 0x00000000e0200000, 0x00000000e0200000|100%| O|  |TAMS 0x00000000e0200000, 0x00000000e0100000| Untracked 
|   2|0x00000000e0200000, 0x00000000e0281800, 0x00000000e0300000| 50%| O|  |TAMS 0x00000000e0281800, 0x00000000e0200000| Untracked 
|   3|0x00000000e0300000, 0x00000000e0400000, 0x00000000e0400000|100%|HS|  |TAMS 0x00000000e0400000, 0x00000000e0300000| Complete 
|   4|0x00000000e0400000, 0x00000000e0500000, 0x00000000e0500000|100%|HC|  |TAMS 0x00000000e0500000, 0x00000000e0400000| Complete 
|   5|0x00000000e0500000, 0x00000000e0600000, 0x00000000e0600000|100%|HC|  |TAMS 0x00000000e0600000, 0x00000000e0500000| Complete 
|   6|0x00000000e0600000, 0x00000000e0700000, 0x00000000e0700000|100%| O|  |TAMS 0x00000000e0700000, 0x00000000e0600000| Untracked 
|   7|0x00000000e0700000, 0x00000000e0800000, 0x00000000e0800000|100%| O|  |TAMS 0x00000000e0800000, 0x00000000e0700000| Untracked 
|   8|0x00000000e0800000, 0x00000000e0900000, 0x00000000e0900000|100%| O|  |TAMS 0x00000000e0900000, 0x00000000e0800000| Untracked 
|   9|0x00000000e0900000, 0x00000000e0a00000, 0x00000000e0a00000|100%|HS|  |TAMS 0x00000000e0900000, 0x00000000e0900000| Complete 
|  10|0x00000000e0a00000, 0x00000000e0b00000, 0x00000000e0b00000|100%|HS|  |TAMS 0x00000000e0a00000, 0x00000000e0a00000| Complete 
|  11|0x00000000e0b00000, 0x00000000e0c00000, 0x00000000e0c00000|100%|HC|  |TAMS 0x00000000e0b00000, 0x00000000e0b00000| Complete 
|  12|0x00000000e0c00000, 0x00000000e0d00000, 0x00000000e0d00000|100%|HS|  |TAMS 0x00000000e0c00000, 0x00000000e0c00000| Complete 
|  13|0x00000000e0d00000, 0x00000000e0d00000, 0x00000000e0e00000|  0%| F|  |TAMS 0x00000000e0d00000, 0x00000000e0d00000| Untracked 
|  14|0x00000000e0e00000, 0x00000000e0e00000, 0x00000000e0f00000|  0%| F|  |TAMS 0x00000000e0e00000, 0x00000000e0e00000| Untracked 
|  15|0x00000000e0f00000, 0x00000000e0f00000, 0x00000000e1000000|  0%| F|  |TAMS 0x00000000e0f00000, 0x00000000e0f00000| Untracked 
|  16|0x00000000e1000000, 0x00000000e1000000, 0x00000000e1100000|  0%| F|  |TAMS 0x00000000e1000000, 0x00000000e1000000| Untracked 
|  17|0x00000000e1100000, 0x00000000e1100000, 0x00000000e1200000|  0%| F|  |TAMS 0x00000000e1100000, 0x00000000e1100000| Untracked 
|  18|0x00000000e1200000, 0x00000000e1200000, 0x00000000e1300000|  0%| F|  |TAMS 0x00000000e1200000, 0x00000000e1200000| Untracked 
|  19|0x00000000e1300000, 0x00000000e1300000, 0x00000000e1400000|  0%| F|  |TAMS 0x00000000e1300000, 0x00000000e1300000| Untracked 
|  20|0x00000000e1400000, 0x00000000e1400000, 0x00000000e1500000|  0%| F|  |TAMS 0x00000000e1400000, 0x00000000e1400000| Untracked 
|  21|0x00000000e1500000, 0x00000000e1500000, 0x00000000e1600000|  0%| F|  |TAMS 0x00000000e1500000, 0x00000000e1500000| Untracked 
|  22|0x00000000e1600000, 0x00000000e1600000, 0x00000000e1700000|  0%| F|  |TAMS 0x00000000e1600000, 0x00000000e1600000| Untracked 
|  23|0x00000000e1700000, 0x00000000e1700000, 0x00000000e1800000|  0%| F|  |TAMS 0x00000000e1700000, 0x00000000e1700000| Untracked 
|  24|0x00000000e1800000, 0x00000000e1800000, 0x00000000e1900000|  0%| F|  |TAMS 0x00000000e1800000, 0x00000000e1800000| Untracked 
|  25|0x00000000e1900000, 0x00000000e1900000, 0x00000000e1a00000|  0%| F|  |TAMS 0x00000000e1900000, 0x00000000e1900000| Untracked 
|  26|0x00000000e1a00000, 0x00000000e1a00000, 0x00000000e1b00000|  0%| F|  |TAMS 0x00000000e1a00000, 0x00000000e1a00000| Untracked 
|  27|0x00000000e1b00000, 0x00000000e1b00000, 0x00000000e1c00000|  0%| F|  |TAMS 0x00000000e1b00000, 0x00000000e1b00000| Untracked 
|  28|0x00000000e1c00000, 0x00000000e1c00000, 0x00000000e1d00000|  0%| F|  |TAMS 0x00000000e1c00000, 0x00000000e1c00000| Untracked 
|  29|0x00000000e1d00000, 0x00000000e1d00000, 0x00000000e1e00000|  0%| F|  |TAMS 0x00000000e1d00000, 0x00000000e1d00000| Untracked 
|  30|0x00000000e1e00000, 0x00000000e1e00000, 0x00000000e1f00000|  0%| F|  |TAMS 0x00000000e1e00000, 0x00000000e1e00000| Untracked 
|  31|0x00000000e1f00000, 0x00000000e1f00000, 0x00000000e2000000|  0%| F|  |TAMS 0x00000000e1f00000, 0x00000000e1f00000| Untracked 
|  32|0x00000000e2000000, 0x00000000e2000000, 0x00000000e2100000|  0%| F|  |TAMS 0x00000000e2000000, 0x00000000e2000000| Untracked 
|  33|0x00000000e2100000, 0x00000000e2100000, 0x00000000e2200000|  0%| F|  |TAMS 0x00000000e2100000, 0x00000000e2100000| Untracked 
|  34|0x00000000e2200000, 0x00000000e2200000, 0x00000000e2300000|  0%| F|  |TAMS 0x00000000e2200000, 0x00000000e2200000| Untracked 
|  35|0x00000000e2300000, 0x00000000e2300000, 0x00000000e2400000|  0%| F|  |TAMS 0x00000000e2300000, 0x00000000e2300000| Untracked 
|  36|0x00000000e2400000, 0x00000000e2400000, 0x00000000e2500000|  0%| F|  |TAMS 0x00000000e2400000, 0x00000000e2400000| Untracked 
|  37|0x00000000e2500000, 0x00000000e2500000, 0x00000000e2600000|  0%| F|  |TAMS 0x00000000e2500000, 0x00000000e2500000| Untracked 
|  38|0x00000000e2600000, 0x00000000e2600000, 0x00000000e2700000|  0%| F|  |TAMS 0x00000000e2600000, 0x00000000e2600000| Untracked 
|  39|0x00000000e2700000, 0x00000000e2700000, 0x00000000e2800000|  0%| F|  |TAMS 0x00000000e2700000, 0x00000000e2700000| Untracked 
|  40|0x00000000e2800000, 0x00000000e2800000, 0x00000000e2900000|  0%| F|  |TAMS 0x00000000e2800000, 0x00000000e2800000| Untracked 
|  41|0x00000000e2900000, 0x00000000e2900000, 0x00000000e2a00000|  0%| F|  |TAMS 0x00000000e2900000, 0x00000000e2900000| Untracked 
|  42|0x00000000e2a00000, 0x00000000e2a00000, 0x00000000e2b00000|  0%| F|  |TAMS 0x00000000e2a00000, 0x00000000e2a00000| Untracked 
|  43|0x00000000e2b00000, 0x00000000e2b00000, 0x00000000e2c00000|  0%| F|  |TAMS 0x00000000e2b00000, 0x00000000e2b00000| Untracked 
|  44|0x00000000e2c00000, 0x00000000e2c00000, 0x00000000e2d00000|  0%| F|  |TAMS 0x00000000e2c00000, 0x00000000e2c00000| Untracked 
|  45|0x00000000e2d00000, 0x00000000e2d00000, 0x00000000e2e00000|  0%| F|  |TAMS 0x00000000e2d00000, 0x00000000e2d00000| Untracked 
|  46|0x00000000e2e00000, 0x00000000e2e00000, 0x00000000e2f00000|  0%| F|  |TAMS 0x00000000e2e00000, 0x00000000e2e00000| Untracked 
|  47|0x00000000e2f00000, 0x00000000e2f00000, 0x00000000e3000000|  0%| F|  |TAMS 0x00000000e2f00000, 0x00000000e2f00000| Untracked 
|  48|0x00000000e3000000, 0x00000000e3000000, 0x00000000e3100000|  0%| F|  |TAMS 0x00000000e3000000, 0x00000000e3000000| Untracked 
|  49|0x00000000e3100000, 0x00000000e3100000, 0x00000000e3200000|  0%| F|  |TAMS 0x00000000e3100000, 0x00000000e3100000| Untracked 
|  50|0x00000000e3200000, 0x00000000e3200000, 0x00000000e3300000|  0%| F|  |TAMS 0x00000000e3200000, 0x00000000e3200000| Untracked 
|  51|0x00000000e3300000, 0x00000000e3300000, 0x00000000e3400000|  0%| F|  |TAMS 0x00000000e3300000, 0x00000000e3300000| Untracked 
|  52|0x00000000e3400000, 0x00000000e3400000, 0x00000000e3500000|  0%| F|  |TAMS 0x00000000e3400000, 0x00000000e3400000| Untracked 
|  53|0x00000000e3500000, 0x00000000e3500000, 0x00000000e3600000|  0%| F|  |TAMS 0x00000000e3500000, 0x00000000e3500000| Untracked 
|  54|0x00000000e3600000, 0x00000000e3600000, 0x00000000e3700000|  0%| F|  |TAMS 0x00000000e3600000, 0x00000000e3600000| Untracked 
|  55|0x00000000e3700000, 0x00000000e3700000, 0x00000000e3800000|  0%| F|  |TAMS 0x00000000e3700000, 0x00000000e3700000| Untracked 
|  56|0x00000000e3800000, 0x00000000e3800000, 0x00000000e3900000|  0%| F|  |TAMS 0x00000000e3800000, 0x00000000e3800000| Untracked 
|  57|0x00000000e3900000, 0x00000000e3900000, 0x00000000e3a00000|  0%| F|  |TAMS 0x00000000e3900000, 0x00000000e3900000| Untracked 
|  58|0x00000000e3a00000, 0x00000000e3a00000, 0x00000000e3b00000|  0%| F|  |TAMS 0x00000000e3a00000, 0x00000000e3a00000| Untracked 
|  59|0x00000000e3b00000, 0x00000000e3b00000, 0x00000000e3c00000|  0%| F|  |TAMS 0x00000000e3b00000, 0x00000000e3b00000| Untracked 
|  60|0x00000000e3c00000, 0x00000000e3c00000, 0x00000000e3d00000|  0%| F|  |TAMS 0x00000000e3c00000, 0x00000000e3c00000| Untracked 
|  61|0x00000000e3d00000, 0x00000000e3d00000, 0x00000000e3e00000|  0%| F|  |TAMS 0x00000000e3d00000, 0x00000000e3d00000| Untracked 
|  62|0x00000000e3e00000, 0x00000000e3e00000, 0x00000000e3f00000|  0%| F|  |TAMS 0x00000000e3e00000, 0x00000000e3e00000| Untracked 
|  63|0x00000000e3f00000, 0x00000000e3f00000, 0x00000000e4000000|  0%| F|  |TAMS 0x00000000e3f00000, 0x00000000e3f00000| Untracked 
|  64|0x00000000e4000000, 0x00000000e4000000, 0x00000000e4100000|  0%| F|  |TAMS 0x00000000e4000000, 0x00000000e4000000| Untracked 
|  65|0x00000000e4100000, 0x00000000e4100000, 0x00000000e4200000|  0%| F|  |TAMS 0x00000000e4100000, 0x00000000e4100000| Untracked 
|  66|0x00000000e4200000, 0x00000000e4200000, 0x00000000e4300000|  0%| F|  |TAMS 0x00000000e4200000, 0x00000000e4200000| Untracked 
|  67|0x00000000e4300000, 0x00000000e4300000, 0x00000000e4400000|  0%| F|  |TAMS 0x00000000e4300000, 0x00000000e4300000| Untracked 
|  68|0x00000000e4400000, 0x00000000e4400000, 0x00000000e4500000|  0%| F|  |TAMS 0x00000000e4400000, 0x00000000e4400000| Untracked 
|  69|0x00000000e4500000, 0x00000000e4500000, 0x00000000e4600000|  0%| F|  |TAMS 0x00000000e4500000, 0x00000000e4500000| Untracked 
|  70|0x00000000e4600000, 0x00000000e4600000, 0x00000000e4700000|  0%| F|  |TAMS 0x00000000e4600000, 0x00000000e4600000| Untracked 
|  71|0x00000000e4700000, 0x00000000e4700000, 0x00000000e4800000|  0%| F|  |TAMS 0x00000000e4700000, 0x00000000e4700000| Untracked 
|  72|0x00000000e4800000, 0x00000000e4800000, 0x00000000e4900000|  0%| F|  |TAMS 0x00000000e4800000, 0x00000000e4800000| Untracked 
|  73|0x00000000e4900000, 0x00000000e4900000, 0x00000000e4a00000|  0%| F|  |TAMS 0x00000000e4900000, 0x00000000e4900000| Untracked 
|  74|0x00000000e4a00000, 0x00000000e4a00000, 0x00000000e4b00000|  0%| F|  |TAMS 0x00000000e4a00000, 0x00000000e4a00000| Untracked 
|  75|0x00000000e4b00000, 0x00000000e4b00000, 0x00000000e4c00000|  0%| F|  |TAMS 0x00000000e4b00000, 0x00000000e4b00000| Untracked 
|  76|0x00000000e4c00000, 0x00000000e4c00000, 0x00000000e4d00000|  0%| F|  |TAMS 0x00000000e4c00000, 0x00000000e4c00000| Untracked 
|  77|0x00000000e4d00000, 0x00000000e4d00000, 0x00000000e4e00000|  0%| F|  |TAMS 0x00000000e4d00000, 0x00000000e4d00000| Untracked 
|  78|0x00000000e4e00000, 0x00000000e4e00000, 0x00000000e4f00000|  0%| F|  |TAMS 0x00000000e4e00000, 0x00000000e4e00000| Untracked 
|  79|0x00000000e4f00000, 0x00000000e4f00000, 0x00000000e5000000|  0%| F|  |TAMS 0x00000000e4f00000, 0x00000000e4f00000| Untracked 
|  80|0x00000000e5000000, 0x00000000e5000000, 0x00000000e5100000|  0%| F|  |TAMS 0x00000000e5000000, 0x00000000e5000000| Untracked 
|  81|0x00000000e5100000, 0x00000000e5100000, 0x00000000e5200000|  0%| F|  |TAMS 0x00000000e5100000, 0x00000000e5100000| Untracked 
|  82|0x00000000e5200000, 0x00000000e5200000, 0x00000000e5300000|  0%| F|  |TAMS 0x00000000e5200000, 0x00000000e5200000| Untracked 
|  83|0x00000000e5300000, 0x00000000e5300000, 0x00000000e5400000|  0%| F|  |TAMS 0x00000000e5300000, 0x00000000e5300000| Untracked 
|  84|0x00000000e5400000, 0x00000000e5400000, 0x00000000e5500000|  0%| F|  |TAMS 0x00000000e5400000, 0x00000000e5400000| Untracked 
|  85|0x00000000e5500000, 0x00000000e5500000, 0x00000000e5600000|  0%| F|  |TAMS 0x00000000e5500000, 0x00000000e5500000| Untracked 
|  86|0x00000000e5600000, 0x00000000e5600000, 0x00000000e5700000|  0%| F|  |TAMS 0x00000000e5600000, 0x00000000e5600000| Untracked 
|  87|0x00000000e5700000, 0x00000000e5700000, 0x00000000e5800000|  0%| F|  |TAMS 0x00000000e5700000, 0x00000000e5700000| Untracked 
|  88|0x00000000e5800000, 0x00000000e5800000, 0x00000000e5900000|  0%| F|  |TAMS 0x00000000e5800000, 0x00000000e5800000| Untracked 
|  89|0x00000000e5900000, 0x00000000e5900000, 0x00000000e5a00000|  0%| F|  |TAMS 0x00000000e5900000, 0x00000000e5900000| Untracked 
|  90|0x00000000e5a00000, 0x00000000e5a00000, 0x00000000e5b00000|  0%| F|  |TAMS 0x00000000e5a00000, 0x00000000e5a00000| Untracked 
|  91|0x00000000e5b00000, 0x00000000e5b00000, 0x00000000e5c00000|  0%| F|  |TAMS 0x00000000e5b00000, 0x00000000e5b00000| Untracked 
|  92|0x00000000e5c00000, 0x00000000e5c00000, 0x00000000e5d00000|  0%| F|  |TAMS 0x00000000e5c00000, 0x00000000e5c00000| Untracked 
|  93|0x00000000e5d00000, 0x00000000e5d00000, 0x00000000e5e00000|  0%| F|  |TAMS 0x00000000e5d00000, 0x00000000e5d00000| Untracked 
|  94|0x00000000e5e00000, 0x00000000e5e00000, 0x00000000e5f00000|  0%| F|  |TAMS 0x00000000e5e00000, 0x00000000e5e00000| Untracked 
|  95|0x00000000e5f00000, 0x00000000e5f00000, 0x00000000e6000000|  0%| F|  |TAMS 0x00000000e5f00000, 0x00000000e5f00000| Untracked 
|  96|0x00000000e6000000, 0x00000000e6000000, 0x00000000e6100000|  0%| F|  |TAMS 0x00000000e6000000, 0x00000000e6000000| Untracked 
|  97|0x00000000e6100000, 0x00000000e6100000, 0x00000000e6200000|  0%| F|  |TAMS 0x00000000e6100000, 0x00000000e6100000| Untracked 
|  98|0x00000000e6200000, 0x00000000e6200000, 0x00000000e6300000|  0%| F|  |TAMS 0x00000000e6200000, 0x00000000e6200000| Untracked 
|  99|0x00000000e6300000, 0x00000000e6300000, 0x00000000e6400000|  0%| F|  |TAMS 0x00000000e6300000, 0x00000000e6300000| Untracked 
| 100|0x00000000e6400000, 0x00000000e6400000, 0x00000000e6500000|  0%| F|  |TAMS 0x00000000e6400000, 0x00000000e6400000| Untracked 
| 101|0x00000000e6500000, 0x00000000e6500000, 0x00000000e6600000|  0%| F|  |TAMS 0x00000000e6500000, 0x00000000e6500000| Untracked 
| 102|0x00000000e6600000, 0x00000000e6600000, 0x00000000e6700000|  0%| F|  |TAMS 0x00000000e6600000, 0x00000000e6600000| Untracked 
| 103|0x00000000e6700000, 0x00000000e6700000, 0x00000000e6800000|  0%| F|  |TAMS 0x00000000e6700000, 0x00000000e6700000| Untracked 
| 104|0x00000000e6800000, 0x00000000e6800000, 0x00000000e6900000|  0%| F|  |TAMS 0x00000000e6800000, 0x00000000e6800000| Untracked 
| 105|0x00000000e6900000, 0x00000000e6900000, 0x00000000e6a00000|  0%| F|  |TAMS 0x00000000e6900000, 0x00000000e6900000| Untracked 
| 106|0x00000000e6a00000, 0x00000000e6a00000, 0x00000000e6b00000|  0%| F|  |TAMS 0x00000000e6a00000, 0x00000000e6a00000| Untracked 
| 107|0x00000000e6b00000, 0x00000000e6b00000, 0x00000000e6c00000|  0%| F|  |TAMS 0x00000000e6b00000, 0x00000000e6b00000| Untracked 
| 108|0x00000000e6c00000, 0x00000000e6c00000, 0x00000000e6d00000|  0%| F|  |TAMS 0x00000000e6c00000, 0x00000000e6c00000| Untracked 
| 109|0x00000000e6d00000, 0x00000000e6d00000, 0x00000000e6e00000|  0%| F|  |TAMS 0x00000000e6d00000, 0x00000000e6d00000| Untracked 
| 110|0x00000000e6e00000, 0x00000000e6e00000, 0x00000000e6f00000|  0%| F|  |TAMS 0x00000000e6e00000, 0x00000000e6e00000| Untracked 
| 111|0x00000000e6f00000, 0x00000000e6f00000, 0x00000000e7000000|  0%| F|  |TAMS 0x00000000e6f00000, 0x00000000e6f00000| Untracked 
| 112|0x00000000e7000000, 0x00000000e7000000, 0x00000000e7100000|  0%| F|  |TAMS 0x00000000e7000000, 0x00000000e7000000| Untracked 
| 113|0x00000000e7100000, 0x00000000e7100000, 0x00000000e7200000|  0%| F|  |TAMS 0x00000000e7100000, 0x00000000e7100000| Untracked 
| 114|0x00000000e7200000, 0x00000000e7200000, 0x00000000e7300000|  0%| F|  |TAMS 0x00000000e7200000, 0x00000000e7200000| Untracked 
| 115|0x00000000e7300000, 0x00000000e7300000, 0x00000000e7400000|  0%| F|  |TAMS 0x00000000e7300000, 0x00000000e7300000| Untracked 
| 116|0x00000000e7400000, 0x00000000e7400000, 0x00000000e7500000|  0%| F|  |TAMS 0x00000000e7400000, 0x00000000e7400000| Untracked 
| 117|0x00000000e7500000, 0x00000000e7500000, 0x00000000e7600000|  0%| F|  |TAMS 0x00000000e7500000, 0x00000000e7500000| Untracked 
| 118|0x00000000e7600000, 0x00000000e7600000, 0x00000000e7700000|  0%| F|  |TAMS 0x00000000e7600000, 0x00000000e7600000| Untracked 
| 119|0x00000000e7700000, 0x00000000e7700000, 0x00000000e7800000|  0%| F|  |TAMS 0x00000000e7700000, 0x00000000e7700000| Untracked 
| 120|0x00000000e7800000, 0x00000000e7800000, 0x00000000e7900000|  0%| F|  |TAMS 0x00000000e7800000, 0x00000000e7800000| Untracked 
| 121|0x00000000e7900000, 0x00000000e7900000, 0x00000000e7a00000|  0%| F|  |TAMS 0x00000000e7900000, 0x00000000e7900000| Untracked 
| 122|0x00000000e7a00000, 0x00000000e7a00000, 0x00000000e7b00000|  0%| F|  |TAMS 0x00000000e7a00000, 0x00000000e7a00000| Untracked 
| 123|0x00000000e7b00000, 0x00000000e7b00000, 0x00000000e7c00000|  0%| F|  |TAMS 0x00000000e7b00000, 0x00000000e7b00000| Untracked 
| 124|0x00000000e7c00000, 0x00000000e7c00000, 0x00000000e7d00000|  0%| F|  |TAMS 0x00000000e7c00000, 0x00000000e7c00000| Untracked 
| 125|0x00000000e7d00000, 0x00000000e7d00000, 0x00000000e7e00000|  0%| F|  |TAMS 0x00000000e7d00000, 0x00000000e7d00000| Untracked 
| 126|0x00000000e7e00000, 0x00000000e7e00000, 0x00000000e7f00000|  0%| F|  |TAMS 0x00000000e7e00000, 0x00000000e7e00000| Untracked 
| 127|0x00000000e7f00000, 0x00000000e7f00000, 0x00000000e8000000|  0%| F|  |TAMS 0x00000000e7f00000, 0x00000000e7f00000| Untracked 
| 128|0x00000000e8000000, 0x00000000e8000000, 0x00000000e8100000|  0%| F|  |TAMS 0x00000000e8000000, 0x00000000e8000000| Untracked 
| 129|0x00000000e8100000, 0x00000000e8100000, 0x00000000e8200000|  0%| F|  |TAMS 0x00000000e8100000, 0x00000000e8100000| Untracked 
| 130|0x00000000e8200000, 0x00000000e8200000, 0x00000000e8300000|  0%| F|  |TAMS 0x00000000e8200000, 0x00000000e8200000| Untracked 
| 131|0x00000000e8300000, 0x00000000e8300000, 0x00000000e8400000|  0%| F|  |TAMS 0x00000000e8300000, 0x00000000e8300000| Untracked 
| 132|0x00000000e8400000, 0x00000000e8400000, 0x00000000e8500000|  0%| F|  |TAMS 0x00000000e8400000, 0x00000000e8400000| Untracked 
| 133|0x00000000e8500000, 0x00000000e8500000, 0x00000000e8600000|  0%| F|  |TAMS 0x00000000e8500000, 0x00000000e8500000| Untracked 
| 134|0x00000000e8600000, 0x00000000e8600000, 0x00000000e8700000|  0%| F|  |TAMS 0x00000000e8600000, 0x00000000e8600000| Untracked 
| 135|0x00000000e8700000, 0x00000000e8700000, 0x00000000e8800000|  0%| F|  |TAMS 0x00000000e8700000, 0x00000000e8700000| Untracked 
| 136|0x00000000e8800000, 0x00000000e8800000, 0x00000000e8900000|  0%| F|  |TAMS 0x00000000e8800000, 0x00000000e8800000| Untracked 
| 137|0x00000000e8900000, 0x00000000e8900000, 0x00000000e8a00000|  0%| F|  |TAMS 0x00000000e8900000, 0x00000000e8900000| Untracked 
| 138|0x00000000e8a00000, 0x00000000e8a00000, 0x00000000e8b00000|  0%| F|  |TAMS 0x00000000e8a00000, 0x00000000e8a00000| Untracked 
| 139|0x00000000e8b00000, 0x00000000e8b00000, 0x00000000e8c00000|  0%| F|  |TAMS 0x00000000e8b00000, 0x00000000e8b00000| Untracked 
| 140|0x00000000e8c00000, 0x00000000e8c00000, 0x00000000e8d00000|  0%| F|  |TAMS 0x00000000e8c00000, 0x00000000e8c00000| Untracked 
| 141|0x00000000e8d00000, 0x00000000e8d00000, 0x00000000e8e00000|  0%| F|  |TAMS 0x00000000e8d00000, 0x00000000e8d00000| Untracked 
| 142|0x00000000e8e00000, 0x00000000e8e00000, 0x00000000e8f00000|  0%| F|  |TAMS 0x00000000e8e00000, 0x00000000e8e00000| Untracked 
| 143|0x00000000e8f00000, 0x00000000e8f00000, 0x00000000e9000000|  0%| F|  |TAMS 0x00000000e8f00000, 0x00000000e8f00000| Untracked 
| 144|0x00000000e9000000, 0x00000000e9000000, 0x00000000e9100000|  0%| F|  |TAMS 0x00000000e9000000, 0x00000000e9000000| Untracked 
| 145|0x00000000e9100000, 0x00000000e9100000, 0x00000000e9200000|  0%| F|  |TAMS 0x00000000e9100000, 0x00000000e9100000| Untracked 
| 146|0x00000000e9200000, 0x00000000e9200000, 0x00000000e9300000|  0%| F|  |TAMS 0x00000000e9200000, 0x00000000e9200000| Untracked 
| 147|0x00000000e9300000, 0x00000000e9300000, 0x00000000e9400000|  0%| F|  |TAMS 0x00000000e9300000, 0x00000000e9300000| Untracked 
| 148|0x00000000e9400000, 0x00000000e9400000, 0x00000000e9500000|  0%| F|  |TAMS 0x00000000e9400000, 0x00000000e9400000| Untracked 
| 149|0x00000000e9500000, 0x00000000e9500000, 0x00000000e9600000|  0%| F|  |TAMS 0x00000000e9500000, 0x00000000e9500000| Untracked 
| 150|0x00000000e9600000, 0x00000000e9600000, 0x00000000e9700000|  0%| F|  |TAMS 0x00000000e9600000, 0x00000000e9600000| Untracked 
| 151|0x00000000e9700000, 0x00000000e9700000, 0x00000000e9800000|  0%| F|  |TAMS 0x00000000e9700000, 0x00000000e9700000| Untracked 
| 152|0x00000000e9800000, 0x00000000e98dd590, 0x00000000e9900000| 86%| S|CS|TAMS 0x00000000e9800000, 0x00000000e9800000| Complete 
| 153|0x00000000e9900000, 0x00000000e9a00000, 0x00000000e9a00000|100%| S|CS|TAMS 0x00000000e9900000, 0x00000000e9900000| Complete 
| 154|0x00000000e9a00000, 0x00000000e9b00000, 0x00000000e9b00000|100%| S|CS|TAMS 0x00000000e9a00000, 0x00000000e9a00000| Complete 
| 155|0x00000000e9b00000, 0x00000000e9c00000, 0x00000000e9c00000|100%| S|CS|TAMS 0x00000000e9b00000, 0x00000000e9b00000| Complete 
| 156|0x00000000e9c00000, 0x00000000e9d00000, 0x00000000e9d00000|100%| S|CS|TAMS 0x00000000e9c00000, 0x00000000e9c00000| Complete 
| 157|0x00000000e9d00000, 0x00000000e9e00000, 0x00000000e9e00000|100%| S|CS|TAMS 0x00000000e9d00000, 0x00000000e9d00000| Complete 
| 158|0x00000000e9e00000, 0x00000000e9f00000, 0x00000000e9f00000|100%| S|CS|TAMS 0x00000000e9e00000, 0x00000000e9e00000| Complete 
| 159|0x00000000e9f00000, 0x00000000ea000000, 0x00000000ea000000|100%| S|CS|TAMS 0x00000000e9f00000, 0x00000000e9f00000| Complete 
| 160|0x00000000ea000000, 0x00000000ea100000, 0x00000000ea100000|100%| S|CS|TAMS 0x00000000ea000000, 0x00000000ea000000| Complete 
| 161|0x00000000ea100000, 0x00000000ea200000, 0x00000000ea200000|100%| S|CS|TAMS 0x00000000ea100000, 0x00000000ea100000| Complete 
| 162|0x00000000ea200000, 0x00000000ea200000, 0x00000000ea300000|  0%| F|  |TAMS 0x00000000ea200000, 0x00000000ea200000| Untracked 
| 163|0x00000000ea300000, 0x00000000ea300000, 0x00000000ea400000|  0%| F|  |TAMS 0x00000000ea300000, 0x00000000ea300000| Untracked 
| 164|0x00000000ea400000, 0x00000000ea400000, 0x00000000ea500000|  0%| F|  |TAMS 0x00000000ea400000, 0x00000000ea400000| Untracked 
| 165|0x00000000ea500000, 0x00000000ea500000, 0x00000000ea600000|  0%| F|  |TAMS 0x00000000ea500000, 0x00000000ea500000| Untracked 
| 166|0x00000000ea600000, 0x00000000ea600000, 0x00000000ea700000|  0%| F|  |TAMS 0x00000000ea600000, 0x00000000ea600000| Untracked 
| 167|0x00000000ea700000, 0x00000000ea700000, 0x00000000ea800000|  0%| F|  |TAMS 0x00000000ea700000, 0x00000000ea700000| Untracked 
| 168|0x00000000ea800000, 0x00000000ea800000, 0x00000000ea900000|  0%| F|  |TAMS 0x00000000ea800000, 0x00000000ea800000| Untracked 
| 169|0x00000000ea900000, 0x00000000ea900000, 0x00000000eaa00000|  0%| F|  |TAMS 0x00000000ea900000, 0x00000000ea900000| Untracked 
| 170|0x00000000eaa00000, 0x00000000eaa00000, 0x00000000eab00000|  0%| F|  |TAMS 0x00000000eaa00000, 0x00000000eaa00000| Untracked 
| 171|0x00000000eab00000, 0x00000000eab00000, 0x00000000eac00000|  0%| F|  |TAMS 0x00000000eab00000, 0x00000000eab00000| Untracked 
| 172|0x00000000eac00000, 0x00000000eac00000, 0x00000000ead00000|  0%| F|  |TAMS 0x00000000eac00000, 0x00000000eac00000| Untracked 
| 173|0x00000000ead00000, 0x00000000ead00000, 0x00000000eae00000|  0%| F|  |TAMS 0x00000000ead00000, 0x00000000ead00000| Untracked 
| 174|0x00000000eae00000, 0x00000000eae00000, 0x00000000eaf00000|  0%| F|  |TAMS 0x00000000eae00000, 0x00000000eae00000| Untracked 
| 175|0x00000000eaf00000, 0x00000000eaf00000, 0x00000000eb000000|  0%| F|  |TAMS 0x00000000eaf00000, 0x00000000eaf00000| Untracked 
| 176|0x00000000eb000000, 0x00000000eb000000, 0x00000000eb100000|  0%| F|  |TAMS 0x00000000eb000000, 0x00000000eb000000| Untracked 
| 177|0x00000000eb100000, 0x00000000eb100000, 0x00000000eb200000|  0%| F|  |TAMS 0x00000000eb100000, 0x00000000eb100000| Untracked 
| 178|0x00000000eb200000, 0x00000000eb200000, 0x00000000eb300000|  0%| F|  |TAMS 0x00000000eb200000, 0x00000000eb200000| Untracked 
| 179|0x00000000eb300000, 0x00000000eb300000, 0x00000000eb400000|  0%| F|  |TAMS 0x00000000eb300000, 0x00000000eb300000| Untracked 
| 180|0x00000000eb400000, 0x00000000eb400000, 0x00000000eb500000|  0%| F|  |TAMS 0x00000000eb400000, 0x00000000eb400000| Untracked 
| 181|0x00000000eb500000, 0x00000000eb500000, 0x00000000eb600000|  0%| F|  |TAMS 0x00000000eb500000, 0x00000000eb500000| Untracked 
| 182|0x00000000eb600000, 0x00000000eb600000, 0x00000000eb700000|  0%| F|  |TAMS 0x00000000eb600000, 0x00000000eb600000| Untracked 
| 183|0x00000000eb700000, 0x00000000eb700000, 0x00000000eb800000|  0%| F|  |TAMS 0x00000000eb700000, 0x00000000eb700000| Untracked 
| 184|0x00000000eb800000, 0x00000000eb800000, 0x00000000eb900000|  0%| F|  |TAMS 0x00000000eb800000, 0x00000000eb800000| Untracked 
| 185|0x00000000eb900000, 0x00000000eb900000, 0x00000000eba00000|  0%| F|  |TAMS 0x00000000eb900000, 0x00000000eb900000| Untracked 
| 186|0x00000000eba00000, 0x00000000eba00000, 0x00000000ebb00000|  0%| F|  |TAMS 0x00000000eba00000, 0x00000000eba00000| Untracked 
| 187|0x00000000ebb00000, 0x00000000ebb00000, 0x00000000ebc00000|  0%| F|  |TAMS 0x00000000ebb00000, 0x00000000ebb00000| Untracked 
| 188|0x00000000ebc00000, 0x00000000ebc00000, 0x00000000ebd00000|  0%| F|  |TAMS 0x00000000ebc00000, 0x00000000ebc00000| Untracked 
| 189|0x00000000ebd00000, 0x00000000ebd00000, 0x00000000ebe00000|  0%| F|  |TAMS 0x00000000ebd00000, 0x00000000ebd00000| Untracked 
| 190|0x00000000ebe00000, 0x00000000ebe00000, 0x00000000ebf00000|  0%| F|  |TAMS 0x00000000ebe00000, 0x00000000ebe00000| Untracked 
| 191|0x00000000ebf00000, 0x00000000ebf00000, 0x00000000ec000000|  0%| F|  |TAMS 0x00000000ebf00000, 0x00000000ebf00000| Untracked 
| 192|0x00000000ec000000, 0x00000000ec000000, 0x00000000ec100000|  0%| F|  |TAMS 0x00000000ec000000, 0x00000000ec000000| Untracked 
| 193|0x00000000ec100000, 0x00000000ec100000, 0x00000000ec200000|  0%| F|  |TAMS 0x00000000ec100000, 0x00000000ec100000| Untracked 
| 194|0x00000000ec200000, 0x00000000ec200000, 0x00000000ec300000|  0%| F|  |TAMS 0x00000000ec200000, 0x00000000ec200000| Untracked 
| 195|0x00000000ec300000, 0x00000000ec300000, 0x00000000ec400000|  0%| F|  |TAMS 0x00000000ec300000, 0x00000000ec300000| Untracked 
| 196|0x00000000ec400000, 0x00000000ec400000, 0x00000000ec500000|  0%| F|  |TAMS 0x00000000ec400000, 0x00000000ec400000| Untracked 
| 197|0x00000000ec500000, 0x00000000ec500000, 0x00000000ec600000|  0%| F|  |TAMS 0x00000000ec500000, 0x00000000ec500000| Untracked 
| 198|0x00000000ec600000, 0x00000000ec680800, 0x00000000ec700000| 50%| E|  |TAMS 0x00000000ec600000, 0x00000000ec600000| Complete 
| 199|0x00000000ec700000, 0x00000000ec800000, 0x00000000ec800000|100%| E|CS|TAMS 0x00000000ec700000, 0x00000000ec700000| Complete 
| 200|0x00000000ec800000, 0x00000000ec900000, 0x00000000ec900000|100%| E|CS|TAMS 0x00000000ec800000, 0x00000000ec800000| Complete 
| 201|0x00000000ec900000, 0x00000000eca00000, 0x00000000eca00000|100%| E|CS|TAMS 0x00000000ec900000, 0x00000000ec900000| Complete 
| 202|0x00000000eca00000, 0x00000000ecb00000, 0x00000000ecb00000|100%| E|CS|TAMS 0x00000000eca00000, 0x00000000eca00000| Complete 
| 203|0x00000000ecb00000, 0x00000000ecc00000, 0x00000000ecc00000|100%| E|CS|TAMS 0x00000000ecb00000, 0x00000000ecb00000| Complete 
| 204|0x00000000ecc00000, 0x00000000ecd00000, 0x00000000ecd00000|100%| E|CS|TAMS 0x00000000ecc00000, 0x00000000ecc00000| Complete 
| 205|0x00000000ecd00000, 0x00000000ece00000, 0x00000000ece00000|100%| E|CS|TAMS 0x00000000ecd00000, 0x00000000ecd00000| Complete 
| 206|0x00000000ece00000, 0x00000000ecf00000, 0x00000000ecf00000|100%| E|CS|TAMS 0x00000000ece00000, 0x00000000ece00000| Complete 
| 207|0x00000000ecf00000, 0x00000000ed000000, 0x00000000ed000000|100%| E|CS|TAMS 0x00000000ecf00000, 0x00000000ecf00000| Complete 
| 208|0x00000000ed000000, 0x00000000ed100000, 0x00000000ed100000|100%| E|CS|TAMS 0x00000000ed000000, 0x00000000ed000000| Complete 
| 209|0x00000000ed100000, 0x00000000ed200000, 0x00000000ed200000|100%| E|CS|TAMS 0x00000000ed100000, 0x00000000ed100000| Complete 
| 210|0x00000000ed200000, 0x00000000ed300000, 0x00000000ed300000|100%| E|CS|TAMS 0x00000000ed200000, 0x00000000ed200000| Complete 
| 211|0x00000000ed300000, 0x00000000ed400000, 0x00000000ed400000|100%| E|CS|TAMS 0x00000000ed300000, 0x00000000ed300000| Complete 
| 212|0x00000000ed400000, 0x00000000ed500000, 0x00000000ed500000|100%| E|CS|TAMS 0x00000000ed400000, 0x00000000ed400000| Complete 
| 213|0x00000000ed500000, 0x00000000ed600000, 0x00000000ed600000|100%| E|CS|TAMS 0x00000000ed500000, 0x00000000ed500000| Complete 
| 214|0x00000000ed600000, 0x00000000ed700000, 0x00000000ed700000|100%| E|CS|TAMS 0x00000000ed600000, 0x00000000ed600000| Complete 
| 215|0x00000000ed700000, 0x00000000ed800000, 0x00000000ed800000|100%| E|CS|TAMS 0x00000000ed700000, 0x00000000ed700000| Complete 
| 216|0x00000000ed800000, 0x00000000ed900000, 0x00000000ed900000|100%| E|CS|TAMS 0x00000000ed800000, 0x00000000ed800000| Complete 
| 217|0x00000000ed900000, 0x00000000eda00000, 0x00000000eda00000|100%| E|CS|TAMS 0x00000000ed900000, 0x00000000ed900000| Complete 
| 218|0x00000000eda00000, 0x00000000edb00000, 0x00000000edb00000|100%| E|CS|TAMS 0x00000000eda00000, 0x00000000eda00000| Complete 
| 219|0x00000000edb00000, 0x00000000edc00000, 0x00000000edc00000|100%| E|CS|TAMS 0x00000000edb00000, 0x00000000edb00000| Complete 
| 220|0x00000000edc00000, 0x00000000edd00000, 0x00000000edd00000|100%| E|CS|TAMS 0x00000000edc00000, 0x00000000edc00000| Complete 
| 221|0x00000000edd00000, 0x00000000ede00000, 0x00000000ede00000|100%| E|CS|TAMS 0x00000000edd00000, 0x00000000edd00000| Complete 
| 222|0x00000000ede00000, 0x00000000edf00000, 0x00000000edf00000|100%| E|CS|TAMS 0x00000000ede00000, 0x00000000ede00000| Complete 
| 223|0x00000000edf00000, 0x00000000ee000000, 0x00000000ee000000|100%| E|CS|TAMS 0x00000000edf00000, 0x00000000edf00000| Complete 
| 224|0x00000000ee000000, 0x00000000ee100000, 0x00000000ee100000|100%| E|CS|TAMS 0x00000000ee000000, 0x00000000ee000000| Complete 
| 225|0x00000000ee100000, 0x00000000ee200000, 0x00000000ee200000|100%| E|  |TAMS 0x00000000ee100000, 0x00000000ee100000| Complete 
| 226|0x00000000ee200000, 0x00000000ee300000, 0x00000000ee300000|100%| E|CS|TAMS 0x00000000ee200000, 0x00000000ee200000| Complete 
| 227|0x00000000ee300000, 0x00000000ee400000, 0x00000000ee400000|100%| E|CS|TAMS 0x00000000ee300000, 0x00000000ee300000| Complete 
| 228|0x00000000ee400000, 0x00000000ee500000, 0x00000000ee500000|100%| E|CS|TAMS 0x00000000ee400000, 0x00000000ee400000| Complete 
| 229|0x00000000ee500000, 0x00000000ee600000, 0x00000000ee600000|100%| E|CS|TAMS 0x00000000ee500000, 0x00000000ee500000| Complete 
| 230|0x00000000ee600000, 0x00000000ee700000, 0x00000000ee700000|100%| E|CS|TAMS 0x00000000ee600000, 0x00000000ee600000| Complete 
| 231|0x00000000ee700000, 0x00000000ee800000, 0x00000000ee800000|100%| E|CS|TAMS 0x00000000ee700000, 0x00000000ee700000| Complete 
| 232|0x00000000ee800000, 0x00000000ee900000, 0x00000000ee900000|100%| E|CS|TAMS 0x00000000ee800000, 0x00000000ee800000| Complete 
| 233|0x00000000ee900000, 0x00000000eea00000, 0x00000000eea00000|100%| E|CS|TAMS 0x00000000ee900000, 0x00000000ee900000| Complete 
| 234|0x00000000eea00000, 0x00000000eeb00000, 0x00000000eeb00000|100%| E|CS|TAMS 0x00000000eea00000, 0x00000000eea00000| Complete 
| 235|0x00000000eeb00000, 0x00000000eec00000, 0x00000000eec00000|100%| E|CS|TAMS 0x00000000eeb00000, 0x00000000eeb00000| Complete 
| 236|0x00000000eec00000, 0x00000000eed00000, 0x00000000eed00000|100%| E|CS|TAMS 0x00000000eec00000, 0x00000000eec00000| Complete 
| 237|0x00000000eed00000, 0x00000000eee00000, 0x00000000eee00000|100%| E|CS|TAMS 0x00000000eed00000, 0x00000000eed00000| Complete 
| 238|0x00000000eee00000, 0x00000000eef00000, 0x00000000eef00000|100%| E|CS|TAMS 0x00000000eee00000, 0x00000000eee00000| Complete 
| 239|0x00000000eef00000, 0x00000000ef000000, 0x00000000ef000000|100%| E|CS|TAMS 0x00000000eef00000, 0x00000000eef00000| Complete 
| 240|0x00000000ef000000, 0x00000000ef100000, 0x00000000ef100000|100%| E|CS|TAMS 0x00000000ef000000, 0x00000000ef000000| Complete 
| 241|0x00000000ef100000, 0x00000000ef200000, 0x00000000ef200000|100%| E|CS|TAMS 0x00000000ef100000, 0x00000000ef100000| Complete 
| 242|0x00000000ef200000, 0x00000000ef300000, 0x00000000ef300000|100%| E|CS|TAMS 0x00000000ef200000, 0x00000000ef200000| Complete 
| 243|0x00000000ef300000, 0x00000000ef400000, 0x00000000ef400000|100%| E|CS|TAMS 0x00000000ef300000, 0x00000000ef300000| Complete 
| 244|0x00000000ef400000, 0x00000000ef500000, 0x00000000ef500000|100%| E|CS|TAMS 0x00000000ef400000, 0x00000000ef400000| Complete 
| 245|0x00000000ef500000, 0x00000000ef600000, 0x00000000ef600000|100%| E|CS|TAMS 0x00000000ef500000, 0x00000000ef500000| Complete 
| 246|0x00000000ef600000, 0x00000000ef700000, 0x00000000ef700000|100%| E|CS|TAMS 0x00000000ef600000, 0x00000000ef600000| Complete 
| 247|0x00000000ef700000, 0x00000000ef800000, 0x00000000ef800000|100%| E|CS|TAMS 0x00000000ef700000, 0x00000000ef700000| Complete 
| 248|0x00000000ef800000, 0x00000000ef900000, 0x00000000ef900000|100%| E|CS|TAMS 0x00000000ef800000, 0x00000000ef800000| Complete 
| 249|0x00000000ef900000, 0x00000000efa00000, 0x00000000efa00000|100%| E|CS|TAMS 0x00000000ef900000, 0x00000000ef900000| Complete 
| 250|0x00000000efa00000, 0x00000000efb00000, 0x00000000efb00000|100%| E|CS|TAMS 0x00000000efa00000, 0x00000000efa00000| Complete 
| 251|0x00000000efb00000, 0x00000000efc00000, 0x00000000efc00000|100%| E|CS|TAMS 0x00000000efb00000, 0x00000000efb00000| Complete 
| 252|0x00000000efc00000, 0x00000000efd00000, 0x00000000efd00000|100%| E|CS|TAMS 0x00000000efc00000, 0x00000000efc00000| Complete 
| 253|0x00000000efd00000, 0x00000000efe00000, 0x00000000efe00000|100%| E|CS|TAMS 0x00000000efd00000, 0x00000000efd00000| Complete 
| 254|0x00000000efe00000, 0x00000000eff00000, 0x00000000eff00000|100%| E|CS|TAMS 0x00000000efe00000, 0x00000000efe00000| Complete 
| 255|0x00000000eff00000, 0x00000000f0000000, 0x00000000f0000000|100%| E|CS|TAMS 0x00000000eff00000, 0x00000000eff00000| Complete 

Card table byte_map: [0x000001b51c6e0000,0x000001b51c7e0000] _byte_map_base: 0x000001b51bfe0000

Marking Bits (Prev, Next): (CMBitMap*) 0x000001b50509aa40, (CMBitMap*) 0x000001b50509aa00
 Prev Bits: [0x000001b51d0e0000, 0x000001b51d8e0000)
 Next Bits: [0x000001b51c8e0000, 0x000001b51d0e0000)

Polling page: 0x000001b502f40000

Metaspace:

Usage:
  Non-class:     27.48 MB capacity,    27.06 MB ( 98%) used,   388.67 KB (  1%) free+waste,    42.69 KB ( <1%) overhead. 
      Class:      4.29 MB capacity,     4.13 MB ( 96%) used,   153.56 KB (  3%) free+waste,    18.19 KB ( <1%) overhead. 
       Both:     31.78 MB capacity,    31.19 MB ( 98%) used,   542.23 KB (  2%) free+waste,    60.88 KB ( <1%) overhead. 

Virtual space:
  Non-class space:       30.00 MB reserved,      27.67 MB ( 92%) committed 
      Class space:      248.00 MB reserved,       4.38 MB (  2%) committed 
             Both:      278.00 MB reserved,      32.05 MB ( 12%) committed 

Chunk freelists:
   Non-Class:  2.00 KB
       Class:  20.00 KB
        Both:  22.00 KB

MaxMetaspaceSize: 256.00 MB
CompressedClassSpaceSize: 248.00 MB

CodeHeap 'non-profiled nmethods': size=120000Kb used=1492Kb max_used=1492Kb free=118507Kb
 bounds [0x000001b514d80000, 0x000001b514ff0000, 0x000001b51c2b0000]
CodeHeap 'profiled nmethods': size=120000Kb used=6567Kb max_used=6567Kb free=113432Kb
 bounds [0x000001b50d850000, 0x000001b50dec0000, 0x000001b514d80000]
CodeHeap 'non-nmethods': size=5760Kb used=2291Kb max_used=2318Kb free=3468Kb
 bounds [0x000001b50d2b0000, 0x000001b50d520000, 0x000001b50d850000]
 total_blobs=3948 nmethods=3182 adapters=678
 compilation: enabled
              stopped_count=0, restarted_count=0
 full_count=0

Compilation events (20 events):
Event: 7.511 Thread 0x000001b520353600 nmethod 3103 0x000001b50de85890 code [0x000001b50de85b40, 0x000001b50de87228]
Event: 7.511 Thread 0x000001b520353600 3105       3       org.codehaus.groovy.util.ComplexKeyHashMap::<init> (11 bytes)
Event: 7.511 Thread 0x000001b520353600 nmethod 3105 0x000001b50de87710 code [0x000001b50de878c0, 0x000001b50de87c18]
Event: 7.511 Thread 0x000001b520353600 3106       3       org.codehaus.groovy.util.ComplexKeyHashMap::init (20 bytes)
Event: 7.511 Thread 0x000001b520353600 nmethod 3106 0x000001b50de87d10 code [0x000001b50de87ea0, 0x000001b50de880d8]
Event: 7.511 Thread 0x000001b520353600 3104       3       org.codehaus.groovy.util.SingleKeyHashMap::<init> (5 bytes)
Event: 7.511 Thread 0x000001b520353600 nmethod 3104 0x000001b50de88190 code [0x000001b50de88340, 0x000001b50de886f8]
Event: 7.511 Thread 0x000001b520353600 3102       3       java.util.stream.Sink$ChainedReference::begin (11 bytes)
Event: 7.511 Thread 0x000001b520353600 nmethod 3102 0x000001b50de88810 code [0x000001b50de889c0, 0x000001b50de88b88]
Event: 7.512 Thread 0x000001b520353600 3108       3       org.codehaus.groovy.util.ComplexKeyHashMap$1::<init> (64 bytes)
Event: 7.512 Thread 0x000001b520353600 nmethod 3108 0x000001b50de88c90 code [0x000001b50de88e40, 0x000001b50de89198]
Event: 7.512 Thread 0x000001b520353600 3107       3       org.codehaus.groovy.util.ComplexKeyHashMap::getEntrySetIterator (9 bytes)
Event: 7.512 Thread 0x000001b520353600 nmethod 3107 0x000001b50de89310 code [0x000001b50de894c0, 0x000001b50de89668]
Event: 7.512 Thread 0x000001b520353600 3109       3       org.codehaus.groovy.runtime.metaclass.MetaMethodIndex::getHeader (38 bytes)
Event: 7.513 Thread 0x000001b520353600 nmethod 3109 0x000001b50de89710 code [0x000001b50de89900, 0x000001b50de89f38]
Event: 7.514 Thread 0x000001b520353600 3110       3       java.util.HashMap::removeNode (291 bytes)
Event: 7.515 Thread 0x000001b520353600 nmethod 3110 0x000001b50de8a190 code [0x000001b50de8a420, 0x000001b50de8b778]
Event: 7.515 Thread 0x000001b520353600 3111       1       java.net.JarURLConnection::getJarFileURL (5 bytes)
Event: 7.515 Thread 0x000001b520353600 nmethod 3111 0x000001b514ef3390 code [0x000001b514ef3520, 0x000001b514ef35d8]
Event: 7.523 Thread 0x000001b520353600 3112       3       java.lang.Long::bitCount (61 bytes)

GC Heap History (6 events):
Event: 0.588 GC heap before
{Heap before GC invocations=0 (full 0):
 garbage-first heap   total 262144K, used 28672K [0x00000000e0000000, 0x0000000100000000)
  region size 1024K, 23 young (23552K), 0 survivors (0K)
 Metaspace       used 3918K, capacity 6543K, committed 6656K, reserved 262144K
  class space    used 487K, capacity 729K, committed 768K, reserved 253952K
}
Event: 0.593 GC heap after
{Heap after GC invocations=1 (full 0):
 garbage-first heap   total 262144K, used 8767K [0x00000000e0000000, 0x0000000100000000)
  region size 1024K, 3 young (3072K), 3 survivors (3072K)
 Metaspace       used 3918K, capacity 6543K, committed 6656K, reserved 262144K
  class space    used 487K, capacity 729K, committed 768K, reserved 253952K
}
Event: 0.772 GC heap before
{Heap before GC invocations=1 (full 0):
 garbage-first heap   total 262144K, used 34367K [0x00000000e0000000, 0x0000000100000000)
  region size 1024K, 29 young (29696K), 3 survivors (3072K)
 Metaspace       used 4089K, capacity 6607K, committed 6656K, reserved 262144K
  class space    used 491K, capacity 729K, committed 768K, reserved 253952K
}
Event: 0.776 GC heap after
{Heap after GC invocations=2 (full 0):
 garbage-first heap   total 262144K, used 12715K [0x00000000e0000000, 0x0000000100000000)
  region size 1024K, 4 young (4096K), 4 survivors (4096K)
 Metaspace       used 4089K, capacity 6607K, committed 6656K, reserved 262144K
  class space    used 491K, capacity 729K, committed 768K, reserved 253952K
}
Event: 5.263 GC heap before
{Heap before GC invocations=2 (full 0):
 garbage-first heap   total 262144K, used 103851K [0x00000000e0000000, 0x0000000100000000)
  region size 1024K, 94 young (96256K), 4 survivors (4096K)
 Metaspace       used 20684K, capacity 21187K, committed 21296K, reserved 272384K
  class space    used 2985K, capacity 3141K, committed 3200K, reserved 253952K
}
Event: 5.271 GC heap after
{Heap after GC invocations=3 (full 0):
 garbage-first heap   total 262144K, used 18811K [0x00000000e0000000, 0x0000000100000000)
  region size 1024K, 10 young (10240K), 10 survivors (10240K)
 Metaspace       used 20684K, capacity 21187K, committed 21296K, reserved 272384K
  class space    used 2985K, capacity 3141K, committed 3200K, reserved 253952K
}

Deoptimization events (20 events):
Event: 7.368 Thread 0x000001b5229057c0 Uncommon trap: trap_request=0xffffffbe fr.pc=0x000001b514edef30 relative=0x0000000000000670
Event: 7.368 Thread 0x000001b5229057c0 Uncommon trap: reason=profile_predicate action=maybe_recompile pc=0x000001b514edef30 method=java.lang.PublicMethods$MethodList.filter([Ljava/lang/reflect/Method;Ljava/lang/String;[Ljava/lang/Class;Z)Ljava/lang/PublicMethods$MethodList; @ 21 c2
Event: 7.368 Thread 0x000001b5229057c0 DEOPT PACKING pc=0x000001b514edef30 sp=0x0000004981ff89b0
Event: 7.368 Thread 0x000001b5229057c0 DEOPT UNPACKING pc=0x000001b50d2fe42f sp=0x0000004981ff8968 mode 2
Event: 7.368 Thread 0x000001b5229057c0 Uncommon trap: trap_request=0xffffffbe fr.pc=0x000001b514edef30 relative=0x0000000000000670
Event: 7.368 Thread 0x000001b5229057c0 Uncommon trap: reason=profile_predicate action=maybe_recompile pc=0x000001b514edef30 method=java.lang.PublicMethods$MethodList.filter([Ljava/lang/reflect/Method;Ljava/lang/String;[Ljava/lang/Class;Z)Ljava/lang/PublicMethods$MethodList; @ 21 c2
Event: 7.368 Thread 0x000001b5229057c0 DEOPT PACKING pc=0x000001b514edef30 sp=0x0000004981ff8900
Event: 7.368 Thread 0x000001b5229057c0 DEOPT UNPACKING pc=0x000001b50d2fe42f sp=0x0000004981ff88b8 mode 2
Event: 7.368 Thread 0x000001b5229057c0 Uncommon trap: trap_request=0xffffffbe fr.pc=0x000001b514edef30 relative=0x0000000000000670
Event: 7.368 Thread 0x000001b5229057c0 Uncommon trap: reason=profile_predicate action=maybe_recompile pc=0x000001b514edef30 method=java.lang.PublicMethods$MethodList.filter([Ljava/lang/reflect/Method;Ljava/lang/String;[Ljava/lang/Class;Z)Ljava/lang/PublicMethods$MethodList; @ 21 c2
Event: 7.368 Thread 0x000001b5229057c0 DEOPT PACKING pc=0x000001b514edef30 sp=0x0000004981ff8850
Event: 7.368 Thread 0x000001b5229057c0 DEOPT UNPACKING pc=0x000001b50d2fe42f sp=0x0000004981ff8808 mode 2
Event: 7.399 Thread 0x000001b5229057c0 Uncommon trap: trap_request=0xffffff45 fr.pc=0x000001b514ec7030 relative=0x0000000000000110
Event: 7.399 Thread 0x000001b5229057c0 Uncommon trap: reason=unstable_if action=reinterpret pc=0x000001b514ec7030 method=java.util.Arrays.hashCode([Ljava/lang/Object;)I @ 34 c2
Event: 7.399 Thread 0x000001b5229057c0 DEOPT PACKING pc=0x000001b514ec7030 sp=0x0000004981ffbe70
Event: 7.399 Thread 0x000001b5229057c0 DEOPT UNPACKING pc=0x000001b50d2fe42f sp=0x0000004981ffbde8 mode 2
Event: 7.492 Thread 0x000001b5229057c0 Uncommon trap: trap_request=0xffffffc6 fr.pc=0x000001b514edbde8 relative=0x0000000000003ce8
Event: 7.492 Thread 0x000001b5229057c0 Uncommon trap: reason=bimorphic_or_optimized_type_check action=maybe_recompile pc=0x000001b514edbde8 method=java.util.AbstractCollection.addAll(Ljava/util/Collection;)Z @ 29 c2
Event: 7.492 Thread 0x000001b5229057c0 DEOPT PACKING pc=0x000001b514edbde8 sp=0x0000004981ff9270
Event: 7.492 Thread 0x000001b5229057c0 DEOPT UNPACKING pc=0x000001b50d2fe42f sp=0x0000004981ff9260 mode 2

Classes unloaded (0 events):
No events

Classes redefined (0 events):
No events

Internal exceptions (20 events):
Event: 7.370 Thread 0x000001b5229057c0 Exception <a 'java/lang/ClassNotFoundException'{0x00000000edbf3810}: org/gradle/initialization/SettingsScriptBeanInfo> (0x00000000edbf3810) 
thrown [./open/src/hotspot/share/classfile/systemDictionary.cpp, line 295]
Event: 7.371 Thread 0x000001b5229057c0 Exception <a 'java/lang/ClassNotFoundException'{0x00000000edbfb618}: org/gradle/plugin/use/internal/PluginsAwareScriptBeanInfo> (0x00000000edbfb618) 
thrown [./open/src/hotspot/share/classfile/systemDictionary.cpp, line 295]
Event: 7.371 Thread 0x000001b5229057c0 Exception <a 'java/lang/ClassNotFoundException'{0x00000000eda038d0}: org/gradle/plugin/use/internal/PluginsAwareScriptCustomizer> (0x00000000eda038d0) 
thrown [./open/src/hotspot/share/classfile/systemDictionary.cpp, line 295]
Event: 7.371 Thread 0x000001b5229057c0 Exception <a 'java/lang/ClassNotFoundException'{0x00000000eda13618}: org/gradle/initialization/SettingsScriptCustomizer> (0x00000000eda13618) 
thrown [./open/src/hotspot/share/classfile/systemDictionary.cpp, line 295]
Event: 7.372 Thread 0x000001b5229057c0 Exception <a 'java/lang/ClassNotFoundException'{0x00000000eda200d0}: settings_4yy7gt1af2ya4pgmo3ezqv2w9Customizer> (0x00000000eda200d0) 
thrown [./open/src/hotspot/share/classfile/systemDictionary.cpp, line 295]
Event: 7.376 Thread 0x000001b5229057c0 Exception <a 'java/lang/ClassNotFoundException'{0x00000000eda7d138}: org/gradle/initialization/DefaultSettings_DecoratedBeanInfo> (0x00000000eda7d138) 
thrown [./open/src/hotspot/share/classfile/systemDictionary.cpp, line 295]
Event: 7.376 Thread 0x000001b5229057c0 Exception <a 'java/lang/ClassNotFoundException'{0x00000000eda89ae8}: org/gradle/initialization/DefaultSettingsBeanInfo> (0x00000000eda89ae8) 
thrown [./open/src/hotspot/share/classfile/systemDictionary.cpp, line 295]
Event: 7.376 Thread 0x000001b5229057c0 Exception <a 'java/lang/ClassNotFoundException'{0x00000000eda96190}: org/gradle/initialization/DefaultSettingsCustomizer> (0x00000000eda96190) 
thrown [./open/src/hotspot/share/classfile/systemDictionary.cpp, line 295]
Event: 7.378 Thread 0x000001b5229057c0 Exception <a 'java/lang/ClassNotFoundException'{0x00000000edacb9a0}: org/gradle/initialization/DefaultSettings_DecoratedCustomizer> (0x00000000edacb9a0) 
thrown [./open/src/hotspot/share/classfile/systemDictionary.cpp, line 295]
Event: 7.384 Thread 0x000001b5229057c0 Exception <a 'java/lang/ClassNotFoundException'{0x00000000ed94a108}: org/gradle/initialization/DefaultProjectDescriptorBeanInfo> (0x00000000ed94a108) 
thrown [./open/src/hotspot/share/classfile/systemDictionary.cpp, line 295]
Event: 7.384 Thread 0x000001b5229057c0 Exception <a 'java/lang/ClassNotFoundException'{0x00000000ed955dd8}: org/gradle/initialization/DefaultProjectDescriptorCustomizer> (0x00000000ed955dd8) 
thrown [./open/src/hotspot/share/classfile/systemDictionary.cpp, line 295]
Event: 7.399 Thread 0x000001b5229057c0 Implicit null exception at 0x000001b514ec6f6c to 0x000001b514ec7014
Event: 7.493 Thread 0x000001b5229057c0 Exception <a 'java/lang/ClassNotFoundException'{0x00000000ed32efd0}: org/gradle/internal/metaobject/ConfigureDelegateBeanInfo> (0x00000000ed32efd0) 
thrown [./open/src/hotspot/share/classfile/systemDictionary.cpp, line 295]
Event: 7.493 Thread 0x000001b5229057c0 Exception <a 'java/lang/ClassNotFoundException'{0x00000000ed3392e0}: org/gradle/internal/metaobject/ConfigureDelegateCustomizer> (0x00000000ed3392e0) 
thrown [./open/src/hotspot/share/classfile/systemDictionary.cpp, line 295]
Event: 7.498 Thread 0x000001b5229057c0 Exception <a 'java/lang/ClassNotFoundException'{0x00000000ed3f05d0}: org/gradle/api/internal/project/DefaultProject_DecoratedBeanInfo> (0x00000000ed3f05d0) 
thrown [./open/src/hotspot/share/classfile/systemDictionary.cpp, line 295]
Event: 7.498 Thread 0x000001b5229057c0 Exception <a 'java/lang/ClassNotFoundException'{0x00000000ed3fbb58}: org/gradle/api/internal/project/DefaultProjectBeanInfo> (0x00000000ed3fbb58) 
thrown [./open/src/hotspot/share/classfile/systemDictionary.cpp, line 295]
Event: 7.499 Thread 0x000001b5229057c0 Exception <a 'java/lang/ClassNotFoundException'{0x00000000ed207590}: org/gradle/api/internal/project/DefaultProjectCustomizer> (0x00000000ed207590) 
thrown [./open/src/hotspot/share/classfile/systemDictionary.cpp, line 295]
Event: 7.503 Thread 0x000001b5229057c0 Exception <a 'java/lang/ClassNotFoundException'{0x00000000ed29d4c0}: org/gradle/api/internal/project/DefaultProject_DecoratedCustomizer> (0x00000000ed29d4c0) 
thrown [./open/src/hotspot/share/classfile/systemDictionary.cpp, line 295]
Event: 7.511 Thread 0x000001b5229057c0 Exception <a 'java/lang/ClassNotFoundException'{0x00000000ed17f270}: org/gradle/configuration/internal/DefaultListenerBuildOperationDecorator$BuildOperationEmittingClosureBeanInfo> (0x00000000ed17f270) 
thrown [./open/src/hotspot/share/classfile/systemDictionary.cpp, line 295]
Event: 7.512 Thread 0x000001b5229057c0 Exception <a 'java/lang/ClassNotFoundException'{0x00000000ed18adc0}: org/gradle/configuration/internal/DefaultListenerBuildOperationDecorator$BuildOperationEmittingClosureCustomizer> (0x00000000ed18adc0) 
thrown [./open/src/hotspot/share/classfile/systemDictionary.cpp, line 295]

Events (20 events):
Event: 7.237 loading class sun/reflect/MagicAccessorImpl
Event: 7.237 loading class sun/reflect/MagicAccessorImpl done
Event: 7.263 Executing VM operation: ICBufferFull
Event: 7.263 Executing VM operation: ICBufferFull done
Event: 7.339 Executing VM operation: ICBufferFull
Event: 7.339 Executing VM operation: ICBufferFull done
Event: 7.454 loading class java/io/FileWriter
Event: 7.455 loading class java/io/FileWriter done
Event: 7.455 Executing VM operation: HandshakeAllThreads
Event: 7.455 Executing VM operation: HandshakeAllThreads done
Event: 7.500 loading class sun/reflect/generics/tree/BooleanSignature
Event: 7.500 loading class sun/reflect/generics/tree/BooleanSignature done
Event: 7.505 loading class org/xml/sax/Locator
Event: 7.505 loading class org/xml/sax/Locator done
Event: 7.505 loading class org/xml/sax/SAXParseException
Event: 7.505 loading class org/xml/sax/SAXException
Event: 7.505 loading class org/xml/sax/SAXException done
Event: 7.505 loading class org/xml/sax/SAXParseException done
Event: 7.506 loading class org/xml/sax/Attributes
Event: 7.506 loading class org/xml/sax/Attributes done


Dynamic libraries:
0x00007ff6bee40000 - 0x00007ff6bee4f000 	C:\Program Files\Java\jdk-15.0.2\bin\java.exe
0x00007ffb875d0000 - 0x00007ffb877c5000 	C:\Windows\SYSTEM32\ntdll.dll
0x00007ffb868e0000 - 0x00007ffb8699d000 	C:\Windows\System32\KERNEL32.DLL
0x00007ffb85250000 - 0x00007ffb85519000 	C:\Windows\System32\KERNELBASE.dll
0x00007ffb850b0000 - 0x00007ffb851b0000 	C:\Windows\System32\ucrtbase.dll
0x00007ffb62330000 - 0x00007ffb62348000 	C:\Program Files\Java\jdk-15.0.2\bin\jli.dll
0x00007ffb635f0000 - 0x00007ffb63609000 	C:\Program Files\Java\jdk-15.0.2\bin\VCRUNTIME140.dll
0x00007ffb87340000 - 0x00007ffb873ec000 	C:\Windows\System32\ADVAPI32.dll
0x00007ffb85700000 - 0x00007ffb8579e000 	C:\Windows\System32\msvcrt.dll
0x00007ffb85c90000 - 0x00007ffb85d2c000 	C:\Windows\System32\sechost.dll
0x00007ffb869a0000 - 0x00007ffb86acb000 	C:\Windows\System32\RPCRT4.dll
0x00007ffb873f0000 - 0x00007ffb87590000 	C:\Windows\System32\USER32.dll
0x00007ffb84fa0000 - 0x00007ffb84fc2000 	C:\Windows\System32\win32u.dll
0x00007ffb78730000 - 0x00007ffb789ca000 	C:\Windows\WinSxS\amd64_microsoft.windows.common-controls_6595b64144ccf1df_6.0.19041.844_none_ca00b6081b84eb1d\COMCTL32.dll
0x00007ffb86010000 - 0x00007ffb8603a000 	C:\Windows\System32\GDI32.dll
0x00007ffb85520000 - 0x00007ffb8562b000 	C:\Windows\System32\gdi32full.dll
0x00007ffb851b0000 - 0x00007ffb8524d000 	C:\Windows\System32\msvcp_win.dll
0x00007ffb7daa0000 - 0x00007ffb7daaa000 	C:\Windows\SYSTEM32\VERSION.dll
0x00007ffb86120000 - 0x00007ffb86150000 	C:\Windows\System32\IMM32.DLL
0x00007ffb76ba0000 - 0x00007ffb76bac000 	C:\Program Files\Java\jdk-15.0.2\bin\vcruntime140_1.dll
0x00007ffb62290000 - 0x00007ffb62321000 	C:\Program Files\Java\jdk-15.0.2\bin\msvcp140.dll
0x00007ffb0c4e0000 - 0x00007ffb0d03e000 	C:\Program Files\Java\jdk-15.0.2\bin\server\jvm.dll
0x00007ffb86ad0000 - 0x00007ffb86ad8000 	C:\Windows\System32\PSAPI.DLL
0x00007ffb7db60000 - 0x00007ffb7db87000 	C:\Windows\SYSTEM32\WINMM.dll
0x00007ffb74480000 - 0x00007ffb74489000 	C:\Windows\SYSTEM32\WSOCK32.dll
0x00007ffb860a0000 - 0x00007ffb8610b000 	C:\Windows\System32\WS2_32.dll
0x00007ffb82c50000 - 0x00007ffb82c62000 	C:\Windows\SYSTEM32\kernel.appcore.dll
0x00007ffb76a80000 - 0x00007ffb76a8a000 	C:\Program Files\Java\jdk-15.0.2\bin\jimage.dll
0x00007ffb7f0f0000 - 0x00007ffb7f2d4000 	C:\Windows\SYSTEM32\DBGHELP.DLL
0x00007ffb7cfc0000 - 0x00007ffb7cfec000 	C:\Windows\SYSTEM32\dbgcore.DLL
0x00007ffb84d10000 - 0x00007ffb84d90000 	C:\Windows\System32\bcryptPrimitives.dll
0x00007ffb62260000 - 0x00007ffb62285000 	C:\Program Files\Java\jdk-15.0.2\bin\java.dll
0x00007ffb86b90000 - 0x00007ffb872d2000 	C:\Windows\System32\SHELL32.dll
0x00007ffb82e50000 - 0x00007ffb835e0000 	C:\Windows\SYSTEM32\windows.storage.dll
0x00007ffb86320000 - 0x00007ffb86675000 	C:\Windows\System32\combase.dll
0x00007ffb846b0000 - 0x00007ffb846dc000 	C:\Windows\SYSTEM32\Wldp.dll
0x00007ffb86830000 - 0x00007ffb868de000 	C:\Windows\System32\SHCORE.dll
0x00007ffb857c0000 - 0x00007ffb85815000 	C:\Windows\System32\shlwapi.dll
0x00007ffb84c50000 - 0x00007ffb84c6f000 	C:\Windows\SYSTEM32\profapi.dll
0x00007ffb60fc0000 - 0x00007ffb60fd9000 	C:\Program Files\Java\jdk-15.0.2\bin\net.dll
0x00007ffb792b0000 - 0x00007ffb793bc000 	C:\Windows\SYSTEM32\WINHTTP.dll
0x00007ffb843d0000 - 0x00007ffb8443a000 	C:\Windows\system32\mswsock.dll
0x00007ffb60fa0000 - 0x00007ffb60fb2000 	C:\Program Files\Java\jdk-15.0.2\bin\nio.dll
0x00007ffb60f80000 - 0x00007ffb60f98000 	C:\Program Files\Java\jdk-15.0.2\bin\zip.dll
0x00007ffb673c0000 - 0x00007ffb673d0000 	C:\Program Files\Java\jdk-15.0.2\bin\verify.dll
0x00007ffb76940000 - 0x00007ffb76966000 	C:\Users\Pichau\.gradle\native\fdc75f09e3144964f2cf3f50f0aa648679c211496f362492102eb8c894070792\windows-amd64\native-platform.dll
0x00007ffb5c510000 - 0x00007ffb5c6a1000 	C:\Users\Pichau\.gradle\native\12488b8bf47d2d4c9fbf2f6322a914ad602e24e48041cd04a747c6da556b65c4\windows-amd64\native-platform-file-events.dll
0x00007ffb66fa0000 - 0x00007ffb66fa9000 	C:\Program Files\Java\jdk-15.0.2\bin\management.dll
0x00007ffb66df0000 - 0x00007ffb66dfb000 	C:\Program Files\Java\jdk-15.0.2\bin\management_ext.dll
0x00007ffb846f0000 - 0x00007ffb84708000 	C:\Windows\SYSTEM32\CRYPTSP.dll
0x00007ffb83d90000 - 0x00007ffb83dc4000 	C:\Windows\system32\rsaenh.dll
0x00007ffb84fd0000 - 0x00007ffb84ff7000 	C:\Windows\System32\bcrypt.dll
0x00007ffb84bd0000 - 0x00007ffb84bfe000 	C:\Windows\SYSTEM32\USERENV.dll
0x00007ffb84550000 - 0x00007ffb8455c000 	C:\Windows\SYSTEM32\CRYPTBASE.dll
0x00007ffb840e0000 - 0x00007ffb8411b000 	C:\Windows\SYSTEM32\IPHLPAPI.DLL
0x00007ffb861e0000 - 0x00007ffb861e8000 	C:\Windows\System32\NSI.dll
0x00007ffb7f070000 - 0x00007ffb7f087000 	C:\Windows\SYSTEM32\dhcpcsvc6.DLL
0x00007ffb7f050000 - 0x00007ffb7f06d000 	C:\Windows\SYSTEM32\dhcpcsvc.DLL
0x00007ffb84120000 - 0x00007ffb841eb000 	C:\Windows\SYSTEM32\DNSAPI.dll
0x00007ffb7fd20000 - 0x00007ffb7fd2b000 	C:\Windows\SYSTEM32\WINNSI.DLL

dbghelp: loaded successfully - version: 4.0.5 - missing functions: none
symbol engine: initialized successfully - sym options: 0x614 - pdb path: .;C:\Program Files\Java\jdk-15.0.2\bin;C:\Windows\SYSTEM32;C:\Windows\WinSxS\amd64_microsoft.windows.common-controls_6595b64144ccf1df_6.0.19041.844_none_ca00b6081b84eb1d;C:\Program Files\Java\jdk-15.0.2\bin\server;C:\Users\Pichau\.gradle\native\fdc75f09e3144964f2cf3f50f0aa648679c211496f362492102eb8c894070792\windows-amd64;C:\Users\Pichau\.gradle\native\12488b8bf47d2d4c9fbf2f6322a914ad602e24e48041cd04a747c6da556b65c4\windows-amd64

VM Arguments:
jvm_args: --add-opens=java.base/java.util=ALL-UNNAMED --add-opens=java.base/java.lang=ALL-UNNAMED --add-opens=java.base/java.lang.invoke=ALL-UNNAMED --add-opens=java.prefs/java.util.prefs=ALL-UNNAMED -XX:MaxMetaspaceSize=256m -XX:+HeapDumpOnOutOfMemoryError -Xms256m -Xmx512m -Dfile.encoding=windows-1252 -Duser.country=BR -Duser.language=pt -Duser.variant 
java_command: org.gradle.launcher.daemon.bootstrap.GradleDaemon 6.7
java_class_path (initial): C:\Users\Pichau\.gradle\wrapper\dists\gradle-6.7-bin\efvqh8uyq79v2n7rcncuhu9sv\gradle-6.7\lib\gradle-launcher-6.7.jar
Launcher Type: SUN_STANDARD

[Global flags]
     intx CICompilerCount                          = 4                                         {product} {ergonomic}
   size_t CompressedClassSpaceSize                 = 260046848                                 {product} {ergonomic}
     uint ConcGCThreads                            = 2                                         {product} {ergonomic}
     uint G1ConcRefinementThreads                  = 8                                         {product} {ergonomic}
   size_t G1HeapRegionSize                         = 1048576                                   {product} {ergonomic}
    uintx GCDrainStackTargetSize                   = 64                                        {product} {ergonomic}
     bool HeapDumpOnOutOfMemoryError               = true                                   {manageable} {command line}
   size_t InitialHeapSize                          = 268435456                                 {product} {command line}
   size_t MarkStackSize                            = 4194304                                   {product} {ergonomic}
   size_t MaxHeapSize                              = 536870912                                 {product} {command line}
   size_t MaxMetaspaceSize                         = 268435456                                 {product} {command line}
   size_t MaxNewSize                               = 321912832                                 {product} {ergonomic}
   size_t MinHeapDeltaBytes                        = 1048576                                   {product} {ergonomic}
   size_t MinHeapSize                              = 268435456                                 {product} {command line}
    uintx NonNMethodCodeHeapSize                   = 5839372                                {pd product} {ergonomic}
    uintx NonProfiledCodeHeapSize                  = 122909434                              {pd product} {ergonomic}
    uintx ProfiledCodeHeapSize                     = 122909434                              {pd product} {ergonomic}
    uintx ReservedCodeCacheSize                    = 251658240                              {pd product} {ergonomic}
     bool SegmentedCodeCache                       = true                                      {product} {ergonomic}
   size_t SoftMaxHeapSize                          = 536870912                              {manageable} {ergonomic}
     bool UseCompressedClassPointers               = true                                 {lp64_product} {ergonomic}
     bool UseCompressedOops                        = true                                 {lp64_product} {ergonomic}
     bool UseG1GC                                  = true                                      {product} {ergonomic}
     bool UseLargePagesIndividualAllocation        = false                                  {pd product} {ergonomic}

Logging:
Log output configuration:
 #0: stdout all=warning uptime,level,tags
 #1: stderr all=off uptime,level,tags

Environment Variables:
JAVA_HOME=C:\Program Files\Java\jdk-15.0.2\
PATH=C:\Program Files\Common Files\Oracle\Java\javapath;C:\Program Files (x86)\Common Files\Oracle\Java\javapath;C:\Program Files (x86)\VMware\VMware Player\bin\;C:\Windows\system32;C:\Windows;C:\Windows\System32\Wbem;C:\Windows\System32\WindowsPowerShell\v1.0\;C:\Windows\System32\OpenSSH\;C:\Users\Pichau\Desktop\Matlab\runtime\win64;C:\Users\Pichau\Desktop\Matlab\bin;C:\Users\Pichau\Desktop\Matlab\polyspace\bin;C:\Program Files\dotnet\;C:\Program Files\Microsoft SQL Server\130\Tools\Binn\;C:\Program Files\Microsoft SQL Server\Client SDK\ODBC\170\Tools\Binn\;C:\Program Files\Git\cmd;JAVA_HOME;C:\gradle-4.7\bin;C:\apache-maven-3.6.3\bin;;C:\Program Files\Docker\Docker\resources\bin;C:\ProgramData\DockerDesktop\version-bin;C:\Users\Pichau\AppData\Local\Microsoft\WindowsApps;;C:\Users\Pichau\AppData\Local\Programs\Microsoft VS Code\bin;C:\Users\Pichau\.dotnet\tools
USERNAME=Pichau
OS=Windows_NT
PROCESSOR_IDENTIFIER=AMD64 Family 23 Model 24 Stepping 1, AuthenticAMD



---------------  S Y S T E M  ---------------

OS:
 Windows 10 , 64 bit Build 19041 (10.0.19041.804)
OS uptime: 1 days 14:09 hours
HyperV virtualization detected

CPU: total 8 (initial active 8) (8 cores per cpu, 2 threads per core) family 23 model 24 stepping 1 microcode 0x0, cmov, cx8, fxsr, mmx, sse, sse2, sse3, ssse3, sse4.1, sse4.2, popcnt, vzeroupper, avx, avx2, aes, clmul, 3dnowpref, lzcnt, sse4a, ht, tsc, tscinvbit, tscinv, bmi1, bmi2, adx, sha, fma, clflush, clflushopt

Memory: 4k page, system-wide physical 8123M (301M free)
TotalPageFile size 32699M (AvailPageFile size 1M)
current process WorkingSet (physical memory assigned to process): 243M, peak: 243M
current process commit charge ("private bytes"): 434M, peak: 434M

vm_info: Java HotSpot(TM) 64-Bit Server VM (15.0.2+7-27) for windows-amd64 JRE (15.0.2+7-27), built on Dec  7 2020 20:07:01 by "mach5one" with unknown MS VC++:1925

END.
