#
# There is insufficient memory for the Java Runtime Environment to continue.
# Native memory allocation (malloc) failed to allocate 32744 bytes for ChunkPool::allocate
# Possible reasons:
#   The system is out of physical RAM or swap space
#   The process is running with CompressedOops enabled, and the Java Heap may be blocking the growth of the native heap
# Possible solutions:
#   Reduce memory load on the system
#   Increase physical memory or swap space
#   Check if swap backing store is full
#   Decrease Java heap size (-Xmx/-Xms)
#   Decrease number of Java threads
#   Decrease Java thread stack sizes (-Xss)
#   Set larger code cache with -XX:ReservedCodeCacheSize=
#   JVM is running with Unscaled Compressed Oops mode in which the Java heap is
#     placed in the first 4GB address space. The Java Heap base address is the
#     maximum limit for the native heap growth. Please use -XX:HeapBaseMinAddress
#     to set the Java Heap base and to place the Java Heap above 4GB virtual address.
# This output file may be truncated or incomplete.
#
#  Out of Memory Error (./open/src/hotspot/share/memory/arena.cpp:79), pid=4852, tid=10404
#
# JRE version: Java(TM) SE Runtime Environment (15.0.2+7) (build 15.0.2+7-27)
# Java VM: Java HotSpot(TM) 64-Bit Server VM (15.0.2+7-27, mixed mode, sharing, tiered, compressed oops, g1 gc, windows-amd64)
# No core dump will be written. Minidumps are not enabled by default on client versions of Windows
#

---------------  S U M M A R Y ------------

Command Line: --add-opens=java.base/java.util=ALL-UNNAMED --add-opens=java.base/java.lang=ALL-UNNAMED --add-opens=java.base/java.lang.invoke=ALL-UNNAMED --add-opens=java.prefs/java.util.prefs=ALL-UNNAMED -XX:MaxMetaspaceSize=256m -XX:+HeapDumpOnOutOfMemoryError -Xms256m -Xmx512m -Dfile.encoding=windows-1252 -Duser.country=BR -Duser.language=pt -Duser.variant org.gradle.launcher.daemon.bootstrap.GradleDaemon 6.7

Host: AMD Ryzen 5 3350G with Radeon Vega Graphics    , 8 cores, 7G,  Windows 10 , 64 bit Build 19041 (10.0.19041.804)
Time: Mon Mar 15 12:56:09 2021 Hora oficial do Brasil elapsed time: 10146.852951 seconds (0d 2h 49m 6s)

---------------  T H R E A D  ---------------

Current thread (0x000002911986d690):  JavaThread "C2 CompilerThread0" daemon [_thread_in_native, id=10404, stack(0x000000fb43100000,0x000000fb43200000)]


Current CompileTask:
C2:10146853 5922   !   4       org.gradle.launcher.daemon.registry.PersistentDaemonRegistry::getDaemonsMatching (104 bytes)

Stack: [0x000000fb43100000,0x000000fb43200000]
Native frames: (J=compiled Java code, j=interpreted, Vv=VM code, C=native code)
V  [jvm.dll+0x62ae9a]
V  [jvm.dll+0x7817a9]
V  [jvm.dll+0x782f03]
V  [jvm.dll+0x783563]
V  [jvm.dll+0x216325]
V  [jvm.dll+0x982cf]
V  [jvm.dll+0x980ad]
V  [jvm.dll+0x609d14]
V  [jvm.dll+0x6552ea]
V  [jvm.dll+0x18e47d]
V  [jvm.dll+0x1ea822]
V  [jvm.dll+0x1e996e]
V  [jvm.dll+0x178567]
V  [jvm.dll+0x1f9225]
V  [jvm.dll+0x1f72cc]
V  [jvm.dll+0x74495d]
V  [jvm.dll+0x73d75a]
V  [jvm.dll+0x629c56]
C  [ucrtbase.dll+0x21bb2]
C  [KERNEL32.DLL+0x17034]
C  [ntdll.dll+0x52651]


---------------  P R O C E S S  ---------------

Threads class SMR info:
_java_thread_list=0x000002911c683800, length=47, elements={
0x000002917e5c0970, 0x0000029119849cb0, 0x000002911984a790, 0x0000029119865d00,
0x00000291198676d0, 0x000002911986a0a0, 0x000002911986d690, 0x000002911986af10,
0x000002911986bff0, 0x000002911a2c87e0, 0x000002911a2cb330, 0x000002911a2c8310,
0x000002911a2c8cb0, 0x000002911a2c9180, 0x000002911a2ca4c0, 0x000002911a2c9ff0,
0x000002911a2ca990, 0x000002911a2c9650, 0x000002911a2c9b20, 0x000002911a2cae60,
0x000002911a2cb800, 0x000002911bbbd670, 0x000002911bbb9cb0, 0x000002911bbba650,
0x000002911bbbb990, 0x000002911bbbfcf0, 0x000002911bbbd1a0, 0x000002911bbbe010,
0x000002911bbbb4c0, 0x000002911bbb84a0, 0x000002911bbbc800, 0x000002911bbb8970,
0x000002911bbba180, 0x000002911bbbee80, 0x000002911bbbccd0, 0x000002911bbbf350,
0x000002911bbbf820, 0x000002911c9ae940, 0x000002911c9b5320, 0x000002911c9b44b0,
0x000002911c9b0150, 0x000002911c9aee10, 0x000002911c9b3b10, 0x000002911c9b4980,
0x000002911c9b3fe0, 0x000002911c9b4e50, 0x000002911c9b0af0
}

Java Threads: ( => current thread )
  0x000002917e5c0970 JavaThread "main" [_thread_blocked, id=1032, stack(0x000000fb42500000,0x000000fb42600000)]
  0x0000029119849cb0 JavaThread "Reference Handler" daemon [_thread_blocked, id=212, stack(0x000000fb42c00000,0x000000fb42d00000)]
  0x000002911984a790 JavaThread "Finalizer" daemon [_thread_blocked, id=11936, stack(0x000000fb42d00000,0x000000fb42e00000)]
  0x0000029119865d00 JavaThread "Signal Dispatcher" daemon [_thread_blocked, id=12564, stack(0x000000fb42e00000,0x000000fb42f00000)]
  0x00000291198676d0 JavaThread "Attach Listener" daemon [_thread_blocked, id=6240, stack(0x000000fb42f00000,0x000000fb43000000)]
  0x000002911986a0a0 JavaThread "Service Thread" daemon [_thread_blocked, id=8056, stack(0x000000fb43000000,0x000000fb43100000)]
=>0x000002911986d690 JavaThread "C2 CompilerThread0" daemon [_thread_in_native, id=10404, stack(0x000000fb43100000,0x000000fb43200000)]
  0x000002911986af10 JavaThread "C1 CompilerThread0" daemon [_thread_blocked, id=3812, stack(0x000000fb43200000,0x000000fb43300000)]
  0x000002911986bff0 JavaThread "Sweeper thread" daemon [_thread_blocked, id=1512, stack(0x000000fb43300000,0x000000fb43400000)]
  0x000002911a2c87e0 JavaThread "Common-Cleaner" daemon [_thread_blocked, id=8592, stack(0x000000fb43400000,0x000000fb43500000)]
  0x000002911a2cb330 JavaThread "Notification Thread" daemon [_thread_blocked, id=7432, stack(0x000000fb43500000,0x000000fb43600000)]
  0x000002911a2c8310 JavaThread "Daemon health stats" [_thread_blocked, id=12560, stack(0x000000fb43f00000,0x000000fb44000000)]
  0x000002911a2c8cb0 JavaThread "Incoming local TCP Connector on port 31290" [_thread_in_native, id=9480, stack(0x000000fb44200000,0x000000fb44300000)]
  0x000002911a2c9180 JavaThread "Daemon periodic checks" [_thread_blocked, id=3296, stack(0x000000fb44300000,0x000000fb44400000)]
  0x000002911a2ca4c0 JavaThread "Daemon" [_thread_blocked, id=10888, stack(0x000000fb44400000,0x000000fb44500000)]
  0x000002911a2c9ff0 JavaThread "Handler for socket connection from /127.0.0.1:31290 to /127.0.0.1:31291" [_thread_in_native, id=5344, stack(0x000000fb44500000,0x000000fb44600000)]
  0x000002911a2ca990 JavaThread "Cancel handler" [_thread_blocked, id=3440, stack(0x000000fb44600000,0x000000fb44700000)]
  0x000002911a2c9650 JavaThread "Daemon worker" [_thread_blocked, id=8968, stack(0x000000fb44700000,0x000000fb44800000)]
  0x000002911a2c9b20 JavaThread "Asynchronous log dispatcher for DefaultDaemonConnection: socket connection from /127.0.0.1:31290 to /127.0.0.1:31291" [_thread_blocked, id=4824, stack(0x000000fb44800000,0x000000fb44900000)]
  0x000002911a2cae60 JavaThread "Stdin handler" [_thread_blocked, id=9632, stack(0x000000fb44900000,0x000000fb44a00000)]
  0x000002911a2cb800 JavaThread "Thread-8" [_thread_blocked, id=8632, stack(0x000000fb44a00000,0x000000fb44b00000)]
  0x000002911bbbd670 JavaThread "Cache worker for file hash cache (C:\Users\Pichau\.gradle\caches\6.7\fileHashes)" [_thread_blocked, id=8752, stack(0x000000fb44b00000,0x000000fb44c00000)]
  0x000002911bbb9cb0 JavaThread "File lock request listener" [_thread_in_native, id=1456, stack(0x000000fb44c00000,0x000000fb44d00000)]
  0x000002911bbba650 JavaThread "Cache worker for journal cache (C:\Users\Pichau\.gradle\caches\journal-1)" [_thread_blocked, id=13100, stack(0x000000fb43800000,0x000000fb43900000)]
  0x000002911bbbb990 JavaThread "Cache worker for file hash cache (C:\Users\Pichau\IdeaProjects\Blog_Abreviacao\.gradle\6.7\fileHashes)" [_thread_blocked, id=3356, stack(0x000000fb44e00000,0x000000fb44f00000)]
  0x000002911bbbfcf0 JavaThread "Cache worker for checksums cache (C:\Users\Pichau\IdeaProjects\Blog_Abreviacao\.gradle\checksums)" [_thread_blocked, id=6264, stack(0x000000fb44f00000,0x000000fb45000000)]
  0x000002911bbbd1a0 JavaThread "Cache worker for cache directory md-supplier (C:\Users\Pichau\.gradle\caches\6.7\md-supplier)" [_thread_blocked, id=12184, stack(0x000000fb45000000,0x000000fb45100000)]
  0x000002911bbbe010 JavaThread "Cache worker for cache directory md-rule (C:\Users\Pichau\.gradle\caches\6.7\md-rule)" [_thread_blocked, id=11596, stack(0x000000fb45100000,0x000000fb45200000)]
  0x000002911bbbb4c0 JavaThread "Cache worker for execution history cache (C:\Users\Pichau\.gradle\caches\6.7\executionHistory)" [_thread_blocked, id=3272, stack(0x000000fb45200000,0x000000fb45300000)]
  0x000002911bbb84a0 JavaThread "Cache worker for file content cache (C:\Users\Pichau\.gradle\caches\6.7\fileContent)" [_thread_blocked, id=10088, stack(0x000000fb45700000,0x000000fb45800000)]
  0x000002911bbbc800 JavaThread "Cache worker for Build Output Cleanup Cache (C:\Users\Pichau\IdeaProjects\Blog_Abreviacao\.gradle\buildOutputCleanup)" [_thread_blocked, id=10720, stack(0x000000fb45800000,0x000000fb45900000)]
  0x000002911bbb8970 JavaThread "Memory manager" [_thread_blocked, id=11408, stack(0x000000fb45900000,0x000000fb45a00000)]
  0x000002911bbba180 JavaThread "Execution worker for ':'" [_thread_blocked, id=8564, stack(0x000000fb45a00000,0x000000fb45b00000)]
  0x000002911bbbee80 JavaThread "Execution worker for ':' Thread 2" [_thread_blocked, id=10612, stack(0x000000fb45b00000,0x000000fb45c00000)]
  0x000002911bbbccd0 JavaThread "Execution worker for ':' Thread 3" [_thread_blocked, id=12960, stack(0x000000fb45c00000,0x000000fb45d00000)]
  0x000002911bbbf350 JavaThread "Execution worker for ':' Thread 4" [_thread_blocked, id=4708, stack(0x000000fb45d00000,0x000000fb45e00000)]
  0x000002911bbbf820 JavaThread "Execution worker for ':' Thread 5" [_thread_blocked, id=10908, stack(0x000000fb45e00000,0x000000fb45f00000)]
  0x000002911c9ae940 JavaThread "Execution worker for ':' Thread 6" [_thread_blocked, id=11760, stack(0x000000fb45f00000,0x000000fb46000000)]
  0x000002911c9b5320 JavaThread "Execution worker for ':' Thread 7" [_thread_blocked, id=5232, stack(0x000000fb46000000,0x000000fb46100000)]
  0x000002911c9b44b0 JavaThread "Cache worker for execution history cache (C:\Users\Pichau\IdeaProjects\Blog_Abreviacao\.gradle\6.7\executionHistory)" [_thread_blocked, id=5644, stack(0x000000fb46100000,0x000000fb46200000)]
  0x000002911c9b0150 JavaThread "Cache worker for Java compile cache (C:\Users\Pichau\.gradle\caches\6.7\javaCompile)" [_thread_blocked, id=2780, stack(0x000000fb46200000,0x000000fb46300000)]
  0x000002911c9aee10 JavaThread "Cache worker for Java compile cache (C:\Users\Pichau\IdeaProjects\Blog_Abreviacao\.gradle\6.7\javaCompile)" [_thread_blocked, id=8448, stack(0x000000fb46300000,0x000000fb46400000)]
  0x000002911c9b3b10 JavaThread "Exec process" [_thread_in_native, id=12472, stack(0x000000fb46400000,0x000000fb46500000)]
  0x000002911c9b4980 JavaThread "Exec process Thread 2" [_thread_in_native, id=10804, stack(0x000000fb46500000,0x000000fb46600000)]
  0x000002911c9b3fe0 JavaThread "Exec process Thread 3" [_thread_blocked, id=13020, stack(0x000000fb46600000,0x000000fb46700000)]
  0x000002911c9b4e50 JavaThread "DisconnectableInputStream source reader" daemon [_thread_blocked, id=7256, stack(0x000000fb43700000,0x000000fb43800000)]
  0x000002911c9b0af0 JavaThread "Exec process Thread 4" [_thread_in_native, id=2820, stack(0x000000fb44d00000,0x000000fb44e00000)]

Other Threads:
  0x00000291198433a0 VMThread "VM Thread" [stack: 0x000000fb42b00000,0x000000fb42c00000] [id=10624]
  0x000002911a2eee50 WatcherThread [stack: 0x000000fb43600000,0x000000fb43700000] [id=12228]
  0x000002917e5e9fb0 GCTaskThread "GC Thread#0" [stack: 0x000000fb42600000,0x000000fb42700000] [id=9312]
  0x000002911aee7330 GCTaskThread "GC Thread#1" [stack: 0x000000fb43900000,0x000000fb43a00000] [id=8156]
  0x000002911aee6670 GCTaskThread "GC Thread#2" [stack: 0x000000fb43a00000,0x000000fb43b00000] [id=8496]
  0x000002911aee6340 GCTaskThread "GC Thread#3" [stack: 0x000000fb43b00000,0x000000fb43c00000] [id=7384]
  0x000002911aee69a0 GCTaskThread "GC Thread#4" [stack: 0x000000fb43c00000,0x000000fb43d00000] [id=11788]
  0x000002911aee5350 GCTaskThread "GC Thread#5" [stack: 0x000000fb43d00000,0x000000fb43e00000] [id=12864]
  0x000002911aee8650 GCTaskThread "GC Thread#6" [stack: 0x000000fb45300000,0x000000fb45400000] [id=6028]
  0x000002911aee8980 GCTaskThread "GC Thread#7" [stack: 0x000000fb45400000,0x000000fb45500000] [id=3120]
  0x000002917e5f0020 ConcurrentGCThread "G1 Main Marker" [stack: 0x000000fb42700000,0x000000fb42800000] [id=1316]
  0x000002917e5f0b20 ConcurrentGCThread "G1 Conc#0" [stack: 0x000000fb42800000,0x000000fb42900000] [id=9328]
  0x000002911aee7ff0 ConcurrentGCThread "G1 Conc#1" [stack: 0x000000fb45500000,0x000000fb45600000] [id=12696]
  0x000002917e69d460 ConcurrentGCThread "G1 Refine#0" [stack: 0x000000fb42900000,0x000000fb42a00000] [id=2932]
  0x000002911b1503a0 ConcurrentGCThread "G1 Refine#1" [stack: 0x000000fb43e00000,0x000000fb43f00000] [id=2192]
  0x000002917e69df70 ConcurrentGCThread "G1 Young RemSet Sampling" [stack: 0x000000fb42a00000,0x000000fb42b00000] [id=8888]

Threads with active compile tasks:
C2 CompilerThread0  10147449 5922   !   4       org.gradle.launcher.daemon.registry.PersistentDaemonRegistry::getDaemonsMatching (104 bytes)

VM state: not at safepoint (normal execution)

VM Mutex/Monitor currently owned by a thread: None

Heap address: 0x00000000e0000000, size: 512 MB, Compressed Oops mode: 32-bit
CDS archive(s) mapped at: [0x0000000800000000-0x0000000800b50000-0x0000000800b50000), size 11862016, SharedBaseAddress: 0x0000000800000000, ArchiveRelocationMode: 0.
Compressed class space mapped at: 0x0000000800b50000-0x0000000810350000, size: 260046848
Narrow klass base: 0x0000000800000000, Narrow klass shift: 3, Narrow klass range: 0x100000000

GC Precious Log:
 CPUs: 8 total, 8 available
 Memory: 8123M
 Large Page Support: Disabled
 NUMA Support: Disabled
 Compressed Oops: Enabled (32-bit)
 Heap Region Size: 1M
 Heap Min Capacity: 256M
 Heap Initial Capacity: 256M
 Heap Max Capacity: 512M
 Pre-touch: Disabled
 Parallel Workers: 8
 Concurrent Workers: 2
 Concurrent Refinement Workers: 8
 Periodic GC: Disabled

Heap:
 garbage-first heap   total 262144K, used 63116K [0x00000000e0000000, 0x0000000100000000)
  region size 1024K, 31 young (31744K), 1 survivors (1024K)
 Metaspace       used 50113K, capacity 51019K, committed 51248K, reserved 299008K
  class space    used 6725K, capacity 6993K, committed 7040K, reserved 253952K

Heap Regions: E=young(eden), S=young(survivor), O=old, HS=humongous(starts), HC=humongous(continues), CS=collection set, F=free, OA=open archive, CA=closed archive, TAMS=top-at-mark-start (previous, next)
|   0|0x00000000e0000000, 0x00000000e0100000, 0x00000000e0100000|100%| O|  |TAMS 0x00000000e0100000, 0x00000000e0000000| Untracked 
|   1|0x00000000e0100000, 0x00000000e0200000, 0x00000000e0200000|100%| O|  |TAMS 0x00000000e0200000, 0x00000000e0100000| Untracked 
|   2|0x00000000e0200000, 0x00000000e0300000, 0x00000000e0300000|100%| O|  |TAMS 0x00000000e0300000, 0x00000000e0200000| Untracked 
|   3|0x00000000e0300000, 0x00000000e0400000, 0x00000000e0400000|100%|HS|  |TAMS 0x00000000e0400000, 0x00000000e0300000| Complete 
|   4|0x00000000e0400000, 0x00000000e0500000, 0x00000000e0500000|100%|HC|  |TAMS 0x00000000e0500000, 0x00000000e0400000| Complete 
|   5|0x00000000e0500000, 0x00000000e0600000, 0x00000000e0600000|100%|HC|  |TAMS 0x00000000e0600000, 0x00000000e0500000| Complete 
|   6|0x00000000e0600000, 0x00000000e0700000, 0x00000000e0700000|100%| O|  |TAMS 0x00000000e0700000, 0x00000000e0600000| Untracked 
|   7|0x00000000e0700000, 0x00000000e0800000, 0x00000000e0800000|100%| O|  |TAMS 0x00000000e0800000, 0x00000000e0700000| Untracked 
|   8|0x00000000e0800000, 0x00000000e0900000, 0x00000000e0900000|100%| O|  |TAMS 0x00000000e0900000, 0x00000000e0800000| Untracked 
|   9|0x00000000e0900000, 0x00000000e0a00000, 0x00000000e0a00000|100%| O|  |TAMS 0x00000000e0922c00, 0x00000000e0900000| Untracked 
|  10|0x00000000e0a00000, 0x00000000e0b00000, 0x00000000e0b00000|100%| O|  |TAMS 0x00000000e0a00000, 0x00000000e0a00000| Untracked 
|  11|0x00000000e0b00000, 0x00000000e0c00000, 0x00000000e0c00000|100%| O|  |TAMS 0x00000000e0b00000, 0x00000000e0b00000| Untracked 
|  12|0x00000000e0c00000, 0x00000000e0d00000, 0x00000000e0d00000|100%| O|  |TAMS 0x00000000e0c00000, 0x00000000e0c00000| Untracked 
|  13|0x00000000e0d00000, 0x00000000e0e00000, 0x00000000e0e00000|100%| O|  |TAMS 0x00000000e0d00000, 0x00000000e0d00000| Untracked 
|  14|0x00000000e0e00000, 0x00000000e0f00000, 0x00000000e0f00000|100%| O|  |TAMS 0x00000000e0e00000, 0x00000000e0e00000| Untracked 
|  15|0x00000000e0f00000, 0x00000000e1000000, 0x00000000e1000000|100%| O|  |TAMS 0x00000000e0f00000, 0x00000000e0f00000| Untracked 
|  16|0x00000000e1000000, 0x00000000e1100000, 0x00000000e1100000|100%| O|  |TAMS 0x00000000e1000000, 0x00000000e1000000| Untracked 
|  17|0x00000000e1100000, 0x00000000e1200000, 0x00000000e1200000|100%| O|  |TAMS 0x00000000e1100000, 0x00000000e1100000| Untracked 
|  18|0x00000000e1200000, 0x00000000e1300000, 0x00000000e1300000|100%| O|  |TAMS 0x00000000e1200000, 0x00000000e1200000| Untracked 
|  19|0x00000000e1300000, 0x00000000e1400000, 0x00000000e1400000|100%| O|  |TAMS 0x00000000e1300000, 0x00000000e1300000| Untracked 
|  20|0x00000000e1400000, 0x00000000e1500000, 0x00000000e1500000|100%| O|  |TAMS 0x00000000e1400000, 0x00000000e1400000| Untracked 
|  21|0x00000000e1500000, 0x00000000e1600000, 0x00000000e1600000|100%| O|  |TAMS 0x00000000e1500000, 0x00000000e1500000| Untracked 
|  22|0x00000000e1600000, 0x00000000e1700000, 0x00000000e1700000|100%| O|  |TAMS 0x00000000e1600000, 0x00000000e1600000| Untracked 
|  23|0x00000000e1700000, 0x00000000e1800000, 0x00000000e1800000|100%| O|  |TAMS 0x00000000e1700000, 0x00000000e1700000| Untracked 
|  24|0x00000000e1800000, 0x00000000e1900000, 0x00000000e1900000|100%| O|  |TAMS 0x00000000e1800000, 0x00000000e1800000| Untracked 
|  25|0x00000000e1900000, 0x00000000e1a00000, 0x00000000e1a00000|100%| O|  |TAMS 0x00000000e1900000, 0x00000000e1900000| Untracked 
|  26|0x00000000e1a00000, 0x00000000e1b00000, 0x00000000e1b00000|100%| O|  |TAMS 0x00000000e1a00000, 0x00000000e1a00000| Untracked 
|  27|0x00000000e1b00000, 0x00000000e1c00000, 0x00000000e1c00000|100%| O|  |TAMS 0x00000000e1b00000, 0x00000000e1b00000| Untracked 
|  28|0x00000000e1c00000, 0x00000000e1d00000, 0x00000000e1d00000|100%| O|  |TAMS 0x00000000e1c00000, 0x00000000e1c00000| Untracked 
|  29|0x00000000e1d00000, 0x00000000e1e00000, 0x00000000e1e00000|100%| O|  |TAMS 0x00000000e1d00000, 0x00000000e1d00000| Untracked 
|  30|0x00000000e1e00000, 0x00000000e1f00000, 0x00000000e1f00000|100%| O|  |TAMS 0x00000000e1e00000, 0x00000000e1e00000| Untracked 
|  31|0x00000000e1f00000, 0x00000000e2000000, 0x00000000e2000000|100%| O|  |TAMS 0x00000000e1f00000, 0x00000000e1f00000| Untracked 
|  32|0x00000000e2000000, 0x00000000e206f600, 0x00000000e2100000| 43%| O|  |TAMS 0x00000000e2000000, 0x00000000e2000000| Untracked 
|  33|0x00000000e2100000, 0x00000000e2100000, 0x00000000e2200000|  0%| F|  |TAMS 0x00000000e2100000, 0x00000000e2100000| Untracked 
|  34|0x00000000e2200000, 0x00000000e2200000, 0x00000000e2300000|  0%| F|  |TAMS 0x00000000e2200000, 0x00000000e2200000| Untracked 
|  35|0x00000000e2300000, 0x00000000e2300000, 0x00000000e2400000|  0%| F|  |TAMS 0x00000000e2300000, 0x00000000e2300000| Untracked 
|  36|0x00000000e2400000, 0x00000000e2400000, 0x00000000e2500000|  0%| F|  |TAMS 0x00000000e2400000, 0x00000000e2400000| Untracked 
|  37|0x00000000e2500000, 0x00000000e2500000, 0x00000000e2600000|  0%| F|  |TAMS 0x00000000e2500000, 0x00000000e2500000| Untracked 
|  38|0x00000000e2600000, 0x00000000e2600000, 0x00000000e2700000|  0%| F|  |TAMS 0x00000000e2600000, 0x00000000e2600000| Untracked 
|  39|0x00000000e2700000, 0x00000000e2700000, 0x00000000e2800000|  0%| F|  |TAMS 0x00000000e2700000, 0x00000000e2700000| Untracked 
|  40|0x00000000e2800000, 0x00000000e2800000, 0x00000000e2900000|  0%| F|  |TAMS 0x00000000e2800000, 0x00000000e2800000| Untracked 
|  41|0x00000000e2900000, 0x00000000e2900000, 0x00000000e2a00000|  0%| F|  |TAMS 0x00000000e2900000, 0x00000000e2900000| Untracked 
|  42|0x00000000e2a00000, 0x00000000e2a00000, 0x00000000e2b00000|  0%| F|  |TAMS 0x00000000e2a00000, 0x00000000e2a00000| Untracked 
|  43|0x00000000e2b00000, 0x00000000e2b00000, 0x00000000e2c00000|  0%| F|  |TAMS 0x00000000e2b00000, 0x00000000e2b00000| Untracked 
|  44|0x00000000e2c00000, 0x00000000e2c00000, 0x00000000e2d00000|  0%| F|  |TAMS 0x00000000e2c00000, 0x00000000e2c00000| Untracked 
|  45|0x00000000e2d00000, 0x00000000e2d00000, 0x00000000e2e00000|  0%| F|  |TAMS 0x00000000e2d00000, 0x00000000e2d00000| Untracked 
|  46|0x00000000e2e00000, 0x00000000e2e00000, 0x00000000e2f00000|  0%| F|  |TAMS 0x00000000e2e00000, 0x00000000e2e00000| Untracked 
|  47|0x00000000e2f00000, 0x00000000e2f00000, 0x00000000e3000000|  0%| F|  |TAMS 0x00000000e2f00000, 0x00000000e2f00000| Untracked 
|  48|0x00000000e3000000, 0x00000000e3000000, 0x00000000e3100000|  0%| F|  |TAMS 0x00000000e3000000, 0x00000000e3000000| Untracked 
|  49|0x00000000e3100000, 0x00000000e3100000, 0x00000000e3200000|  0%| F|  |TAMS 0x00000000e3100000, 0x00000000e3100000| Untracked 
|  50|0x00000000e3200000, 0x00000000e3200000, 0x00000000e3300000|  0%| F|  |TAMS 0x00000000e3200000, 0x00000000e3200000| Untracked 
|  51|0x00000000e3300000, 0x00000000e3300000, 0x00000000e3400000|  0%| F|  |TAMS 0x00000000e3300000, 0x00000000e3300000| Untracked 
|  52|0x00000000e3400000, 0x00000000e3400000, 0x00000000e3500000|  0%| F|  |TAMS 0x00000000e3400000, 0x00000000e3400000| Untracked 
|  53|0x00000000e3500000, 0x00000000e3500000, 0x00000000e3600000|  0%| F|  |TAMS 0x00000000e3500000, 0x00000000e3500000| Untracked 
|  54|0x00000000e3600000, 0x00000000e3600000, 0x00000000e3700000|  0%| F|  |TAMS 0x00000000e3600000, 0x00000000e3600000| Untracked 
|  55|0x00000000e3700000, 0x00000000e3700000, 0x00000000e3800000|  0%| F|  |TAMS 0x00000000e3700000, 0x00000000e3700000| Untracked 
|  56|0x00000000e3800000, 0x00000000e3800000, 0x00000000e3900000|  0%| F|  |TAMS 0x00000000e3800000, 0x00000000e3800000| Untracked 
|  57|0x00000000e3900000, 0x00000000e3900000, 0x00000000e3a00000|  0%| F|  |TAMS 0x00000000e3900000, 0x00000000e3900000| Untracked 
|  58|0x00000000e3a00000, 0x00000000e3a00000, 0x00000000e3b00000|  0%| F|  |TAMS 0x00000000e3a00000, 0x00000000e3a00000| Untracked 
|  59|0x00000000e3b00000, 0x00000000e3b00000, 0x00000000e3c00000|  0%| F|  |TAMS 0x00000000e3b00000, 0x00000000e3b00000| Untracked 
|  60|0x00000000e3c00000, 0x00000000e3c00000, 0x00000000e3d00000|  0%| F|  |TAMS 0x00000000e3c00000, 0x00000000e3c00000| Untracked 
|  61|0x00000000e3d00000, 0x00000000e3d00000, 0x00000000e3e00000|  0%| F|  |TAMS 0x00000000e3d00000, 0x00000000e3d00000| Untracked 
|  62|0x00000000e3e00000, 0x00000000e3e00000, 0x00000000e3f00000|  0%| F|  |TAMS 0x00000000e3e00000, 0x00000000e3e00000| Untracked 
|  63|0x00000000e3f00000, 0x00000000e3f00000, 0x00000000e4000000|  0%| F|  |TAMS 0x00000000e3f00000, 0x00000000e3f00000| Untracked 
|  64|0x00000000e4000000, 0x00000000e4000000, 0x00000000e4100000|  0%| F|  |TAMS 0x00000000e4000000, 0x00000000e4000000| Untracked 
|  65|0x00000000e4100000, 0x00000000e4100000, 0x00000000e4200000|  0%| F|  |TAMS 0x00000000e4100000, 0x00000000e4100000| Untracked 
|  66|0x00000000e4200000, 0x00000000e4200000, 0x00000000e4300000|  0%| F|  |TAMS 0x00000000e4200000, 0x00000000e4200000| Untracked 
|  67|0x00000000e4300000, 0x00000000e4300000, 0x00000000e4400000|  0%| F|  |TAMS 0x00000000e4300000, 0x00000000e4300000| Untracked 
|  68|0x00000000e4400000, 0x00000000e4400000, 0x00000000e4500000|  0%| F|  |TAMS 0x00000000e4400000, 0x00000000e4400000| Untracked 
|  69|0x00000000e4500000, 0x00000000e4500000, 0x00000000e4600000|  0%| F|  |TAMS 0x00000000e4500000, 0x00000000e4500000| Untracked 
|  70|0x00000000e4600000, 0x00000000e4600000, 0x00000000e4700000|  0%| F|  |TAMS 0x00000000e4600000, 0x00000000e4600000| Untracked 
|  71|0x00000000e4700000, 0x00000000e4700000, 0x00000000e4800000|  0%| F|  |TAMS 0x00000000e4700000, 0x00000000e4700000| Untracked 
|  72|0x00000000e4800000, 0x00000000e4800000, 0x00000000e4900000|  0%| F|  |TAMS 0x00000000e4800000, 0x00000000e4800000| Untracked 
|  73|0x00000000e4900000, 0x00000000e4900000, 0x00000000e4a00000|  0%| F|  |TAMS 0x00000000e4900000, 0x00000000e4900000| Untracked 
|  74|0x00000000e4a00000, 0x00000000e4a00000, 0x00000000e4b00000|  0%| F|  |TAMS 0x00000000e4a00000, 0x00000000e4a00000| Untracked 
|  75|0x00000000e4b00000, 0x00000000e4b00000, 0x00000000e4c00000|  0%| F|  |TAMS 0x00000000e4b00000, 0x00000000e4b00000| Untracked 
|  76|0x00000000e4c00000, 0x00000000e4c00000, 0x00000000e4d00000|  0%| F|  |TAMS 0x00000000e4c00000, 0x00000000e4c00000| Untracked 
|  77|0x00000000e4d00000, 0x00000000e4d00000, 0x00000000e4e00000|  0%| F|  |TAMS 0x00000000e4d00000, 0x00000000e4d00000| Untracked 
|  78|0x00000000e4e00000, 0x00000000e4e00000, 0x00000000e4f00000|  0%| F|  |TAMS 0x00000000e4e00000, 0x00000000e4e00000| Untracked 
|  79|0x00000000e4f00000, 0x00000000e4f00000, 0x00000000e5000000|  0%| F|  |TAMS 0x00000000e4f00000, 0x00000000e4f00000| Untracked 
|  80|0x00000000e5000000, 0x00000000e5000000, 0x00000000e5100000|  0%| F|  |TAMS 0x00000000e5000000, 0x00000000e5000000| Untracked 
|  81|0x00000000e5100000, 0x00000000e5100000, 0x00000000e5200000|  0%| F|  |TAMS 0x00000000e5100000, 0x00000000e5100000| Untracked 
|  82|0x00000000e5200000, 0x00000000e5200000, 0x00000000e5300000|  0%| F|  |TAMS 0x00000000e5200000, 0x00000000e5200000| Untracked 
|  83|0x00000000e5300000, 0x00000000e5300000, 0x00000000e5400000|  0%| F|  |TAMS 0x00000000e5300000, 0x00000000e5300000| Untracked 
|  84|0x00000000e5400000, 0x00000000e5400000, 0x00000000e5500000|  0%| F|  |TAMS 0x00000000e5400000, 0x00000000e5400000| Untracked 
|  85|0x00000000e5500000, 0x00000000e5500000, 0x00000000e5600000|  0%| F|  |TAMS 0x00000000e5500000, 0x00000000e5500000| Untracked 
|  86|0x00000000e5600000, 0x00000000e5600000, 0x00000000e5700000|  0%| F|  |TAMS 0x00000000e5600000, 0x00000000e5600000| Untracked 
|  87|0x00000000e5700000, 0x00000000e5700000, 0x00000000e5800000|  0%| F|  |TAMS 0x00000000e5700000, 0x00000000e5700000| Untracked 
|  88|0x00000000e5800000, 0x00000000e5800000, 0x00000000e5900000|  0%| F|  |TAMS 0x00000000e5800000, 0x00000000e5800000| Untracked 
|  89|0x00000000e5900000, 0x00000000e5900000, 0x00000000e5a00000|  0%| F|  |TAMS 0x00000000e5900000, 0x00000000e5900000| Untracked 
|  90|0x00000000e5a00000, 0x00000000e5a00000, 0x00000000e5b00000|  0%| F|  |TAMS 0x00000000e5a00000, 0x00000000e5a00000| Untracked 
|  91|0x00000000e5b00000, 0x00000000e5b00000, 0x00000000e5c00000|  0%| F|  |TAMS 0x00000000e5b00000, 0x00000000e5b00000| Untracked 
|  92|0x00000000e5c00000, 0x00000000e5c00000, 0x00000000e5d00000|  0%| F|  |TAMS 0x00000000e5c00000, 0x00000000e5c00000| Untracked 
|  93|0x00000000e5d00000, 0x00000000e5d00000, 0x00000000e5e00000|  0%| F|  |TAMS 0x00000000e5d00000, 0x00000000e5d00000| Untracked 
|  94|0x00000000e5e00000, 0x00000000e5e00000, 0x00000000e5f00000|  0%| F|  |TAMS 0x00000000e5e00000, 0x00000000e5e00000| Untracked 
|  95|0x00000000e5f00000, 0x00000000e5f00000, 0x00000000e6000000|  0%| F|  |TAMS 0x00000000e5f00000, 0x00000000e5f00000| Untracked 
|  96|0x00000000e6000000, 0x00000000e6000000, 0x00000000e6100000|  0%| F|  |TAMS 0x00000000e6000000, 0x00000000e6000000| Untracked 
|  97|0x00000000e6100000, 0x00000000e6100000, 0x00000000e6200000|  0%| F|  |TAMS 0x00000000e6100000, 0x00000000e6100000| Untracked 
|  98|0x00000000e6200000, 0x00000000e6200000, 0x00000000e6300000|  0%| F|  |TAMS 0x00000000e6200000, 0x00000000e6200000| Untracked 
|  99|0x00000000e6300000, 0x00000000e6300000, 0x00000000e6400000|  0%| F|  |TAMS 0x00000000e6300000, 0x00000000e6300000| Untracked 
| 100|0x00000000e6400000, 0x00000000e6400000, 0x00000000e6500000|  0%| F|  |TAMS 0x00000000e6400000, 0x00000000e6400000| Untracked 
| 101|0x00000000e6500000, 0x00000000e6500000, 0x00000000e6600000|  0%| F|  |TAMS 0x00000000e6500000, 0x00000000e6500000| Untracked 
| 102|0x00000000e6600000, 0x00000000e6600000, 0x00000000e6700000|  0%| F|  |TAMS 0x00000000e6600000, 0x00000000e6600000| Untracked 
| 103|0x00000000e6700000, 0x00000000e6700000, 0x00000000e6800000|  0%| F|  |TAMS 0x00000000e6700000, 0x00000000e6700000| Untracked 
| 104|0x00000000e6800000, 0x00000000e6800000, 0x00000000e6900000|  0%| F|  |TAMS 0x00000000e6800000, 0x00000000e6800000| Untracked 
| 105|0x00000000e6900000, 0x00000000e6900000, 0x00000000e6a00000|  0%| F|  |TAMS 0x00000000e6900000, 0x00000000e6900000| Untracked 
| 106|0x00000000e6a00000, 0x00000000e6a00000, 0x00000000e6b00000|  0%| F|  |TAMS 0x00000000e6a00000, 0x00000000e6a00000| Untracked 
| 107|0x00000000e6b00000, 0x00000000e6b00000, 0x00000000e6c00000|  0%| F|  |TAMS 0x00000000e6b00000, 0x00000000e6b00000| Untracked 
| 108|0x00000000e6c00000, 0x00000000e6c00000, 0x00000000e6d00000|  0%| F|  |TAMS 0x00000000e6c00000, 0x00000000e6c00000| Untracked 
| 109|0x00000000e6d00000, 0x00000000e6d00000, 0x00000000e6e00000|  0%| F|  |TAMS 0x00000000e6d00000, 0x00000000e6d00000| Untracked 
| 110|0x00000000e6e00000, 0x00000000e6e00000, 0x00000000e6f00000|  0%| F|  |TAMS 0x00000000e6e00000, 0x00000000e6e00000| Untracked 
| 111|0x00000000e6f00000, 0x00000000e6f00000, 0x00000000e7000000|  0%| F|  |TAMS 0x00000000e6f00000, 0x00000000e6f00000| Untracked 
| 112|0x00000000e7000000, 0x00000000e7000000, 0x00000000e7100000|  0%| F|  |TAMS 0x00000000e7000000, 0x00000000e7000000| Untracked 
| 113|0x00000000e7100000, 0x00000000e7100000, 0x00000000e7200000|  0%| F|  |TAMS 0x00000000e7100000, 0x00000000e7100000| Untracked 
| 114|0x00000000e7200000, 0x00000000e7200000, 0x00000000e7300000|  0%| F|  |TAMS 0x00000000e7200000, 0x00000000e7200000| Untracked 
| 115|0x00000000e7300000, 0x00000000e7300000, 0x00000000e7400000|  0%| F|  |TAMS 0x00000000e7300000, 0x00000000e7300000| Untracked 
| 116|0x00000000e7400000, 0x00000000e7400000, 0x00000000e7500000|  0%| F|  |TAMS 0x00000000e7400000, 0x00000000e7400000| Untracked 
| 117|0x00000000e7500000, 0x00000000e7500000, 0x00000000e7600000|  0%| F|  |TAMS 0x00000000e7500000, 0x00000000e7500000| Untracked 
| 118|0x00000000e7600000, 0x00000000e7600000, 0x00000000e7700000|  0%| F|  |TAMS 0x00000000e7600000, 0x00000000e7600000| Untracked 
| 119|0x00000000e7700000, 0x00000000e7700000, 0x00000000e7800000|  0%| F|  |TAMS 0x00000000e7700000, 0x00000000e7700000| Untracked 
| 120|0x00000000e7800000, 0x00000000e7800000, 0x00000000e7900000|  0%| F|  |TAMS 0x00000000e7800000, 0x00000000e7800000| Untracked 
| 121|0x00000000e7900000, 0x00000000e7900000, 0x00000000e7a00000|  0%| F|  |TAMS 0x00000000e7900000, 0x00000000e7900000| Untracked 
| 122|0x00000000e7a00000, 0x00000000e7a00000, 0x00000000e7b00000|  0%| F|  |TAMS 0x00000000e7a00000, 0x00000000e7a00000| Untracked 
| 123|0x00000000e7b00000, 0x00000000e7b00000, 0x00000000e7c00000|  0%| F|  |TAMS 0x00000000e7b00000, 0x00000000e7b00000| Untracked 
| 124|0x00000000e7c00000, 0x00000000e7c00000, 0x00000000e7d00000|  0%| F|  |TAMS 0x00000000e7c00000, 0x00000000e7c00000| Untracked 
| 125|0x00000000e7d00000, 0x00000000e7d00000, 0x00000000e7e00000|  0%| F|  |TAMS 0x00000000e7d00000, 0x00000000e7d00000| Untracked 
| 126|0x00000000e7e00000, 0x00000000e7e00000, 0x00000000e7f00000|  0%| F|  |TAMS 0x00000000e7e00000, 0x00000000e7e00000| Untracked 
| 127|0x00000000e7f00000, 0x00000000e7f00000, 0x00000000e8000000|  0%| F|  |TAMS 0x00000000e7f00000, 0x00000000e7f00000| Untracked 
| 128|0x00000000e8000000, 0x00000000e8000000, 0x00000000e8100000|  0%| F|  |TAMS 0x00000000e8000000, 0x00000000e8000000| Untracked 
| 129|0x00000000e8100000, 0x00000000e8100000, 0x00000000e8200000|  0%| F|  |TAMS 0x00000000e8100000, 0x00000000e8100000| Untracked 
| 130|0x00000000e8200000, 0x00000000e8200000, 0x00000000e8300000|  0%| F|  |TAMS 0x00000000e8200000, 0x00000000e8200000| Untracked 
| 131|0x00000000e8300000, 0x00000000e8300000, 0x00000000e8400000|  0%| F|  |TAMS 0x00000000e8300000, 0x00000000e8300000| Untracked 
| 132|0x00000000e8400000, 0x00000000e8400000, 0x00000000e8500000|  0%| F|  |TAMS 0x00000000e8400000, 0x00000000e8400000| Untracked 
| 133|0x00000000e8500000, 0x00000000e8500000, 0x00000000e8600000|  0%| F|  |TAMS 0x00000000e8500000, 0x00000000e8500000| Untracked 
| 134|0x00000000e8600000, 0x00000000e8600000, 0x00000000e8700000|  0%| F|  |TAMS 0x00000000e8600000, 0x00000000e8600000| Untracked 
| 135|0x00000000e8700000, 0x00000000e8700000, 0x00000000e8800000|  0%| F|  |TAMS 0x00000000e8700000, 0x00000000e8700000| Untracked 
| 136|0x00000000e8800000, 0x00000000e8800000, 0x00000000e8900000|  0%| F|  |TAMS 0x00000000e8800000, 0x00000000e8800000| Untracked 
| 137|0x00000000e8900000, 0x00000000e8900000, 0x00000000e8a00000|  0%| F|  |TAMS 0x00000000e8900000, 0x00000000e8900000| Untracked 
| 138|0x00000000e8a00000, 0x00000000e8a00000, 0x00000000e8b00000|  0%| F|  |TAMS 0x00000000e8a00000, 0x00000000e8a00000| Untracked 
| 139|0x00000000e8b00000, 0x00000000e8b00000, 0x00000000e8c00000|  0%| F|  |TAMS 0x00000000e8b00000, 0x00000000e8b00000| Untracked 
| 140|0x00000000e8c00000, 0x00000000e8c00000, 0x00000000e8d00000|  0%| F|  |TAMS 0x00000000e8c00000, 0x00000000e8c00000| Untracked 
| 141|0x00000000e8d00000, 0x00000000e8d00000, 0x00000000e8e00000|  0%| F|  |TAMS 0x00000000e8d00000, 0x00000000e8d00000| Untracked 
| 142|0x00000000e8e00000, 0x00000000e8e00000, 0x00000000e8f00000|  0%| F|  |TAMS 0x00000000e8e00000, 0x00000000e8e00000| Untracked 
| 143|0x00000000e8f00000, 0x00000000e8f00000, 0x00000000e9000000|  0%| F|  |TAMS 0x00000000e8f00000, 0x00000000e8f00000| Untracked 
| 144|0x00000000e9000000, 0x00000000e9000000, 0x00000000e9100000|  0%| F|  |TAMS 0x00000000e9000000, 0x00000000e9000000| Untracked 
| 145|0x00000000e9100000, 0x00000000e9100000, 0x00000000e9200000|  0%| F|  |TAMS 0x00000000e9100000, 0x00000000e9100000| Untracked 
| 146|0x00000000e9200000, 0x00000000e9200000, 0x00000000e9300000|  0%| F|  |TAMS 0x00000000e9200000, 0x00000000e9200000| Untracked 
| 147|0x00000000e9300000, 0x00000000e9300000, 0x00000000e9400000|  0%| F|  |TAMS 0x00000000e9300000, 0x00000000e9300000| Untracked 
| 148|0x00000000e9400000, 0x00000000e9400000, 0x00000000e9500000|  0%| F|  |TAMS 0x00000000e9400000, 0x00000000e9400000| Untracked 
| 149|0x00000000e9500000, 0x00000000e9500000, 0x00000000e9600000|  0%| F|  |TAMS 0x00000000e9500000, 0x00000000e9500000| Untracked 
| 150|0x00000000e9600000, 0x00000000e9600000, 0x00000000e9700000|  0%| F|  |TAMS 0x00000000e9600000, 0x00000000e9600000| Untracked 
| 151|0x00000000e9700000, 0x00000000e9700000, 0x00000000e9800000|  0%| F|  |TAMS 0x00000000e9700000, 0x00000000e9700000| Untracked 
| 152|0x00000000e9800000, 0x00000000e9800000, 0x00000000e9900000|  0%| F|  |TAMS 0x00000000e9800000, 0x00000000e9800000| Untracked 
| 153|0x00000000e9900000, 0x00000000e9900000, 0x00000000e9a00000|  0%| F|  |TAMS 0x00000000e9900000, 0x00000000e9900000| Untracked 
| 154|0x00000000e9a00000, 0x00000000e9a00000, 0x00000000e9b00000|  0%| F|  |TAMS 0x00000000e9a00000, 0x00000000e9a00000| Untracked 
| 155|0x00000000e9b00000, 0x00000000e9b00000, 0x00000000e9c00000|  0%| F|  |TAMS 0x00000000e9b00000, 0x00000000e9b00000| Untracked 
| 156|0x00000000e9c00000, 0x00000000e9c00000, 0x00000000e9d00000|  0%| F|  |TAMS 0x00000000e9c00000, 0x00000000e9c00000| Untracked 
| 157|0x00000000e9d00000, 0x00000000e9d00000, 0x00000000e9e00000|  0%| F|  |TAMS 0x00000000e9d00000, 0x00000000e9d00000| Untracked 
| 158|0x00000000e9e00000, 0x00000000e9e00000, 0x00000000e9f00000|  0%| F|  |TAMS 0x00000000e9e00000, 0x00000000e9e00000| Untracked 
| 159|0x00000000e9f00000, 0x00000000e9f00000, 0x00000000ea000000|  0%| F|  |TAMS 0x00000000e9f00000, 0x00000000e9f00000| Untracked 
| 160|0x00000000ea000000, 0x00000000ea000000, 0x00000000ea100000|  0%| F|  |TAMS 0x00000000ea000000, 0x00000000ea000000| Untracked 
| 161|0x00000000ea100000, 0x00000000ea100000, 0x00000000ea200000|  0%| F|  |TAMS 0x00000000ea100000, 0x00000000ea100000| Untracked 
| 162|0x00000000ea200000, 0x00000000ea200000, 0x00000000ea300000|  0%| F|  |TAMS 0x00000000ea200000, 0x00000000ea200000| Untracked 
| 163|0x00000000ea300000, 0x00000000ea300000, 0x00000000ea400000|  0%| F|  |TAMS 0x00000000ea300000, 0x00000000ea300000| Untracked 
| 164|0x00000000ea400000, 0x00000000ea400000, 0x00000000ea500000|  0%| F|  |TAMS 0x00000000ea400000, 0x00000000ea400000| Untracked 
| 165|0x00000000ea500000, 0x00000000ea500000, 0x00000000ea600000|  0%| F|  |TAMS 0x00000000ea500000, 0x00000000ea500000| Untracked 
| 166|0x00000000ea600000, 0x00000000ea600000, 0x00000000ea700000|  0%| F|  |TAMS 0x00000000ea600000, 0x00000000ea600000| Untracked 
| 167|0x00000000ea700000, 0x00000000ea700000, 0x00000000ea800000|  0%| F|  |TAMS 0x00000000ea700000, 0x00000000ea700000| Untracked 
| 168|0x00000000ea800000, 0x00000000ea800000, 0x00000000ea900000|  0%| F|  |TAMS 0x00000000ea800000, 0x00000000ea800000| Untracked 
| 169|0x00000000ea900000, 0x00000000ea900000, 0x00000000eaa00000|  0%| F|  |TAMS 0x00000000ea900000, 0x00000000ea900000| Untracked 
| 170|0x00000000eaa00000, 0x00000000eaa00000, 0x00000000eab00000|  0%| F|  |TAMS 0x00000000eaa00000, 0x00000000eaa00000| Untracked 
| 171|0x00000000eab00000, 0x00000000eab00000, 0x00000000eac00000|  0%| F|  |TAMS 0x00000000eab00000, 0x00000000eab00000| Untracked 
| 172|0x00000000eac00000, 0x00000000eac00000, 0x00000000ead00000|  0%| F|  |TAMS 0x00000000eac00000, 0x00000000eac00000| Untracked 
| 173|0x00000000ead00000, 0x00000000ead00000, 0x00000000eae00000|  0%| F|  |TAMS 0x00000000ead00000, 0x00000000ead00000| Untracked 
| 174|0x00000000eae00000, 0x00000000eae00000, 0x00000000eaf00000|  0%| F|  |TAMS 0x00000000eae00000, 0x00000000eae00000| Untracked 
| 175|0x00000000eaf00000, 0x00000000eaf00000, 0x00000000eb000000|  0%| F|  |TAMS 0x00000000eaf00000, 0x00000000eaf00000| Untracked 
| 176|0x00000000eb000000, 0x00000000eb000000, 0x00000000eb100000|  0%| F|  |TAMS 0x00000000eb000000, 0x00000000eb000000| Untracked 
| 177|0x00000000eb100000, 0x00000000eb100000, 0x00000000eb200000|  0%| F|  |TAMS 0x00000000eb100000, 0x00000000eb100000| Untracked 
| 178|0x00000000eb200000, 0x00000000eb200000, 0x00000000eb300000|  0%| F|  |TAMS 0x00000000eb200000, 0x00000000eb200000| Untracked 
| 179|0x00000000eb300000, 0x00000000eb300000, 0x00000000eb400000|  0%| F|  |TAMS 0x00000000eb300000, 0x00000000eb300000| Untracked 
| 180|0x00000000eb400000, 0x00000000eb400000, 0x00000000eb500000|  0%| F|  |TAMS 0x00000000eb400000, 0x00000000eb400000| Untracked 
| 181|0x00000000eb500000, 0x00000000eb500000, 0x00000000eb600000|  0%| F|  |TAMS 0x00000000eb500000, 0x00000000eb500000| Untracked 
| 182|0x00000000eb600000, 0x00000000eb600000, 0x00000000eb700000|  0%| F|  |TAMS 0x00000000eb600000, 0x00000000eb600000| Untracked 
| 183|0x00000000eb700000, 0x00000000eb700000, 0x00000000eb800000|  0%| F|  |TAMS 0x00000000eb700000, 0x00000000eb700000| Untracked 
| 184|0x00000000eb800000, 0x00000000eb800000, 0x00000000eb900000|  0%| F|  |TAMS 0x00000000eb800000, 0x00000000eb800000| Untracked 
| 185|0x00000000eb900000, 0x00000000eb900000, 0x00000000eba00000|  0%| F|  |TAMS 0x00000000eb900000, 0x00000000eb900000| Untracked 
| 186|0x00000000eba00000, 0x00000000eba00000, 0x00000000ebb00000|  0%| F|  |TAMS 0x00000000eba00000, 0x00000000eba00000| Untracked 
| 187|0x00000000ebb00000, 0x00000000ebb00000, 0x00000000ebc00000|  0%| F|  |TAMS 0x00000000ebb00000, 0x00000000ebb00000| Untracked 
| 188|0x00000000ebc00000, 0x00000000ebc00000, 0x00000000ebd00000|  0%| F|  |TAMS 0x00000000ebc00000, 0x00000000ebc00000| Untracked 
| 189|0x00000000ebd00000, 0x00000000ebd00000, 0x00000000ebe00000|  0%| F|  |TAMS 0x00000000ebd00000, 0x00000000ebd00000| Untracked 
| 190|0x00000000ebe00000, 0x00000000ebe00000, 0x00000000ebf00000|  0%| F|  |TAMS 0x00000000ebe00000, 0x00000000ebe00000| Untracked 
| 191|0x00000000ebf00000, 0x00000000ebf00000, 0x00000000ec000000|  0%| F|  |TAMS 0x00000000ebf00000, 0x00000000ebf00000| Untracked 
| 192|0x00000000ec000000, 0x00000000ec000000, 0x00000000ec100000|  0%| F|  |TAMS 0x00000000ec000000, 0x00000000ec000000| Untracked 
| 193|0x00000000ec100000, 0x00000000ec100000, 0x00000000ec200000|  0%| F|  |TAMS 0x00000000ec100000, 0x00000000ec100000| Untracked 
| 194|0x00000000ec200000, 0x00000000ec200000, 0x00000000ec300000|  0%| F|  |TAMS 0x00000000ec200000, 0x00000000ec200000| Untracked 
| 195|0x00000000ec300000, 0x00000000ec300000, 0x00000000ec400000|  0%| F|  |TAMS 0x00000000ec300000, 0x00000000ec300000| Untracked 
| 196|0x00000000ec400000, 0x00000000ec400000, 0x00000000ec500000|  0%| F|  |TAMS 0x00000000ec400000, 0x00000000ec400000| Untracked 
| 197|0x00000000ec500000, 0x00000000ec500000, 0x00000000ec600000|  0%| F|  |TAMS 0x00000000ec500000, 0x00000000ec500000| Untracked 
| 198|0x00000000ec600000, 0x00000000ec600000, 0x00000000ec700000|  0%| F|  |TAMS 0x00000000ec600000, 0x00000000ec600000| Untracked 
| 199|0x00000000ec700000, 0x00000000ec700000, 0x00000000ec800000|  0%| F|  |TAMS 0x00000000ec700000, 0x00000000ec700000| Untracked 
| 200|0x00000000ec800000, 0x00000000ec800000, 0x00000000ec900000|  0%| F|  |TAMS 0x00000000ec800000, 0x00000000ec800000| Untracked 
| 201|0x00000000ec900000, 0x00000000ec900000, 0x00000000eca00000|  0%| F|  |TAMS 0x00000000ec900000, 0x00000000ec900000| Untracked 
| 202|0x00000000eca00000, 0x00000000eca00000, 0x00000000ecb00000|  0%| F|  |TAMS 0x00000000eca00000, 0x00000000eca00000| Untracked 
| 203|0x00000000ecb00000, 0x00000000ecb00000, 0x00000000ecc00000|  0%| F|  |TAMS 0x00000000ecb00000, 0x00000000ecb00000| Untracked 
| 204|0x00000000ecc00000, 0x00000000ecc00000, 0x00000000ecd00000|  0%| F|  |TAMS 0x00000000ecc00000, 0x00000000ecc00000| Untracked 
| 205|0x00000000ecd00000, 0x00000000ecd00000, 0x00000000ece00000|  0%| F|  |TAMS 0x00000000ecd00000, 0x00000000ecd00000| Untracked 
| 206|0x00000000ece00000, 0x00000000ece00000, 0x00000000ecf00000|  0%| F|  |TAMS 0x00000000ece00000, 0x00000000ece00000| Untracked 
| 207|0x00000000ecf00000, 0x00000000ecf00000, 0x00000000ed000000|  0%| F|  |TAMS 0x00000000ecf00000, 0x00000000ecf00000| Untracked 
| 208|0x00000000ed000000, 0x00000000ed000000, 0x00000000ed100000|  0%| F|  |TAMS 0x00000000ed000000, 0x00000000ed000000| Untracked 
| 209|0x00000000ed100000, 0x00000000ed100000, 0x00000000ed200000|  0%| F|  |TAMS 0x00000000ed100000, 0x00000000ed100000| Untracked 
| 210|0x00000000ed200000, 0x00000000ed200000, 0x00000000ed300000|  0%| F|  |TAMS 0x00000000ed200000, 0x00000000ed200000| Untracked 
| 211|0x00000000ed300000, 0x00000000ed300000, 0x00000000ed400000|  0%| F|  |TAMS 0x00000000ed300000, 0x00000000ed300000| Untracked 
| 212|0x00000000ed400000, 0x00000000ed400000, 0x00000000ed500000|  0%| F|  |TAMS 0x00000000ed400000, 0x00000000ed400000| Untracked 
| 213|0x00000000ed500000, 0x00000000ed500000, 0x00000000ed600000|  0%| F|  |TAMS 0x00000000ed500000, 0x00000000ed500000| Untracked 
| 214|0x00000000ed600000, 0x00000000ed600000, 0x00000000ed700000|  0%| F|  |TAMS 0x00000000ed600000, 0x00000000ed600000| Untracked 
| 215|0x00000000ed700000, 0x00000000ed700000, 0x00000000ed800000|  0%| F|  |TAMS 0x00000000ed700000, 0x00000000ed700000| Untracked 
| 216|0x00000000ed800000, 0x00000000ed800000, 0x00000000ed900000|  0%| F|  |TAMS 0x00000000ed800000, 0x00000000ed800000| Untracked 
| 217|0x00000000ed900000, 0x00000000ed900000, 0x00000000eda00000|  0%| F|  |TAMS 0x00000000ed900000, 0x00000000ed900000| Untracked 
| 218|0x00000000eda00000, 0x00000000eda00000, 0x00000000edb00000|  0%| F|  |TAMS 0x00000000eda00000, 0x00000000eda00000| Untracked 
| 219|0x00000000edb00000, 0x00000000edb00000, 0x00000000edc00000|  0%| F|  |TAMS 0x00000000edb00000, 0x00000000edb00000| Untracked 
| 220|0x00000000edc00000, 0x00000000edc00000, 0x00000000edd00000|  0%| F|  |TAMS 0x00000000edc00000, 0x00000000edc00000| Untracked 
| 221|0x00000000edd00000, 0x00000000edd00000, 0x00000000ede00000|  0%| F|  |TAMS 0x00000000edd00000, 0x00000000edd00000| Untracked 
| 222|0x00000000ede00000, 0x00000000ede00000, 0x00000000edf00000|  0%| F|  |TAMS 0x00000000ede00000, 0x00000000ede00000| Untracked 
| 223|0x00000000edf00000, 0x00000000edf00000, 0x00000000ee000000|  0%| F|  |TAMS 0x00000000edf00000, 0x00000000edf00000| Untracked 
| 224|0x00000000ee000000, 0x00000000ee000000, 0x00000000ee100000|  0%| F|  |TAMS 0x00000000ee000000, 0x00000000ee000000| Untracked 
| 225|0x00000000ee100000, 0x00000000ee1b6ed0, 0x00000000ee200000| 71%| E|  |TAMS 0x00000000ee100000, 0x00000000ee100000| Complete 
| 226|0x00000000ee200000, 0x00000000ee300000, 0x00000000ee300000|100%| E|CS|TAMS 0x00000000ee200000, 0x00000000ee200000| Complete 
| 227|0x00000000ee300000, 0x00000000ee400000, 0x00000000ee400000|100%| E|CS|TAMS 0x00000000ee300000, 0x00000000ee300000| Complete 
| 228|0x00000000ee400000, 0x00000000ee500000, 0x00000000ee500000|100%| E|CS|TAMS 0x00000000ee400000, 0x00000000ee400000| Complete 
| 229|0x00000000ee500000, 0x00000000ee600000, 0x00000000ee600000|100%| E|CS|TAMS 0x00000000ee500000, 0x00000000ee500000| Complete 
| 230|0x00000000ee600000, 0x00000000ee700000, 0x00000000ee700000|100%| E|CS|TAMS 0x00000000ee600000, 0x00000000ee600000| Complete 
| 231|0x00000000ee700000, 0x00000000ee800000, 0x00000000ee800000|100%| E|CS|TAMS 0x00000000ee700000, 0x00000000ee700000| Complete 
| 232|0x00000000ee800000, 0x00000000ee900000, 0x00000000ee900000|100%| E|CS|TAMS 0x00000000ee800000, 0x00000000ee800000| Complete 
| 233|0x00000000ee900000, 0x00000000ee933c60, 0x00000000eea00000| 20%| S|CS|TAMS 0x00000000ee900000, 0x00000000ee900000| Complete 
| 234|0x00000000eea00000, 0x00000000eeb00000, 0x00000000eeb00000|100%| E|CS|TAMS 0x00000000eea00000, 0x00000000eea00000| Complete 
| 235|0x00000000eeb00000, 0x00000000eec00000, 0x00000000eec00000|100%| E|CS|TAMS 0x00000000eeb00000, 0x00000000eeb00000| Complete 
| 236|0x00000000eec00000, 0x00000000eed00000, 0x00000000eed00000|100%| E|CS|TAMS 0x00000000eec00000, 0x00000000eec00000| Complete 
| 237|0x00000000eed00000, 0x00000000eee00000, 0x00000000eee00000|100%| E|CS|TAMS 0x00000000eed00000, 0x00000000eed00000| Complete 
| 238|0x00000000eee00000, 0x00000000eef00000, 0x00000000eef00000|100%| E|CS|TAMS 0x00000000eee00000, 0x00000000eee00000| Complete 
| 239|0x00000000eef00000, 0x00000000ef000000, 0x00000000ef000000|100%| E|CS|TAMS 0x00000000eef00000, 0x00000000eef00000| Complete 
| 240|0x00000000ef000000, 0x00000000ef100000, 0x00000000ef100000|100%| E|CS|TAMS 0x00000000ef000000, 0x00000000ef000000| Complete 
| 241|0x00000000ef100000, 0x00000000ef200000, 0x00000000ef200000|100%| E|CS|TAMS 0x00000000ef100000, 0x00000000ef100000| Complete 
| 242|0x00000000ef200000, 0x00000000ef300000, 0x00000000ef300000|100%| E|CS|TAMS 0x00000000ef200000, 0x00000000ef200000| Complete 
| 243|0x00000000ef300000, 0x00000000ef400000, 0x00000000ef400000|100%| E|CS|TAMS 0x00000000ef300000, 0x00000000ef300000| Complete 
| 244|0x00000000ef400000, 0x00000000ef500000, 0x00000000ef500000|100%| E|CS|TAMS 0x00000000ef400000, 0x00000000ef400000| Complete 
| 245|0x00000000ef500000, 0x00000000ef600000, 0x00000000ef600000|100%| E|CS|TAMS 0x00000000ef500000, 0x00000000ef500000| Complete 
| 246|0x00000000ef600000, 0x00000000ef700000, 0x00000000ef700000|100%| E|CS|TAMS 0x00000000ef600000, 0x00000000ef600000| Complete 
| 247|0x00000000ef700000, 0x00000000ef800000, 0x00000000ef800000|100%| E|CS|TAMS 0x00000000ef700000, 0x00000000ef700000| Complete 
| 248|0x00000000ef800000, 0x00000000ef900000, 0x00000000ef900000|100%| E|CS|TAMS 0x00000000ef800000, 0x00000000ef800000| Complete 
| 249|0x00000000ef900000, 0x00000000efa00000, 0x00000000efa00000|100%| E|CS|TAMS 0x00000000ef900000, 0x00000000ef900000| Complete 
| 250|0x00000000efa00000, 0x00000000efb00000, 0x00000000efb00000|100%| E|CS|TAMS 0x00000000efa00000, 0x00000000efa00000| Complete 
| 251|0x00000000efb00000, 0x00000000efc00000, 0x00000000efc00000|100%| E|CS|TAMS 0x00000000efb00000, 0x00000000efb00000| Complete 
| 252|0x00000000efc00000, 0x00000000efd00000, 0x00000000efd00000|100%| E|CS|TAMS 0x00000000efc00000, 0x00000000efc00000| Complete 
| 253|0x00000000efd00000, 0x00000000efe00000, 0x00000000efe00000|100%| E|CS|TAMS 0x00000000efd00000, 0x00000000efd00000| Complete 
| 254|0x00000000efe00000, 0x00000000eff00000, 0x00000000eff00000|100%| E|CS|TAMS 0x00000000efe00000, 0x00000000efe00000| Complete 
| 255|0x00000000eff00000, 0x00000000f0000000, 0x00000000f0000000|100%| E|CS|TAMS 0x00000000eff00000, 0x00000000eff00000| Complete 

Card table byte_map: [0x000002917ead0000,0x000002917ebd0000] _byte_map_base: 0x000002917e3d0000

Marking Bits (Prev, Next): (CMBitMap*) 0x000002917e5eb6c0, (CMBitMap*) 0x000002917e5eb700
 Prev Bits: [0x000002917ecd0000, 0x000002917f4d0000)
 Next Bits: [0x000002917f4d0000, 0x000002917fcd0000)

Polling page: 0x000002917c4c0000

Metaspace:

Usage:
  Non-class:     42.99 MB capacity,    42.37 MB ( 99%) used,   564.20 KB (  1%) free+waste,    73.75 KB ( <1%) overhead. 
      Class:      6.83 MB capacity,     6.57 MB ( 96%) used,   236.82 KB (  3%) free+waste,    30.62 KB ( <1%) overhead. 
       Both:     49.82 MB capacity,    48.94 MB ( 98%) used,   801.02 KB (  2%) free+waste,   104.38 KB ( <1%) overhead. 

Virtual space:
  Non-class space:       44.00 MB reserved,      43.17 MB ( 98%) committed 
      Class space:      248.00 MB reserved,       6.88 MB (  3%) committed 
             Both:      292.00 MB reserved,      50.05 MB ( 17%) committed 

Chunk freelists:
   Non-Class:  54.00 KB
       Class:  15.00 KB
        Both:  69.00 KB

MaxMetaspaceSize: 256.00 MB
CompressedClassSpaceSize: 248.00 MB

CodeHeap 'non-profiled nmethods': size=120000Kb used=2812Kb max_used=3358Kb free=117187Kb
 bounds [0x000002910fc30000, 0x000002910ff80000, 0x0000029117160000]
CodeHeap 'profiled nmethods': size=120000Kb used=9816Kb max_used=10875Kb free=110183Kb
 bounds [0x0000029108700000, 0x00000291091a0000, 0x000002910fc30000]
CodeHeap 'non-nmethods': size=5760Kb used=2335Kb max_used=2386Kb free=3424Kb
 bounds [0x0000029108160000, 0x00000291083d0000, 0x0000029108700000]
 total_blobs=5845 nmethods=5030 adapters=727
 compilation: enabled
              stopped_count=0, restarted_count=0
 full_count=0

Compilation events (20 events):
Event: 7621.556 Thread 0x000002911986d690 nmethod 5888 0x000002910fcc5690 code [0x000002910fcc5820, 0x000002910fcc5ff8]
Event: 7681.315 Thread 0x000002911986af10 5889       3       org.gradle.launcher.daemon.server.health.DaemonMemoryStatus$1::isSatisfiedBy (9 bytes)
Event: 7681.632 Thread 0x000002911986af10 nmethod 5889 0x0000029108819110 code [0x00000291088192c0, 0x00000291088194e8]
Event: 7691.283 Thread 0x000002911986d690 5901       4       java.util.ArrayList::contains (14 bytes)
Event: 7691.415 Thread 0x000002911986d690 nmethod 5901 0x000002910fcc5290 code [0x000002910fcc5420, 0x000002910fcc5558]
Event: 7731.291 Thread 0x000002911986af10 5902       3       org.gradle.launcher.daemon.context.DaemonCompatibilitySpec::daemonOptsMatch (57 bytes)
Event: 7731.476 Thread 0x000002911986af10 nmethod 5902 0x0000029108842f10 code [0x0000029108843100, 0x0000029108843688]
Event: 7771.294 Thread 0x000002911986d690 5903       4       org.gradle.launcher.daemon.server.health.gc.GarbageCollectionStats::calculateAverageUsage (53 bytes)
Event: 7771.942 Thread 0x000002911986d690 nmethod 5903 0x000002910fcc4010 code [0x000002910fcc4200, 0x000002910fcc4c98]
Event: 7833.767 Thread 0x000002911986d690 5904       4       sun.util.logging.internal.LoggingProviderImpl$JULWrapper::toJUL (40 bytes)
Event: 7834.132 Thread 0x000002911986d690 nmethod 5904 0x000002910fcb2810 code [0x000002910fcb2980, 0x000002910fcb29f8]
Event: 8961.258 Thread 0x000002911986af10 5907       3       org.gradle.launcher.daemon.server.health.DaemonMemoryStatus$1::isSatisfiedBy (64 bytes)
Event: 8961.404 Thread 0x000002911986af10 nmethod 5907 0x0000029108842790 code [0x0000029108842960, 0x0000029108842db8]
Event: 9021.826 Thread 0x000002911986d690 5918       4       org.gradle.internal.concurrent.CompositeStoppable::toStoppable (37 bytes)
Event: 9022.625 Thread 0x000002911986d690 nmethod 5918 0x000002910fcc3c90 code [0x000002910fcc3e20, 0x000002910fcc3f58]
Event: 9841.245 Thread 0x000002911986d690 5920       4       org.gradle.launcher.daemon.registry.DaemonRegistryContent$Serializer::readAddresses (137 bytes)
Event: 9841.984 Thread 0x000002911986d690 nmethod 5920 0x000002910fcc2b90 code [0x000002910fcc2d60, 0x000002910fcc3758]
Event: 9841.985 Thread 0x000002911986d690 5921       4       org.gradle.launcher.daemon.registry.DaemonRegistryContent$Serializer::readInfosMap (74 bytes)
Event: 9843.329 Thread 0x000002911986d690 nmethod 5921 0x000002910fe2a890 code [0x000002910fe2ab20, 0x000002910fe2c200]
Event: 10141.381 Thread 0x000002911986d690 5922   !   4       org.gradle.launcher.daemon.registry.PersistentDaemonRegistry::getDaemonsMatching (104 bytes)

GC Heap History (16 events):
Event: 0.582 GC heap before
{Heap before GC invocations=0 (full 0):
 garbage-first heap   total 262144K, used 28672K [0x00000000e0000000, 0x0000000100000000)
  region size 1024K, 23 young (23552K), 0 survivors (0K)
 Metaspace       used 3905K, capacity 6543K, committed 6656K, reserved 262144K
  class space    used 487K, capacity 729K, committed 768K, reserved 253952K
}
Event: 0.586 GC heap after
{Heap after GC invocations=1 (full 0):
 garbage-first heap   total 262144K, used 8620K [0x00000000e0000000, 0x0000000100000000)
  region size 1024K, 3 young (3072K), 3 survivors (3072K)
 Metaspace       used 3905K, capacity 6543K, committed 6656K, reserved 262144K
  class space    used 487K, capacity 729K, committed 768K, reserved 253952K
}
Event: 0.770 GC heap before
{Heap before GC invocations=1 (full 0):
 garbage-first heap   total 262144K, used 34220K [0x00000000e0000000, 0x0000000100000000)
  region size 1024K, 29 young (29696K), 3 survivors (3072K)
 Metaspace       used 4090K, capacity 6607K, committed 6656K, reserved 262144K
  class space    used 491K, capacity 729K, committed 768K, reserved 253952K
}
Event: 0.774 GC heap after
{Heap after GC invocations=2 (full 0):
 garbage-first heap   total 262144K, used 13344K [0x00000000e0000000, 0x0000000100000000)
  region size 1024K, 4 young (4096K), 4 survivors (4096K)
 Metaspace       used 4090K, capacity 6607K, committed 6656K, reserved 262144K
  class space    used 491K, capacity 729K, committed 768K, reserved 253952K
}
Event: 2.412 GC heap before
{Heap before GC invocations=2 (full 0):
 garbage-first heap   total 262144K, used 102432K [0x00000000e0000000, 0x0000000100000000)
  region size 1024K, 92 young (94208K), 4 survivors (4096K)
 Metaspace       used 20688K, capacity 21187K, committed 21296K, reserved 272384K
  class space    used 2985K, capacity 3141K, committed 3200K, reserved 253952K
}
Event: 2.422 GC heap after
{Heap after GC invocations=3 (full 0):
 garbage-first heap   total 262144K, used 19526K [0x00000000e0000000, 0x0000000100000000)
  region size 1024K, 10 young (10240K), 10 survivors (10240K)
 Metaspace       used 20688K, capacity 21187K, committed 21296K, reserved 272384K
  class space    used 2985K, capacity 3141K, committed 3200K, reserved 253952K
}
Event: 3.717 GC heap before
{Heap before GC invocations=4 (full 0):
 garbage-first heap   total 262144K, used 99398K [0x00000000e0000000, 0x0000000100000000)
  region size 1024K, 86 young (88064K), 10 survivors (10240K)
 Metaspace       used 35123K, capacity 35780K, committed 35888K, reserved 286720K
  class space    used 4708K, capacity 4916K, committed 4992K, reserved 253952K
}
Event: 3.730 GC heap after
{Heap after GC invocations=5 (full 0):
 garbage-first heap   total 262144K, used 26708K [0x00000000e0000000, 0x0000000100000000)
  region size 1024K, 13 young (13312K), 13 survivors (13312K)
 Metaspace       used 35123K, capacity 35780K, committed 35888K, reserved 286720K
  class space    used 4708K, capacity 4916K, committed 4992K, reserved 253952K
}
Event: 2070.194 GC heap before
{Heap before GC invocations=6 (full 0):
 garbage-first heap   total 262144K, used 162900K [0x00000000e0000000, 0x0000000100000000)
  region size 1024K, 146 young (149504K), 13 survivors (13312K)
 Metaspace       used 50043K, capacity 50955K, committed 51248K, reserved 299008K
  class space    used 6723K, capacity 6993K, committed 7040K, reserved 253952K
}
Event: 2070.212 GC heap after
{Heap after GC invocations=7 (full 0):
 garbage-first heap   total 262144K, used 34911K [0x00000000e0000000, 0x0000000100000000)
  region size 1024K, 16 young (16384K), 16 survivors (16384K)
 Metaspace       used 50043K, capacity 50955K, committed 51248K, reserved 299008K
  class space    used 6723K, capacity 6993K, committed 7040K, reserved 253952K
}
Event: 8178.848 GC heap before
{Heap before GC invocations=7 (full 0):
 garbage-first heap   total 262144K, used 175199K [0x00000000e0000000, 0x0000000100000000)
  region size 1024K, 153 young (156672K), 16 survivors (16384K)
 Metaspace       used 50113K, capacity 51019K, committed 51248K, reserved 299008K
  class space    used 6725K, capacity 6993K, committed 7040K, reserved 253952K
}
Event: 8180.913 GC heap after
{Heap after GC invocations=8 (full 0):
 garbage-first heap   total 262144K, used 33957K [0x00000000e0000000, 0x0000000100000000)
  region size 1024K, 8 young (8192K), 8 survivors (8192K)
 Metaspace       used 50113K, capacity 51019K, committed 51248K, reserved 299008K
  class space    used 6725K, capacity 6993K, committed 7040K, reserved 253952K
}
Event: 8323.776 GC heap before
{Heap before GC invocations=8 (full 0):
 garbage-first heap   total 262144K, used 38053K [0x00000000e0000000, 0x0000000100000000)
  region size 1024K, 12 young (12288K), 8 survivors (8192K)
 Metaspace       used 50113K, capacity 51019K, committed 51248K, reserved 299008K
  class space    used 6725K, capacity 6993K, committed 7040K, reserved 253952K
}
Event: 8323.972 GC heap after
{Heap after GC invocations=9 (full 0):
 garbage-first heap   total 262144K, used 34444K [0x00000000e0000000, 0x0000000100000000)
  region size 1024K, 2 young (2048K), 2 survivors (2048K)
 Metaspace       used 50113K, capacity 51019K, committed 51248K, reserved 299008K
  class space    used 6725K, capacity 6993K, committed 7040K, reserved 253952K
}
Event: 9078.263 GC heap before
{Heap before GC invocations=9 (full 0):
 garbage-first heap   total 262144K, used 54924K [0x00000000e0000000, 0x0000000100000000)
  region size 1024K, 22 young (22528K), 2 survivors (2048K)
 Metaspace       used 50113K, capacity 51019K, committed 51248K, reserved 299008K
  class space    used 6725K, capacity 6993K, committed 7040K, reserved 253952K
}
Event: 9078.366 GC heap after
{Heap after GC invocations=10 (full 0):
 garbage-first heap   total 262144K, used 33420K [0x00000000e0000000, 0x0000000100000000)
  region size 1024K, 1 young (1024K), 1 survivors (1024K)
 Metaspace       used 50113K, capacity 51019K, committed 51248K, reserved 299008K
  class space    used 6725K, capacity 6993K, committed 7040K, reserved 253952K
}

Deoptimization events (20 events):
Event: 1213.404 Thread 0x000002911a2cb800 DEOPT PACKING pc=0x0000029108700b80 sp=0x000000fb44afef20
Event: 1213.404 Thread 0x000002911a2cb800 DEOPT UNPACKING pc=0x00000291081ae23f sp=0x000000fb44afe440 mode 0
Event: 1341.383 Thread 0x000002911a2c9b20 DEOPT PACKING pc=0x000002910877c2d9 sp=0x000000fb448ff100
Event: 1341.383 Thread 0x000002911a2c9b20 DEOPT UNPACKING pc=0x00000291081ae23f sp=0x000000fb448fe620 mode 0
Event: 1341.930 Thread 0x000002911a2cb800 DEOPT PACKING pc=0x0000029108700b80 sp=0x000000fb44afef20
Event: 1341.930 Thread 0x000002911a2cb800 DEOPT UNPACKING pc=0x00000291081ae23f sp=0x000000fb44afe440 mode 0
Event: 1471.064 Thread 0x000002911a2c9b20 DEOPT PACKING pc=0x000002910877c2d9 sp=0x000000fb448ff100
Event: 1471.064 Thread 0x000002911a2c9b20 DEOPT UNPACKING pc=0x00000291081ae23f sp=0x000000fb448fe620 mode 0
Event: 1471.587 Thread 0x000002911a2cb800 DEOPT PACKING pc=0x0000029108700b80 sp=0x000000fb44afef20
Event: 1471.587 Thread 0x000002911a2cb800 DEOPT UNPACKING pc=0x00000291081ae23f sp=0x000000fb44afe440 mode 0
Event: 1602.048 Thread 0x000002911a2c9b20 DEOPT PACKING pc=0x000002910877c2d9 sp=0x000000fb448ff100
Event: 1602.048 Thread 0x000002911a2c9b20 DEOPT UNPACKING pc=0x00000291081ae23f sp=0x000000fb448fe620 mode 0
Event: 1602.600 Thread 0x000002911a2cb800 DEOPT PACKING pc=0x0000029108700b80 sp=0x000000fb44afef20
Event: 1602.600 Thread 0x000002911a2cb800 DEOPT UNPACKING pc=0x00000291081ae23f sp=0x000000fb44afe440 mode 0
Event: 4471.742 Thread 0x000002911a2c9180 Uncommon trap: trap_request=0xffffff45 fr.pc=0x000002910fd7870c relative=0x000000000000072c
Event: 4471.743 Thread 0x000002911a2c9180 Uncommon trap: reason=unstable_if action=reinterpret pc=0x000002910fd7870c method=java.io.DataInputStream.readUTF(Ljava/io/DataInput;)Ljava/lang/String; @ 31 c2
Event: 4471.743 Thread 0x000002911a2c9180 DEOPT PACKING pc=0x000002910fd7870c sp=0x000000fb443fe5f0
Event: 4471.743 Thread 0x000002911a2c9180 DEOPT UNPACKING pc=0x00000291081ae42f sp=0x000000fb443fe580 mode 2
Event: 4491.237 Thread 0x000002911a2c9180 DEOPT PACKING pc=0x000002910878751e sp=0x000000fb443fe7b0
Event: 4491.237 Thread 0x000002911a2c9180 DEOPT UNPACKING pc=0x00000291081ae23f sp=0x000000fb443fdcc0 mode 0

Classes unloaded (0 events):
No events

Classes redefined (0 events):
No events

Internal exceptions (20 events):
Event: 5.192 Thread 0x000002911a2cb800 Exception <a 'java/lang/NoSuchMethodError'{0x00000000e9bef840}: static Lorg/gradle/internal/build/event/types/AbstractTaskResult;.<clinit>()V> (0x00000000e9bef840) 
thrown [./open/src/hotspot/share/prims/jni.cpp, line 1204]
Event: 5.192 Thread 0x000002911a2cb800 Exception <a 'java/lang/NoSuchMethodError'{0x00000000e9bf0e20}: static Lorg/gradle/internal/build/event/types/AbstractResult;.<clinit>()V> (0x00000000e9bf0e20) 
thrown [./open/src/hotspot/share/prims/jni.cpp, line 1204]
Event: 5.196 Thread 0x000002911a2cb800 Exception <a 'java/lang/NoSuchMethodError'{0x00000000e9a37f20}: static [Ljava/lang/Object;.<clinit>()V> (0x00000000e9a37f20) 
thrown [./open/src/hotspot/share/prims/jni.cpp, line 1204]
Event: 5.202 Thread 0x000002911a2cb800 Exception <a 'java/lang/NoSuchMethodError'{0x00000000e9a410e8}: static Lorg/gradle/internal/build/event/types/DefaultTaskSkippedResult;.<clinit>()V> (0x00000000e9a410e8) 
thrown [./open/src/hotspot/share/prims/jni.cpp, line 1204]
Event: 5.211 Thread 0x000002911bbbf820 Exception <a 'java/lang/ClassNotFoundException'{0x00000000e9ade538}: org/gradle/api/internal/file/collections/DefaultConfigurableFileCollectionBeanInfo> (0x00000000e9ade538) 
thrown [./open/src/hotspot/share/classfile/systemDictionary.cpp, line 295]
Event: 5.211 Thread 0x000002911bbbf820 Exception <a 'java/lang/ClassNotFoundException'{0x00000000e9ae2bb0}: org/gradle/api/internal/file/CompositeFileCollectionBeanInfo> (0x00000000e9ae2bb0) 
thrown [./open/src/hotspot/share/classfile/systemDictionary.cpp, line 295]
Event: 5.211 Thread 0x000002911bbbf820 Exception <a 'java/lang/ClassNotFoundException'{0x00000000e9ae7218}: org/gradle/api/internal/file/AbstractFileCollectionBeanInfo> (0x00000000e9ae7218) 
thrown [./open/src/hotspot/share/classfile/systemDictionary.cpp, line 295]
Event: 5.212 Thread 0x000002911bbbf820 Exception <a 'java/lang/ClassNotFoundException'{0x00000000e9aebab8}: org/gradle/api/internal/file/AbstractFileCollectionCustomizer> (0x00000000e9aebab8) 
thrown [./open/src/hotspot/share/classfile/systemDictionary.cpp, line 295]
Event: 5.213 Thread 0x000002911bbbf820 Exception <a 'java/lang/ClassNotFoundException'{0x00000000e99028c8}: org/gradle/api/internal/file/CompositeFileCollectionCustomizer> (0x00000000e99028c8) 
thrown [./open/src/hotspot/share/classfile/systemDictionary.cpp, line 295]
Event: 5.215 Thread 0x000002911bbbf820 Exception <a 'java/lang/ClassNotFoundException'{0x00000000e990f4d0}: org/gradle/api/internal/file/collections/DefaultConfigurableFileCollectionCustomizer> (0x00000000e990f4d0) 
thrown [./open/src/hotspot/share/classfile/systemDictionary.cpp, line 295]
Event: 5.222 Thread 0x000002911bbbf820 Exception <a 'java/lang/ClassNotFoundException'{0x00000000e9955be8}: java/io/FileBeanInfo> (0x00000000e9955be8) 
thrown [./open/src/hotspot/share/classfile/systemDictionary.cpp, line 295]
Event: 5.222 Thread 0x000002911bbbf820 Exception <a 'java/lang/ClassNotFoundException'{0x00000000e9958760}: java/io/FileCustomizer> (0x00000000e9958760) 
thrown [./open/src/hotspot/share/classfile/systemDictionary.cpp, line 295]
Event: 5.225 Thread 0x000002911bbbf820 Implicit null exception at 0x000002910fe46971 to 0x000002910fe4ae00
Event: 5.226 Thread 0x000002911bbbf820 Implicit null exception at 0x000002910fed7bf9 to 0x000002910fed82c4
Event: 5.247 Thread 0x000002911c9b3b10 Exception <a 'java/lang/NoSuchMethodError'{0x00000000e99ea818}: 'void java.lang.invoke.DirectMethodHandle$Holder.invokeStatic(java.lang.Object, long)'> (0x00000000e99ea818) 
thrown [./open/src/hotspot/share/interpreter/linkResolver.cpp, line 782]
Event: 5.248 Thread 0x000002911c9b3b10 Exception <a 'java/lang/NoSuchMethodError'{0x00000000e99f00f0}: 'java.lang.Object java.lang.invoke.DirectMethodHandle$Holder.newInvokeSpecial(java.lang.Object, long)'> (0x00000000e99f00f0) 
thrown [./open/src/hotspot/share/interpreter/linkResolver.cpp, line 782]
Event: 5.250 Thread 0x000002911c9b3b10 Exception <a 'java/lang/NoSuchMethodError'{0x00000000e99f7288}: 'java.lang.Object java.lang.invoke.DirectMethodHandle$Holder.invokeStatic(java.lang.Object, java.lang.Object, long, java.lang.Object)'> (0x00000000e99f7288) 
thrown [./open/src/hotspot/share/interpreter/linkResolver.cpp, line 782]
Event: 5.250 Thread 0x000002911c9b3b10 Exception <a 'java/lang/NoSuchMethodError'{0x00000000e99faf28}: 'java.lang.Object java.lang.invoke.DirectMethodHandle$Holder.invokeStaticInit(java.lang.Object, java.lang.Object, long, java.lang.Object)'> (0x00000000e99faf28) 
thrown [./open/src/hotspot/share/interpreter/linkResolver.cpp, line 782]
Event: 5.251 Thread 0x000002911c9b3b10 Exception <a 'java/lang/NoSuchMethodError'{0x00000000e9801e30}: 'java.lang.Object java.lang.invoke.DirectMethodHandle$Holder.newInvokeSpecial(java.lang.Object, java.lang.Object, long)'> (0x00000000e9801e30) 
thrown [./open/src/hotspot/share/interpreter/linkResolver.cpp, line 782]
Event: 5.251 Thread 0x000002911c9b3b10 Exception <a 'java/lang/NoSuchMethodError'{0x00000000e9805ba0}: 'java.lang.Object java.lang.invoke.Invokers$Holder.linkToTargetMethod(java.lang.Object, long, java.lang.Object)'> (0x00000000e9805ba0) 
thrown [./open/src/hotspot/share/interpreter/linkResolver.cpp, line 782]

Events (20 events):
Event: 561.249 Thread 0x000002911986bff0 flushing nmethod 0x00000291090fc390
Event: 561.249 Thread 0x000002911986bff0 flushing nmethod 0x00000291090ff510
Event: 561.249 Thread 0x000002911986bff0 flushing nmethod 0x0000029109100190
Event: 561.249 Thread 0x000002911986bff0 flushing nmethod 0x0000029109106e10
Event: 561.249 Thread 0x000002911986bff0 flushing nmethod 0x0000029109107890
Event: 561.249 Thread 0x000002911986bff0 flushing nmethod 0x0000029109109590
Event: 561.249 Thread 0x000002911986bff0 flushing nmethod 0x000002910910af10
Event: 561.249 Thread 0x000002911986bff0 flushing nmethod 0x000002910910e110
Event: 561.249 Thread 0x000002911986bff0 flushing nmethod 0x0000029109113590
Event: 561.249 Thread 0x000002911986bff0 flushing nmethod 0x000002910912a090
Event: 561.249 Thread 0x000002911986bff0 flushing nmethod 0x000002910912a490
Event: 710.008 Loaded shared library C:\Program Files\Java\jdk-15.0.2\bin\java.dll
Event: 2070.194 Executing VM operation: G1CollectForAllocation
Event: 2070.212 Executing VM operation: G1CollectForAllocation done
Event: 8178.829 Executing VM operation: G1CollectForAllocation
Event: 8180.913 Executing VM operation: G1CollectForAllocation done
Event: 8323.735 Executing VM operation: G1CollectForAllocation
Event: 8323.972 Executing VM operation: G1CollectForAllocation done
Event: 9078.089 Executing VM operation: G1CollectForAllocation
Event: 9078.366 Executing VM operation: G1CollectForAllocation done


Dynamic libraries:
0x00007ff6bee40000 - 0x00007ff6bee4f000 	C:\Program Files\Java\jdk-15.0.2\bin\java.exe
0x00007ffb875d0000 - 0x00007ffb877c5000 	C:\Windows\SYSTEM32\ntdll.dll
0x00007ffb868e0000 - 0x00007ffb8699d000 	C:\Windows\System32\KERNEL32.DLL
0x00007ffb85250000 - 0x00007ffb85519000 	C:\Windows\System32\KERNELBASE.dll
0x00007ffb850b0000 - 0x00007ffb851b0000 	C:\Windows\System32\ucrtbase.dll
0x00007ffb635f0000 - 0x00007ffb63609000 	C:\Program Files\Java\jdk-15.0.2\bin\VCRUNTIME140.dll
0x00007ffb62330000 - 0x00007ffb62348000 	C:\Program Files\Java\jdk-15.0.2\bin\jli.dll
0x00007ffb87340000 - 0x00007ffb873ec000 	C:\Windows\System32\ADVAPI32.dll
0x00007ffb85700000 - 0x00007ffb8579e000 	C:\Windows\System32\msvcrt.dll
0x00007ffb85c90000 - 0x00007ffb85d2c000 	C:\Windows\System32\sechost.dll
0x00007ffb869a0000 - 0x00007ffb86acb000 	C:\Windows\System32\RPCRT4.dll
0x00007ffb873f0000 - 0x00007ffb87590000 	C:\Windows\System32\USER32.dll
0x00007ffb78730000 - 0x00007ffb789ca000 	C:\Windows\WinSxS\amd64_microsoft.windows.common-controls_6595b64144ccf1df_6.0.19041.844_none_ca00b6081b84eb1d\COMCTL32.dll
0x00007ffb84fa0000 - 0x00007ffb84fc2000 	C:\Windows\System32\win32u.dll
0x00007ffb86010000 - 0x00007ffb8603a000 	C:\Windows\System32\GDI32.dll
0x00007ffb85520000 - 0x00007ffb8562b000 	C:\Windows\System32\gdi32full.dll
0x00007ffb851b0000 - 0x00007ffb8524d000 	C:\Windows\System32\msvcp_win.dll
0x00007ffb7daa0000 - 0x00007ffb7daaa000 	C:\Windows\SYSTEM32\VERSION.dll
0x00007ffb86120000 - 0x00007ffb86150000 	C:\Windows\System32\IMM32.DLL
0x00007ffb76ba0000 - 0x00007ffb76bac000 	C:\Program Files\Java\jdk-15.0.2\bin\vcruntime140_1.dll
0x00007ffb62290000 - 0x00007ffb62321000 	C:\Program Files\Java\jdk-15.0.2\bin\msvcp140.dll
0x00007ffb0c4e0000 - 0x00007ffb0d03e000 	C:\Program Files\Java\jdk-15.0.2\bin\server\jvm.dll
0x00007ffb86ad0000 - 0x00007ffb86ad8000 	C:\Windows\System32\PSAPI.DLL
0x00007ffb74480000 - 0x00007ffb74489000 	C:\Windows\SYSTEM32\WSOCK32.dll
0x00007ffb7db60000 - 0x00007ffb7db87000 	C:\Windows\SYSTEM32\WINMM.dll
0x00007ffb860a0000 - 0x00007ffb8610b000 	C:\Windows\System32\WS2_32.dll
0x00007ffb82c50000 - 0x00007ffb82c62000 	C:\Windows\SYSTEM32\kernel.appcore.dll
0x00007ffb76a80000 - 0x00007ffb76a8a000 	C:\Program Files\Java\jdk-15.0.2\bin\jimage.dll
0x00007ffb7f0f0000 - 0x00007ffb7f2d4000 	C:\Windows\SYSTEM32\DBGHELP.DLL
0x00007ffb7cfc0000 - 0x00007ffb7cfec000 	C:\Windows\SYSTEM32\dbgcore.DLL
0x00007ffb84d10000 - 0x00007ffb84d90000 	C:\Windows\System32\bcryptPrimitives.dll
0x00007ffb62260000 - 0x00007ffb62285000 	C:\Program Files\Java\jdk-15.0.2\bin\java.dll
0x00007ffb86b90000 - 0x00007ffb872d2000 	C:\Windows\System32\SHELL32.dll
0x00007ffb82e50000 - 0x00007ffb835e0000 	C:\Windows\SYSTEM32\windows.storage.dll
0x00007ffb86320000 - 0x00007ffb86675000 	C:\Windows\System32\combase.dll
0x00007ffb846b0000 - 0x00007ffb846dc000 	C:\Windows\SYSTEM32\Wldp.dll
0x00007ffb86830000 - 0x00007ffb868de000 	C:\Windows\System32\SHCORE.dll
0x00007ffb857c0000 - 0x00007ffb85815000 	C:\Windows\System32\shlwapi.dll
0x00007ffb84c50000 - 0x00007ffb84c6f000 	C:\Windows\SYSTEM32\profapi.dll
0x00007ffb60fc0000 - 0x00007ffb60fd9000 	C:\Program Files\Java\jdk-15.0.2\bin\net.dll
0x00007ffb792b0000 - 0x00007ffb793bc000 	C:\Windows\SYSTEM32\WINHTTP.dll
0x00007ffb843d0000 - 0x00007ffb8443a000 	C:\Windows\system32\mswsock.dll
0x00007ffb60fa0000 - 0x00007ffb60fb2000 	C:\Program Files\Java\jdk-15.0.2\bin\nio.dll
0x00007ffb60f80000 - 0x00007ffb60f98000 	C:\Program Files\Java\jdk-15.0.2\bin\zip.dll
0x00007ffb673c0000 - 0x00007ffb673d0000 	C:\Program Files\Java\jdk-15.0.2\bin\verify.dll
0x00007ffb76940000 - 0x00007ffb76966000 	C:\Users\Pichau\.gradle\native\fdc75f09e3144964f2cf3f50f0aa648679c211496f362492102eb8c894070792\windows-amd64\native-platform.dll
0x00007ffb5c510000 - 0x00007ffb5c6a1000 	C:\Users\Pichau\.gradle\native\12488b8bf47d2d4c9fbf2f6322a914ad602e24e48041cd04a747c6da556b65c4\windows-amd64\native-platform-file-events.dll
0x00007ffb66fa0000 - 0x00007ffb66fa9000 	C:\Program Files\Java\jdk-15.0.2\bin\management.dll
0x00007ffb66df0000 - 0x00007ffb66dfb000 	C:\Program Files\Java\jdk-15.0.2\bin\management_ext.dll
0x00007ffb846f0000 - 0x00007ffb84708000 	C:\Windows\SYSTEM32\CRYPTSP.dll
0x00007ffb83d90000 - 0x00007ffb83dc4000 	C:\Windows\system32\rsaenh.dll
0x00007ffb84fd0000 - 0x00007ffb84ff7000 	C:\Windows\System32\bcrypt.dll
0x00007ffb84bd0000 - 0x00007ffb84bfe000 	C:\Windows\SYSTEM32\USERENV.dll
0x00007ffb84550000 - 0x00007ffb8455c000 	C:\Windows\SYSTEM32\CRYPTBASE.dll
0x00007ffb840e0000 - 0x00007ffb8411b000 	C:\Windows\SYSTEM32\IPHLPAPI.DLL
0x00007ffb861e0000 - 0x00007ffb861e8000 	C:\Windows\System32\NSI.dll
0x00007ffb7f070000 - 0x00007ffb7f087000 	C:\Windows\SYSTEM32\dhcpcsvc6.DLL
0x00007ffb7f050000 - 0x00007ffb7f06d000 	C:\Windows\SYSTEM32\dhcpcsvc.DLL
0x00007ffb84120000 - 0x00007ffb841eb000 	C:\Windows\SYSTEM32\DNSAPI.dll
0x00007ffb7fd20000 - 0x00007ffb7fd2b000 	C:\Windows\SYSTEM32\WINNSI.DLL

dbghelp: loaded successfully - version: 4.0.5 - missing functions: none
symbol engine: initialized successfully - sym options: 0x614 - pdb path: .;C:\Program Files\Java\jdk-15.0.2\bin;C:\Windows\SYSTEM32;C:\Windows\WinSxS\amd64_microsoft.windows.common-controls_6595b64144ccf1df_6.0.19041.844_none_ca00b6081b84eb1d;C:\Program Files\Java\jdk-15.0.2\bin\server;C:\Users\Pichau\.gradle\native\fdc75f09e3144964f2cf3f50f0aa648679c211496f362492102eb8c894070792\windows-amd64;C:\Users\Pichau\.gradle\native\12488b8bf47d2d4c9fbf2f6322a914ad602e24e48041cd04a747c6da556b65c4\windows-amd64

VM Arguments:
jvm_args: --add-opens=java.base/java.util=ALL-UNNAMED --add-opens=java.base/java.lang=ALL-UNNAMED --add-opens=java.base/java.lang.invoke=ALL-UNNAMED --add-opens=java.prefs/java.util.prefs=ALL-UNNAMED -XX:MaxMetaspaceSize=256m -XX:+HeapDumpOnOutOfMemoryError -Xms256m -Xmx512m -Dfile.encoding=windows-1252 -Duser.country=BR -Duser.language=pt -Duser.variant 
java_command: org.gradle.launcher.daemon.bootstrap.GradleDaemon 6.7
java_class_path (initial): C:\Users\Pichau\.gradle\wrapper\dists\gradle-6.7-bin\efvqh8uyq79v2n7rcncuhu9sv\gradle-6.7\lib\gradle-launcher-6.7.jar
Launcher Type: SUN_STANDARD

[Global flags]
     intx CICompilerCount                          = 4                                         {product} {ergonomic}
   size_t CompressedClassSpaceSize                 = 260046848                                 {product} {ergonomic}
     uint ConcGCThreads                            = 2                                         {product} {ergonomic}
     uint G1ConcRefinementThreads                  = 8                                         {product} {ergonomic}
   size_t G1HeapRegionSize                         = 1048576                                   {product} {ergonomic}
    uintx GCDrainStackTargetSize                   = 64                                        {product} {ergonomic}
     bool HeapDumpOnOutOfMemoryError               = true                                   {manageable} {command line}
   size_t InitialHeapSize                          = 268435456                                 {product} {command line}
   size_t MarkStackSize                            = 4194304                                   {product} {ergonomic}
   size_t MaxHeapSize                              = 536870912                                 {product} {command line}
   size_t MaxMetaspaceSize                         = 268435456                                 {product} {command line}
   size_t MaxNewSize                               = 321912832                                 {product} {ergonomic}
   size_t MinHeapDeltaBytes                        = 1048576                                   {product} {ergonomic}
   size_t MinHeapSize                              = 268435456                                 {product} {command line}
    uintx NonNMethodCodeHeapSize                   = 5839372                                {pd product} {ergonomic}
    uintx NonProfiledCodeHeapSize                  = 122909434                              {pd product} {ergonomic}
    uintx ProfiledCodeHeapSize                     = 122909434                              {pd product} {ergonomic}
    uintx ReservedCodeCacheSize                    = 251658240                              {pd product} {ergonomic}
     bool SegmentedCodeCache                       = true                                      {product} {ergonomic}
   size_t SoftMaxHeapSize                          = 536870912                              {manageable} {ergonomic}
     bool UseCompressedClassPointers               = true                                 {lp64_product} {ergonomic}
     bool UseCompressedOops                        = true                                 {lp64_product} {ergonomic}
     bool UseG1GC                                  = true                                      {product} {ergonomic}
     bool UseLargePagesIndividualAllocation        = false                                  {pd product} {ergonomic}

Logging:
Log output configuration:
 #0: stdout all=warning uptime,level,tags
 #1: stderr all=off uptime,level,tags

Environment Variables:
JAVA_HOME=C:\Program Files\Java\jdk-15.0.2\
PATH=C:\Program Files\Common Files\Oracle\Java\javapath;C:\Program Files (x86)\Common Files\Oracle\Java\javapath;C:\Program Files (x86)\VMware\VMware Player\bin\;C:\Windows\system32;C:\Windows;C:\Windows\System32\Wbem;C:\Windows\System32\WindowsPowerShell\v1.0\;C:\Windows\System32\OpenSSH\;C:\Users\Pichau\Desktop\Matlab\runtime\win64;C:\Users\Pichau\Desktop\Matlab\bin;C:\Users\Pichau\Desktop\Matlab\polyspace\bin;C:\Program Files\dotnet\;C:\Program Files\Microsoft SQL Server\130\Tools\Binn\;C:\Program Files\Microsoft SQL Server\Client SDK\ODBC\170\Tools\Binn\;C:\Program Files\Git\cmd;JAVA_HOME;C:\gradle-4.7\bin;C:\apache-maven-3.6.3\bin;;C:\Program Files\Docker\Docker\resources\bin;C:\ProgramData\DockerDesktop\version-bin;C:\Users\Pichau\AppData\Local\Microsoft\WindowsApps;;C:\Users\Pichau\AppData\Local\Programs\Microsoft VS Code\bin;C:\Users\Pichau\.dotnet\tools
USERNAME=Pichau
OS=Windows_NT
PROCESSOR_IDENTIFIER=AMD64 Family 23 Model 24 Stepping 1, AuthenticAMD



---------------  S Y S T E M  ---------------

OS:
 Windows 10 , 64 bit Build 19041 (10.0.19041.804)
OS uptime: 1 days 14:11 hours
HyperV virtualization detected

CPU: total 8 (initial active 8) (8 cores per cpu, 2 threads per core) family 23 model 24 stepping 1 microcode 0x0, cmov, cx8, fxsr, mmx, sse, sse2, sse3, ssse3, sse4.1, sse4.2, popcnt, vzeroupper, avx, avx2, aes, clmul, 3dnowpref, lzcnt, sse4a, ht, tsc, tscinvbit, tscinv, bmi1, bmi2, adx, sha, fma, clflush, clflushopt

Memory: 4k page, system-wide physical 8123M (566M free)
TotalPageFile size 32699M (AvailPageFile size 479M)
current process WorkingSet (physical memory assigned to process): 90M, peak: 322M
current process commit charge ("private bytes"): 477M, peak: 493M

vm_info: Java HotSpot(TM) 64-Bit Server VM (15.0.2+7-27) for windows-amd64 JRE (15.0.2+7-27), built on Dec  7 2020 20:07:01 by "mach5one" with unknown MS VC++:1925

END.
